[2025-09-23 11:38:56] local.INFO: the project process has started {"process":"[permissions]","0":"eef24a7","function":"handle","file":"Index.php","line":68,"path":"/home/neosao-sdabocconicrm/htdocs/sdabocconicrm.neosao.co.in/application/app/Http/Middleware/Notes/Index.php","project_id":1} 
[2025-09-23 11:39:07] local.INFO: the project process has started {"process":"[permissions]","0":"9240c17","function":"handle","file":"Index.php","line":68,"path":"/home/neosao-sdabocconicrm/htdocs/sdabocconicrm.neosao.co.in/application/app/Http/Middleware/Notes/Index.php","project_id":1} 
[2025-09-23 11:39:09] local.INFO: the project process has started {"process":"[permissions]","0":"74567fb","function":"handle","file":"Index.php","line":68,"path":"/home/neosao-sdabocconicrm/htdocs/sdabocconicrm.neosao.co.in/application/app/Http/Middleware/Notes/Index.php","project_id":1} 
[2025-09-23 11:50:10] local.ERROR: Undefined variable $billing {"userId":1,"exception":"[object] (ErrorException(code: 0): Undefined variable $billing at /home/neosao-sdabocconicrm/htdocs/sdabocconicrm.neosao.co.in/application/app/Http/Controllers/Settings/Emailtemplates.php:77)
[stacktrace]
#0 /home/neosao-sdabocconicrm/htdocs/sdabocconicrm.neosao.co.in/application/vendor/laravel/framework/src/Illuminate/Foundation/Bootstrap/HandleExceptions.php(256): Illuminate\\Foundation\\Bootstrap\\HandleExceptions->handleError()
#1 /home/neosao-sdabocconicrm/htdocs/sdabocconicrm.neosao.co.in/application/app/Http/Controllers/Settings/Emailtemplates.php(77): Illuminate\\Foundation\\Bootstrap\\HandleExceptions->Illuminate\\Foundation\\Bootstrap\\{closure}()
#2 /home/neosao-sdabocconicrm/htdocs/sdabocconicrm.neosao.co.in/application/vendor/laravel/framework/src/Illuminate/Routing/Controller.php(54): App\\Http\\Controllers\\Settings\\Emailtemplates->index()
#3 /home/neosao-sdabocconicrm/htdocs/sdabocconicrm.neosao.co.in/application/vendor/laravel/framework/src/Illuminate/Routing/ControllerDispatcher.php(43): Illuminate\\Routing\\Controller->callAction()
#4 /home/neosao-sdabocconicrm/htdocs/sdabocconicrm.neosao.co.in/application/vendor/laravel/framework/src/Illuminate/Routing/Route.php(260): Illuminate\\Routing\\ControllerDispatcher->dispatch()
#5 /home/neosao-sdabocconicrm/htdocs/sdabocconicrm.neosao.co.in/application/vendor/laravel/framework/src/Illuminate/Routing/Route.php(206): Illuminate\\Routing\\Route->runController()
#6 /home/neosao-sdabocconicrm/htdocs/sdabocconicrm.neosao.co.in/application/vendor/laravel/framework/src/Illuminate/Routing/Router.php(806): Illuminate\\Routing\\Route->run()
#7 /home/neosao-sdabocconicrm/htdocs/sdabocconicrm.neosao.co.in/application/vendor/laravel/framework/src/Illuminate/Pipeline/Pipeline.php(144): Illuminate\\Routing\\Router->Illuminate\\Routing\\{closure}()
#8 /home/neosao-sdabocconicrm/htdocs/sdabocconicrm.neosao.co.in/application/app/Http/Middleware/Settings/Index.php(39): Illuminate\\Pipeline\\Pipeline->Illuminate\\Pipeline\\{closure}()
#9 /home/neosao-sdabocconicrm/htdocs/sdabocconicrm.neosao.co.in/application/vendor/laravel/framework/src/Illuminate/Pipeline/Pipeline.php(183): App\\Http\\Middleware\\Settings\\Index->handle()
#10 /home/neosao-sdabocconicrm/htdocs/sdabocconicrm.neosao.co.in/application/app/Http/Middleware/Modules/Menus.php(34): Illuminate\\Pipeline\\Pipeline->Illuminate\\Pipeline\\{closure}()
#11 /home/neosao-sdabocconicrm/htdocs/sdabocconicrm.neosao.co.in/application/vendor/laravel/framework/src/Illuminate/Pipeline/Pipeline.php(183): App\\Http\\Middleware\\Modules\\Menus->handle()
#12 /home/neosao-sdabocconicrm/htdocs/sdabocconicrm.neosao.co.in/application/app/Http/Middleware/Modules/Visibility.php(50): Illuminate\\Pipeline\\Pipeline->Illuminate\\Pipeline\\{closure}()
#13 /home/neosao-sdabocconicrm/htdocs/sdabocconicrm.neosao.co.in/application/vendor/laravel/framework/src/Illuminate/Pipeline/Pipeline.php(183): App\\Http\\Middleware\\Modules\\Visibility->handle()
#14 /home/neosao-sdabocconicrm/htdocs/sdabocconicrm.neosao.co.in/application/app/Http/Middleware/Modules/Status.php(54): Illuminate\\Pipeline\\Pipeline->Illuminate\\Pipeline\\{closure}()
#15 /home/neosao-sdabocconicrm/htdocs/sdabocconicrm.neosao.co.in/application/vendor/laravel/framework/src/Illuminate/Pipeline/Pipeline.php(183): App\\Http\\Middleware\\Modules\\Status->handle()
#16 /home/neosao-sdabocconicrm/htdocs/sdabocconicrm.neosao.co.in/application/app/Http/Middleware/General/General.php(103): Illuminate\\Pipeline\\Pipeline->Illuminate\\Pipeline\\{closure}()
#17 /home/neosao-sdabocconicrm/htdocs/sdabocconicrm.neosao.co.in/application/vendor/laravel/framework/src/Illuminate/Pipeline/Pipeline.php(183): App\\Http\\Middleware\\General\\General->handle()
#18 /home/neosao-sdabocconicrm/htdocs/sdabocconicrm.neosao.co.in/application/app/Http/Middleware/General/SanityCheck.php(45): Illuminate\\Pipeline\\Pipeline->Illuminate\\Pipeline\\{closure}()
#19 /home/neosao-sdabocconicrm/htdocs/sdabocconicrm.neosao.co.in/application/vendor/laravel/framework/src/Illuminate/Pipeline/Pipeline.php(183): App\\Http\\Middleware\\General\\SanityCheck->handle()
#20 /home/neosao-sdabocconicrm/htdocs/sdabocconicrm.neosao.co.in/application/app/Http/Middleware/General/Settings.php(60): Illuminate\\Pipeline\\Pipeline->Illuminate\\Pipeline\\{closure}()
#21 /home/neosao-sdabocconicrm/htdocs/sdabocconicrm.neosao.co.in/application/vendor/laravel/framework/src/Illuminate/Pipeline/Pipeline.php(183): App\\Http\\Middleware\\General\\Settings->handle()
#22 /home/neosao-sdabocconicrm/htdocs/sdabocconicrm.neosao.co.in/application/app/Http/Middleware/General/BootMail.php(37): Illuminate\\Pipeline\\Pipeline->Illuminate\\Pipeline\\{closure}()
#23 /home/neosao-sdabocconicrm/htdocs/sdabocconicrm.neosao.co.in/application/vendor/laravel/framework/src/Illuminate/Pipeline/Pipeline.php(183): App\\Http\\Middleware\\General\\BootMail->handle()
#24 /home/neosao-sdabocconicrm/htdocs/sdabocconicrm.neosao.co.in/application/app/Http/Middleware/General/BootTheme.php(28): Illuminate\\Pipeline\\Pipeline->Illuminate\\Pipeline\\{closure}()
#25 /home/neosao-sdabocconicrm/htdocs/sdabocconicrm.neosao.co.in/application/vendor/laravel/framework/src/Illuminate/Pipeline/Pipeline.php(183): App\\Http\\Middleware\\General\\BootTheme->handle()
#26 /home/neosao-sdabocconicrm/htdocs/sdabocconicrm.neosao.co.in/application/app/Http/Middleware/General/BootSystem.php(33): Illuminate\\Pipeline\\Pipeline->Illuminate\\Pipeline\\{closure}()
#27 /home/neosao-sdabocconicrm/htdocs/sdabocconicrm.neosao.co.in/application/vendor/laravel/framework/src/Illuminate/Pipeline/Pipeline.php(183): App\\Http\\Middleware\\General\\BootSystem->handle()
#28 /home/neosao-sdabocconicrm/htdocs/sdabocconicrm.neosao.co.in/application/vendor/laravel/framework/src/Illuminate/Routing/Middleware/SubstituteBindings.php(50): Illuminate\\Pipeline\\Pipeline->Illuminate\\Pipeline\\{closure}()
#29 /home/neosao-sdabocconicrm/htdocs/sdabocconicrm.neosao.co.in/application/vendor/laravel/framework/src/Illuminate/Pipeline/Pipeline.php(183): Illuminate\\Routing\\Middleware\\SubstituteBindings->handle()
#30 /home/neosao-sdabocconicrm/htdocs/sdabocconicrm.neosao.co.in/application/vendor/laravel/framework/src/Illuminate/Auth/Middleware/Authenticate.php(64): Illuminate\\Pipeline\\Pipeline->Illuminate\\Pipeline\\{closure}()
#31 /home/neosao-sdabocconicrm/htdocs/sdabocconicrm.neosao.co.in/application/vendor/laravel/framework/src/Illuminate/Pipeline/Pipeline.php(183): Illuminate\\Auth\\Middleware\\Authenticate->handle()
#32 /home/neosao-sdabocconicrm/htdocs/sdabocconicrm.neosao.co.in/application/vendor/laravel/framework/src/Illuminate/Foundation/Http/Middleware/VerifyCsrfToken.php(88): Illuminate\\Pipeline\\Pipeline->Illuminate\\Pipeline\\{closure}()
#33 /home/neosao-sdabocconicrm/htdocs/sdabocconicrm.neosao.co.in/application/vendor/laravel/framework/src/Illuminate/Pipeline/Pipeline.php(183): Illuminate\\Foundation\\Http\\Middleware\\VerifyCsrfToken->handle()
#34 /home/neosao-sdabocconicrm/htdocs/sdabocconicrm.neosao.co.in/application/vendor/laravel/framework/src/Illuminate/View/Middleware/ShareErrorsFromSession.php(49): Illuminate\\Pipeline\\Pipeline->Illuminate\\Pipeline\\{closure}()
#35 /home/neosao-sdabocconicrm/htdocs/sdabocconicrm.neosao.co.in/application/vendor/laravel/framework/src/Illuminate/Pipeline/Pipeline.php(183): Illuminate\\View\\Middleware\\ShareErrorsFromSession->handle()
#36 /home/neosao-sdabocconicrm/htdocs/sdabocconicrm.neosao.co.in/application/vendor/laravel/framework/src/Illuminate/Session/Middleware/StartSession.php(121): Illuminate\\Pipeline\\Pipeline->Illuminate\\Pipeline\\{closure}()
#37 /home/neosao-sdabocconicrm/htdocs/sdabocconicrm.neosao.co.in/application/vendor/laravel/framework/src/Illuminate/Session/Middleware/StartSession.php(64): Illuminate\\Session\\Middleware\\StartSession->handleStatefulRequest()
#38 /home/neosao-sdabocconicrm/htdocs/sdabocconicrm.neosao.co.in/application/vendor/laravel/framework/src/Illuminate/Pipeline/Pipeline.php(183): Illuminate\\Session\\Middleware\\StartSession->handle()
#39 /home/neosao-sdabocconicrm/htdocs/sdabocconicrm.neosao.co.in/application/vendor/laravel/framework/src/Illuminate/Cookie/Middleware/AddQueuedCookiesToResponse.php(37): Illuminate\\Pipeline\\Pipeline->Illuminate\\Pipeline\\{closure}()
#40 /home/neosao-sdabocconicrm/htdocs/sdabocconicrm.neosao.co.in/application/vendor/laravel/framework/src/Illuminate/Pipeline/Pipeline.php(183): Illuminate\\Cookie\\Middleware\\AddQueuedCookiesToResponse->handle()
#41 /home/neosao-sdabocconicrm/htdocs/sdabocconicrm.neosao.co.in/application/vendor/laravel/framework/src/Illuminate/Cookie/Middleware/EncryptCookies.php(75): Illuminate\\Pipeline\\Pipeline->Illuminate\\Pipeline\\{closure}()
#42 /home/neosao-sdabocconicrm/htdocs/sdabocconicrm.neosao.co.in/application/vendor/laravel/framework/src/Illuminate/Pipeline/Pipeline.php(183): Illuminate\\Cookie\\Middleware\\EncryptCookies->handle()
#43 /home/neosao-sdabocconicrm/htdocs/sdabocconicrm.neosao.co.in/application/vendor/laravel/framework/src/Illuminate/Pipeline/Pipeline.php(119): Illuminate\\Pipeline\\Pipeline->Illuminate\\Pipeline\\{closure}()
#44 /home/neosao-sdabocconicrm/htdocs/sdabocconicrm.neosao.co.in/application/vendor/laravel/framework/src/Illuminate/Routing/Router.php(805): Illuminate\\Pipeline\\Pipeline->then()
#45 /home/neosao-sdabocconicrm/htdocs/sdabocconicrm.neosao.co.in/application/vendor/laravel/framework/src/Illuminate/Routing/Router.php(784): Illuminate\\Routing\\Router->runRouteWithinStack()
#46 /home/neosao-sdabocconicrm/htdocs/sdabocconicrm.neosao.co.in/application/vendor/laravel/framework/src/Illuminate/Routing/Router.php(748): Illuminate\\Routing\\Router->runRoute()
#47 /home/neosao-sdabocconicrm/htdocs/sdabocconicrm.neosao.co.in/application/vendor/laravel/framework/src/Illuminate/Routing/Router.php(737): Illuminate\\Routing\\Router->dispatchToRoute()
#48 /home/neosao-sdabocconicrm/htdocs/sdabocconicrm.neosao.co.in/application/vendor/laravel/framework/src/Illuminate/Foundation/Http/Kernel.php(200): Illuminate\\Routing\\Router->dispatch()
#49 /home/neosao-sdabocconicrm/htdocs/sdabocconicrm.neosao.co.in/application/vendor/laravel/framework/src/Illuminate/Pipeline/Pipeline.php(144): Illuminate\\Foundation\\Http\\Kernel->Illuminate\\Foundation\\Http\\{closure}()
#50 /home/neosao-sdabocconicrm/htdocs/sdabocconicrm.neosao.co.in/application/vendor/barryvdh/laravel-debugbar/src/Middleware/InjectDebugbar.php(59): Illuminate\\Pipeline\\Pipeline->Illuminate\\Pipeline\\{closure}()
#51 /home/neosao-sdabocconicrm/htdocs/sdabocconicrm.neosao.co.in/application/vendor/laravel/framework/src/Illuminate/Pipeline/Pipeline.php(183): Barryvdh\\Debugbar\\Middleware\\InjectDebugbar->handle()
#52 /home/neosao-sdabocconicrm/htdocs/sdabocconicrm.neosao.co.in/application/vendor/laravel/framework/src/Illuminate/Foundation/Http/Middleware/TransformsRequest.php(21): Illuminate\\Pipeline\\Pipeline->Illuminate\\Pipeline\\{closure}()
#53 /home/neosao-sdabocconicrm/htdocs/sdabocconicrm.neosao.co.in/application/vendor/laravel/framework/src/Illuminate/Foundation/Http/Middleware/ConvertEmptyStringsToNull.php(31): Illuminate\\Foundation\\Http\\Middleware\\TransformsRequest->handle()
#54 /home/neosao-sdabocconicrm/htdocs/sdabocconicrm.neosao.co.in/application/vendor/laravel/framework/src/Illuminate/Pipeline/Pipeline.php(183): Illuminate\\Foundation\\Http\\Middleware\\ConvertEmptyStringsToNull->handle()
#55 /home/neosao-sdabocconicrm/htdocs/sdabocconicrm.neosao.co.in/application/vendor/laravel/framework/src/Illuminate/Foundation/Http/Middleware/TransformsRequest.php(21): Illuminate\\Pipeline\\Pipeline->Illuminate\\Pipeline\\{closure}()
#56 /home/neosao-sdabocconicrm/htdocs/sdabocconicrm.neosao.co.in/application/vendor/laravel/framework/src/Illuminate/Foundation/Http/Middleware/TrimStrings.php(51): Illuminate\\Foundation\\Http\\Middleware\\TransformsRequest->handle()
#57 /home/neosao-sdabocconicrm/htdocs/sdabocconicrm.neosao.co.in/application/vendor/laravel/framework/src/Illuminate/Pipeline/Pipeline.php(183): Illuminate\\Foundation\\Http\\Middleware\\TrimStrings->handle()
#58 /home/neosao-sdabocconicrm/htdocs/sdabocconicrm.neosao.co.in/application/vendor/laravel/framework/src/Illuminate/Http/Middleware/ValidatePostSize.php(27): Illuminate\\Pipeline\\Pipeline->Illuminate\\Pipeline\\{closure}()
#59 /home/neosao-sdabocconicrm/htdocs/sdabocconicrm.neosao.co.in/application/vendor/laravel/framework/src/Illuminate/Pipeline/Pipeline.php(183): Illuminate\\Http\\Middleware\\ValidatePostSize->handle()
#60 /home/neosao-sdabocconicrm/htdocs/sdabocconicrm.neosao.co.in/application/vendor/laravel/framework/src/Illuminate/Foundation/Http/Middleware/PreventRequestsDuringMaintenance.php(110): Illuminate\\Pipeline\\Pipeline->Illuminate\\Pipeline\\{closure}()
#61 /home/neosao-sdabocconicrm/htdocs/sdabocconicrm.neosao.co.in/application/vendor/laravel/framework/src/Illuminate/Pipeline/Pipeline.php(183): Illuminate\\Foundation\\Http\\Middleware\\PreventRequestsDuringMaintenance->handle()
#62 /home/neosao-sdabocconicrm/htdocs/sdabocconicrm.neosao.co.in/application/vendor/laravel/framework/src/Illuminate/Pipeline/Pipeline.php(119): Illuminate\\Pipeline\\Pipeline->Illuminate\\Pipeline\\{closure}()
#63 /home/neosao-sdabocconicrm/htdocs/sdabocconicrm.neosao.co.in/application/vendor/laravel/framework/src/Illuminate/Foundation/Http/Kernel.php(175): Illuminate\\Pipeline\\Pipeline->then()
#64 /home/neosao-sdabocconicrm/htdocs/sdabocconicrm.neosao.co.in/application/vendor/laravel/framework/src/Illuminate/Foundation/Http/Kernel.php(144): Illuminate\\Foundation\\Http\\Kernel->sendRequestThroughRouter()
#65 /home/neosao-sdabocconicrm/htdocs/sdabocconicrm.neosao.co.in/index.php(90): Illuminate\\Foundation\\Http\\Kernel->handle()
#66 {main}
"} 
[2025-09-23 11:50:15] local.ERROR: Undefined variable $billing {"userId":1,"exception":"[object] (ErrorException(code: 0): Undefined variable $billing at /home/neosao-sdabocconicrm/htdocs/sdabocconicrm.neosao.co.in/application/app/Http/Controllers/Settings/Emailtemplates.php:77)
[stacktrace]
#0 /home/neosao-sdabocconicrm/htdocs/sdabocconicrm.neosao.co.in/application/vendor/laravel/framework/src/Illuminate/Foundation/Bootstrap/HandleExceptions.php(256): Illuminate\\Foundation\\Bootstrap\\HandleExceptions->handleError()
#1 /home/neosao-sdabocconicrm/htdocs/sdabocconicrm.neosao.co.in/application/app/Http/Controllers/Settings/Emailtemplates.php(77): Illuminate\\Foundation\\Bootstrap\\HandleExceptions->Illuminate\\Foundation\\Bootstrap\\{closure}()
#2 /home/neosao-sdabocconicrm/htdocs/sdabocconicrm.neosao.co.in/application/vendor/laravel/framework/src/Illuminate/Routing/Controller.php(54): App\\Http\\Controllers\\Settings\\Emailtemplates->index()
#3 /home/neosao-sdabocconicrm/htdocs/sdabocconicrm.neosao.co.in/application/vendor/laravel/framework/src/Illuminate/Routing/ControllerDispatcher.php(43): Illuminate\\Routing\\Controller->callAction()
#4 /home/neosao-sdabocconicrm/htdocs/sdabocconicrm.neosao.co.in/application/vendor/laravel/framework/src/Illuminate/Routing/Route.php(260): Illuminate\\Routing\\ControllerDispatcher->dispatch()
#5 /home/neosao-sdabocconicrm/htdocs/sdabocconicrm.neosao.co.in/application/vendor/laravel/framework/src/Illuminate/Routing/Route.php(206): Illuminate\\Routing\\Route->runController()
#6 /home/neosao-sdabocconicrm/htdocs/sdabocconicrm.neosao.co.in/application/vendor/laravel/framework/src/Illuminate/Routing/Router.php(806): Illuminate\\Routing\\Route->run()
#7 /home/neosao-sdabocconicrm/htdocs/sdabocconicrm.neosao.co.in/application/vendor/laravel/framework/src/Illuminate/Pipeline/Pipeline.php(144): Illuminate\\Routing\\Router->Illuminate\\Routing\\{closure}()
#8 /home/neosao-sdabocconicrm/htdocs/sdabocconicrm.neosao.co.in/application/app/Http/Middleware/Settings/Index.php(39): Illuminate\\Pipeline\\Pipeline->Illuminate\\Pipeline\\{closure}()
#9 /home/neosao-sdabocconicrm/htdocs/sdabocconicrm.neosao.co.in/application/vendor/laravel/framework/src/Illuminate/Pipeline/Pipeline.php(183): App\\Http\\Middleware\\Settings\\Index->handle()
#10 /home/neosao-sdabocconicrm/htdocs/sdabocconicrm.neosao.co.in/application/app/Http/Middleware/Modules/Menus.php(34): Illuminate\\Pipeline\\Pipeline->Illuminate\\Pipeline\\{closure}()
#11 /home/neosao-sdabocconicrm/htdocs/sdabocconicrm.neosao.co.in/application/vendor/laravel/framework/src/Illuminate/Pipeline/Pipeline.php(183): App\\Http\\Middleware\\Modules\\Menus->handle()
#12 /home/neosao-sdabocconicrm/htdocs/sdabocconicrm.neosao.co.in/application/app/Http/Middleware/Modules/Visibility.php(50): Illuminate\\Pipeline\\Pipeline->Illuminate\\Pipeline\\{closure}()
#13 /home/neosao-sdabocconicrm/htdocs/sdabocconicrm.neosao.co.in/application/vendor/laravel/framework/src/Illuminate/Pipeline/Pipeline.php(183): App\\Http\\Middleware\\Modules\\Visibility->handle()
#14 /home/neosao-sdabocconicrm/htdocs/sdabocconicrm.neosao.co.in/application/app/Http/Middleware/Modules/Status.php(54): Illuminate\\Pipeline\\Pipeline->Illuminate\\Pipeline\\{closure}()
#15 /home/neosao-sdabocconicrm/htdocs/sdabocconicrm.neosao.co.in/application/vendor/laravel/framework/src/Illuminate/Pipeline/Pipeline.php(183): App\\Http\\Middleware\\Modules\\Status->handle()
#16 /home/neosao-sdabocconicrm/htdocs/sdabocconicrm.neosao.co.in/application/app/Http/Middleware/General/General.php(103): Illuminate\\Pipeline\\Pipeline->Illuminate\\Pipeline\\{closure}()
#17 /home/neosao-sdabocconicrm/htdocs/sdabocconicrm.neosao.co.in/application/vendor/laravel/framework/src/Illuminate/Pipeline/Pipeline.php(183): App\\Http\\Middleware\\General\\General->handle()
#18 /home/neosao-sdabocconicrm/htdocs/sdabocconicrm.neosao.co.in/application/app/Http/Middleware/General/SanityCheck.php(45): Illuminate\\Pipeline\\Pipeline->Illuminate\\Pipeline\\{closure}()
#19 /home/neosao-sdabocconicrm/htdocs/sdabocconicrm.neosao.co.in/application/vendor/laravel/framework/src/Illuminate/Pipeline/Pipeline.php(183): App\\Http\\Middleware\\General\\SanityCheck->handle()
#20 /home/neosao-sdabocconicrm/htdocs/sdabocconicrm.neosao.co.in/application/app/Http/Middleware/General/Settings.php(60): Illuminate\\Pipeline\\Pipeline->Illuminate\\Pipeline\\{closure}()
#21 /home/neosao-sdabocconicrm/htdocs/sdabocconicrm.neosao.co.in/application/vendor/laravel/framework/src/Illuminate/Pipeline/Pipeline.php(183): App\\Http\\Middleware\\General\\Settings->handle()
#22 /home/neosao-sdabocconicrm/htdocs/sdabocconicrm.neosao.co.in/application/app/Http/Middleware/General/BootMail.php(37): Illuminate\\Pipeline\\Pipeline->Illuminate\\Pipeline\\{closure}()
#23 /home/neosao-sdabocconicrm/htdocs/sdabocconicrm.neosao.co.in/application/vendor/laravel/framework/src/Illuminate/Pipeline/Pipeline.php(183): App\\Http\\Middleware\\General\\BootMail->handle()
#24 /home/neosao-sdabocconicrm/htdocs/sdabocconicrm.neosao.co.in/application/app/Http/Middleware/General/BootTheme.php(28): Illuminate\\Pipeline\\Pipeline->Illuminate\\Pipeline\\{closure}()
#25 /home/neosao-sdabocconicrm/htdocs/sdabocconicrm.neosao.co.in/application/vendor/laravel/framework/src/Illuminate/Pipeline/Pipeline.php(183): App\\Http\\Middleware\\General\\BootTheme->handle()
#26 /home/neosao-sdabocconicrm/htdocs/sdabocconicrm.neosao.co.in/application/app/Http/Middleware/General/BootSystem.php(33): Illuminate\\Pipeline\\Pipeline->Illuminate\\Pipeline\\{closure}()
#27 /home/neosao-sdabocconicrm/htdocs/sdabocconicrm.neosao.co.in/application/vendor/laravel/framework/src/Illuminate/Pipeline/Pipeline.php(183): App\\Http\\Middleware\\General\\BootSystem->handle()
#28 /home/neosao-sdabocconicrm/htdocs/sdabocconicrm.neosao.co.in/application/vendor/laravel/framework/src/Illuminate/Routing/Middleware/SubstituteBindings.php(50): Illuminate\\Pipeline\\Pipeline->Illuminate\\Pipeline\\{closure}()
#29 /home/neosao-sdabocconicrm/htdocs/sdabocconicrm.neosao.co.in/application/vendor/laravel/framework/src/Illuminate/Pipeline/Pipeline.php(183): Illuminate\\Routing\\Middleware\\SubstituteBindings->handle()
#30 /home/neosao-sdabocconicrm/htdocs/sdabocconicrm.neosao.co.in/application/vendor/laravel/framework/src/Illuminate/Auth/Middleware/Authenticate.php(64): Illuminate\\Pipeline\\Pipeline->Illuminate\\Pipeline\\{closure}()
#31 /home/neosao-sdabocconicrm/htdocs/sdabocconicrm.neosao.co.in/application/vendor/laravel/framework/src/Illuminate/Pipeline/Pipeline.php(183): Illuminate\\Auth\\Middleware\\Authenticate->handle()
#32 /home/neosao-sdabocconicrm/htdocs/sdabocconicrm.neosao.co.in/application/vendor/laravel/framework/src/Illuminate/Foundation/Http/Middleware/VerifyCsrfToken.php(88): Illuminate\\Pipeline\\Pipeline->Illuminate\\Pipeline\\{closure}()
#33 /home/neosao-sdabocconicrm/htdocs/sdabocconicrm.neosao.co.in/application/vendor/laravel/framework/src/Illuminate/Pipeline/Pipeline.php(183): Illuminate\\Foundation\\Http\\Middleware\\VerifyCsrfToken->handle()
#34 /home/neosao-sdabocconicrm/htdocs/sdabocconicrm.neosao.co.in/application/vendor/laravel/framework/src/Illuminate/View/Middleware/ShareErrorsFromSession.php(49): Illuminate\\Pipeline\\Pipeline->Illuminate\\Pipeline\\{closure}()
#35 /home/neosao-sdabocconicrm/htdocs/sdabocconicrm.neosao.co.in/application/vendor/laravel/framework/src/Illuminate/Pipeline/Pipeline.php(183): Illuminate\\View\\Middleware\\ShareErrorsFromSession->handle()
#36 /home/neosao-sdabocconicrm/htdocs/sdabocconicrm.neosao.co.in/application/vendor/laravel/framework/src/Illuminate/Session/Middleware/StartSession.php(121): Illuminate\\Pipeline\\Pipeline->Illuminate\\Pipeline\\{closure}()
#37 /home/neosao-sdabocconicrm/htdocs/sdabocconicrm.neosao.co.in/application/vendor/laravel/framework/src/Illuminate/Session/Middleware/StartSession.php(64): Illuminate\\Session\\Middleware\\StartSession->handleStatefulRequest()
#38 /home/neosao-sdabocconicrm/htdocs/sdabocconicrm.neosao.co.in/application/vendor/laravel/framework/src/Illuminate/Pipeline/Pipeline.php(183): Illuminate\\Session\\Middleware\\StartSession->handle()
#39 /home/neosao-sdabocconicrm/htdocs/sdabocconicrm.neosao.co.in/application/vendor/laravel/framework/src/Illuminate/Cookie/Middleware/AddQueuedCookiesToResponse.php(37): Illuminate\\Pipeline\\Pipeline->Illuminate\\Pipeline\\{closure}()
#40 /home/neosao-sdabocconicrm/htdocs/sdabocconicrm.neosao.co.in/application/vendor/laravel/framework/src/Illuminate/Pipeline/Pipeline.php(183): Illuminate\\Cookie\\Middleware\\AddQueuedCookiesToResponse->handle()
#41 /home/neosao-sdabocconicrm/htdocs/sdabocconicrm.neosao.co.in/application/vendor/laravel/framework/src/Illuminate/Cookie/Middleware/EncryptCookies.php(75): Illuminate\\Pipeline\\Pipeline->Illuminate\\Pipeline\\{closure}()
#42 /home/neosao-sdabocconicrm/htdocs/sdabocconicrm.neosao.co.in/application/vendor/laravel/framework/src/Illuminate/Pipeline/Pipeline.php(183): Illuminate\\Cookie\\Middleware\\EncryptCookies->handle()
#43 /home/neosao-sdabocconicrm/htdocs/sdabocconicrm.neosao.co.in/application/vendor/laravel/framework/src/Illuminate/Pipeline/Pipeline.php(119): Illuminate\\Pipeline\\Pipeline->Illuminate\\Pipeline\\{closure}()
#44 /home/neosao-sdabocconicrm/htdocs/sdabocconicrm.neosao.co.in/application/vendor/laravel/framework/src/Illuminate/Routing/Router.php(805): Illuminate\\Pipeline\\Pipeline->then()
#45 /home/neosao-sdabocconicrm/htdocs/sdabocconicrm.neosao.co.in/application/vendor/laravel/framework/src/Illuminate/Routing/Router.php(784): Illuminate\\Routing\\Router->runRouteWithinStack()
#46 /home/neosao-sdabocconicrm/htdocs/sdabocconicrm.neosao.co.in/application/vendor/laravel/framework/src/Illuminate/Routing/Router.php(748): Illuminate\\Routing\\Router->runRoute()
#47 /home/neosao-sdabocconicrm/htdocs/sdabocconicrm.neosao.co.in/application/vendor/laravel/framework/src/Illuminate/Routing/Router.php(737): Illuminate\\Routing\\Router->dispatchToRoute()
#48 /home/neosao-sdabocconicrm/htdocs/sdabocconicrm.neosao.co.in/application/vendor/laravel/framework/src/Illuminate/Foundation/Http/Kernel.php(200): Illuminate\\Routing\\Router->dispatch()
#49 /home/neosao-sdabocconicrm/htdocs/sdabocconicrm.neosao.co.in/application/vendor/laravel/framework/src/Illuminate/Pipeline/Pipeline.php(144): Illuminate\\Foundation\\Http\\Kernel->Illuminate\\Foundation\\Http\\{closure}()
#50 /home/neosao-sdabocconicrm/htdocs/sdabocconicrm.neosao.co.in/application/vendor/barryvdh/laravel-debugbar/src/Middleware/InjectDebugbar.php(59): Illuminate\\Pipeline\\Pipeline->Illuminate\\Pipeline\\{closure}()
#51 /home/neosao-sdabocconicrm/htdocs/sdabocconicrm.neosao.co.in/application/vendor/laravel/framework/src/Illuminate/Pipeline/Pipeline.php(183): Barryvdh\\Debugbar\\Middleware\\InjectDebugbar->handle()
#52 /home/neosao-sdabocconicrm/htdocs/sdabocconicrm.neosao.co.in/application/vendor/laravel/framework/src/Illuminate/Foundation/Http/Middleware/TransformsRequest.php(21): Illuminate\\Pipeline\\Pipeline->Illuminate\\Pipeline\\{closure}()
#53 /home/neosao-sdabocconicrm/htdocs/sdabocconicrm.neosao.co.in/application/vendor/laravel/framework/src/Illuminate/Foundation/Http/Middleware/ConvertEmptyStringsToNull.php(31): Illuminate\\Foundation\\Http\\Middleware\\TransformsRequest->handle()
#54 /home/neosao-sdabocconicrm/htdocs/sdabocconicrm.neosao.co.in/application/vendor/laravel/framework/src/Illuminate/Pipeline/Pipeline.php(183): Illuminate\\Foundation\\Http\\Middleware\\ConvertEmptyStringsToNull->handle()
#55 /home/neosao-sdabocconicrm/htdocs/sdabocconicrm.neosao.co.in/application/vendor/laravel/framework/src/Illuminate/Foundation/Http/Middleware/TransformsRequest.php(21): Illuminate\\Pipeline\\Pipeline->Illuminate\\Pipeline\\{closure}()
#56 /home/neosao-sdabocconicrm/htdocs/sdabocconicrm.neosao.co.in/application/vendor/laravel/framework/src/Illuminate/Foundation/Http/Middleware/TrimStrings.php(51): Illuminate\\Foundation\\Http\\Middleware\\TransformsRequest->handle()
#57 /home/neosao-sdabocconicrm/htdocs/sdabocconicrm.neosao.co.in/application/vendor/laravel/framework/src/Illuminate/Pipeline/Pipeline.php(183): Illuminate\\Foundation\\Http\\Middleware\\TrimStrings->handle()
#58 /home/neosao-sdabocconicrm/htdocs/sdabocconicrm.neosao.co.in/application/vendor/laravel/framework/src/Illuminate/Http/Middleware/ValidatePostSize.php(27): Illuminate\\Pipeline\\Pipeline->Illuminate\\Pipeline\\{closure}()
#59 /home/neosao-sdabocconicrm/htdocs/sdabocconicrm.neosao.co.in/application/vendor/laravel/framework/src/Illuminate/Pipeline/Pipeline.php(183): Illuminate\\Http\\Middleware\\ValidatePostSize->handle()
#60 /home/neosao-sdabocconicrm/htdocs/sdabocconicrm.neosao.co.in/application/vendor/laravel/framework/src/Illuminate/Foundation/Http/Middleware/PreventRequestsDuringMaintenance.php(110): Illuminate\\Pipeline\\Pipeline->Illuminate\\Pipeline\\{closure}()
#61 /home/neosao-sdabocconicrm/htdocs/sdabocconicrm.neosao.co.in/application/vendor/laravel/framework/src/Illuminate/Pipeline/Pipeline.php(183): Illuminate\\Foundation\\Http\\Middleware\\PreventRequestsDuringMaintenance->handle()
#62 /home/neosao-sdabocconicrm/htdocs/sdabocconicrm.neosao.co.in/application/vendor/laravel/framework/src/Illuminate/Pipeline/Pipeline.php(119): Illuminate\\Pipeline\\Pipeline->Illuminate\\Pipeline\\{closure}()
#63 /home/neosao-sdabocconicrm/htdocs/sdabocconicrm.neosao.co.in/application/vendor/laravel/framework/src/Illuminate/Foundation/Http/Kernel.php(175): Illuminate\\Pipeline\\Pipeline->then()
#64 /home/neosao-sdabocconicrm/htdocs/sdabocconicrm.neosao.co.in/application/vendor/laravel/framework/src/Illuminate/Foundation/Http/Kernel.php(144): Illuminate\\Foundation\\Http\\Kernel->sendRequestThroughRouter()
#65 /home/neosao-sdabocconicrm/htdocs/sdabocconicrm.neosao.co.in/index.php(90): Illuminate\\Foundation\\Http\\Kernel->handle()
#66 {main}
"} 
[2025-09-23 11:50:39] local.ERROR: compact(): Undefined variable $billing {"userId":1,"exception":"[object] (ErrorException(code: 0): compact(): Undefined variable $billing at /home/neosao-sdabocconicrm/htdocs/sdabocconicrm.neosao.co.in/application/app/Http/Responses/Settings/EmailTemplates/IndexResponse.php:34)
[stacktrace]
#0 /home/neosao-sdabocconicrm/htdocs/sdabocconicrm.neosao.co.in/application/vendor/laravel/framework/src/Illuminate/Foundation/Bootstrap/HandleExceptions.php(256): Illuminate\\Foundation\\Bootstrap\\HandleExceptions->handleError()
#1 [internal function]: Illuminate\\Foundation\\Bootstrap\\HandleExceptions->Illuminate\\Foundation\\Bootstrap\\{closure}()
#2 /home/neosao-sdabocconicrm/htdocs/sdabocconicrm.neosao.co.in/application/app/Http/Responses/Settings/EmailTemplates/IndexResponse.php(34): compact()
#3 /home/neosao-sdabocconicrm/htdocs/sdabocconicrm.neosao.co.in/application/vendor/laravel/framework/src/Illuminate/Routing/Router.php(900): App\\Http\\Responses\\Settings\\EmailTemplates\\IndexResponse->toResponse()
#4 /home/neosao-sdabocconicrm/htdocs/sdabocconicrm.neosao.co.in/application/vendor/laravel/framework/src/Illuminate/Routing/Router.php(885): Illuminate\\Routing\\Router::toResponse()
#5 /home/neosao-sdabocconicrm/htdocs/sdabocconicrm.neosao.co.in/application/vendor/laravel/framework/src/Illuminate/Routing/Router.php(805): Illuminate\\Routing\\Router->prepareResponse()
#6 /home/neosao-sdabocconicrm/htdocs/sdabocconicrm.neosao.co.in/application/vendor/laravel/framework/src/Illuminate/Pipeline/Pipeline.php(144): Illuminate\\Routing\\Router->Illuminate\\Routing\\{closure}()
#7 /home/neosao-sdabocconicrm/htdocs/sdabocconicrm.neosao.co.in/application/app/Http/Middleware/Settings/Index.php(39): Illuminate\\Pipeline\\Pipeline->Illuminate\\Pipeline\\{closure}()
#8 /home/neosao-sdabocconicrm/htdocs/sdabocconicrm.neosao.co.in/application/vendor/laravel/framework/src/Illuminate/Pipeline/Pipeline.php(183): App\\Http\\Middleware\\Settings\\Index->handle()
#9 /home/neosao-sdabocconicrm/htdocs/sdabocconicrm.neosao.co.in/application/app/Http/Middleware/Modules/Menus.php(34): Illuminate\\Pipeline\\Pipeline->Illuminate\\Pipeline\\{closure}()
#10 /home/neosao-sdabocconicrm/htdocs/sdabocconicrm.neosao.co.in/application/vendor/laravel/framework/src/Illuminate/Pipeline/Pipeline.php(183): App\\Http\\Middleware\\Modules\\Menus->handle()
#11 /home/neosao-sdabocconicrm/htdocs/sdabocconicrm.neosao.co.in/application/app/Http/Middleware/Modules/Visibility.php(50): Illuminate\\Pipeline\\Pipeline->Illuminate\\Pipeline\\{closure}()
#12 /home/neosao-sdabocconicrm/htdocs/sdabocconicrm.neosao.co.in/application/vendor/laravel/framework/src/Illuminate/Pipeline/Pipeline.php(183): App\\Http\\Middleware\\Modules\\Visibility->handle()
#13 /home/neosao-sdabocconicrm/htdocs/sdabocconicrm.neosao.co.in/application/app/Http/Middleware/Modules/Status.php(54): Illuminate\\Pipeline\\Pipeline->Illuminate\\Pipeline\\{closure}()
#14 /home/neosao-sdabocconicrm/htdocs/sdabocconicrm.neosao.co.in/application/vendor/laravel/framework/src/Illuminate/Pipeline/Pipeline.php(183): App\\Http\\Middleware\\Modules\\Status->handle()
#15 /home/neosao-sdabocconicrm/htdocs/sdabocconicrm.neosao.co.in/application/app/Http/Middleware/General/General.php(103): Illuminate\\Pipeline\\Pipeline->Illuminate\\Pipeline\\{closure}()
#16 /home/neosao-sdabocconicrm/htdocs/sdabocconicrm.neosao.co.in/application/vendor/laravel/framework/src/Illuminate/Pipeline/Pipeline.php(183): App\\Http\\Middleware\\General\\General->handle()
#17 /home/neosao-sdabocconicrm/htdocs/sdabocconicrm.neosao.co.in/application/app/Http/Middleware/General/SanityCheck.php(45): Illuminate\\Pipeline\\Pipeline->Illuminate\\Pipeline\\{closure}()
#18 /home/neosao-sdabocconicrm/htdocs/sdabocconicrm.neosao.co.in/application/vendor/laravel/framework/src/Illuminate/Pipeline/Pipeline.php(183): App\\Http\\Middleware\\General\\SanityCheck->handle()
#19 /home/neosao-sdabocconicrm/htdocs/sdabocconicrm.neosao.co.in/application/app/Http/Middleware/General/Settings.php(60): Illuminate\\Pipeline\\Pipeline->Illuminate\\Pipeline\\{closure}()
#20 /home/neosao-sdabocconicrm/htdocs/sdabocconicrm.neosao.co.in/application/vendor/laravel/framework/src/Illuminate/Pipeline/Pipeline.php(183): App\\Http\\Middleware\\General\\Settings->handle()
#21 /home/neosao-sdabocconicrm/htdocs/sdabocconicrm.neosao.co.in/application/app/Http/Middleware/General/BootMail.php(37): Illuminate\\Pipeline\\Pipeline->Illuminate\\Pipeline\\{closure}()
#22 /home/neosao-sdabocconicrm/htdocs/sdabocconicrm.neosao.co.in/application/vendor/laravel/framework/src/Illuminate/Pipeline/Pipeline.php(183): App\\Http\\Middleware\\General\\BootMail->handle()
#23 /home/neosao-sdabocconicrm/htdocs/sdabocconicrm.neosao.co.in/application/app/Http/Middleware/General/BootTheme.php(28): Illuminate\\Pipeline\\Pipeline->Illuminate\\Pipeline\\{closure}()
#24 /home/neosao-sdabocconicrm/htdocs/sdabocconicrm.neosao.co.in/application/vendor/laravel/framework/src/Illuminate/Pipeline/Pipeline.php(183): App\\Http\\Middleware\\General\\BootTheme->handle()
#25 /home/neosao-sdabocconicrm/htdocs/sdabocconicrm.neosao.co.in/application/app/Http/Middleware/General/BootSystem.php(33): Illuminate\\Pipeline\\Pipeline->Illuminate\\Pipeline\\{closure}()
#26 /home/neosao-sdabocconicrm/htdocs/sdabocconicrm.neosao.co.in/application/vendor/laravel/framework/src/Illuminate/Pipeline/Pipeline.php(183): App\\Http\\Middleware\\General\\BootSystem->handle()
#27 /home/neosao-sdabocconicrm/htdocs/sdabocconicrm.neosao.co.in/application/vendor/laravel/framework/src/Illuminate/Routing/Middleware/SubstituteBindings.php(50): Illuminate\\Pipeline\\Pipeline->Illuminate\\Pipeline\\{closure}()
#28 /home/neosao-sdabocconicrm/htdocs/sdabocconicrm.neosao.co.in/application/vendor/laravel/framework/src/Illuminate/Pipeline/Pipeline.php(183): Illuminate\\Routing\\Middleware\\SubstituteBindings->handle()
#29 /home/neosao-sdabocconicrm/htdocs/sdabocconicrm.neosao.co.in/application/vendor/laravel/framework/src/Illuminate/Auth/Middleware/Authenticate.php(64): Illuminate\\Pipeline\\Pipeline->Illuminate\\Pipeline\\{closure}()
#30 /home/neosao-sdabocconicrm/htdocs/sdabocconicrm.neosao.co.in/application/vendor/laravel/framework/src/Illuminate/Pipeline/Pipeline.php(183): Illuminate\\Auth\\Middleware\\Authenticate->handle()
#31 /home/neosao-sdabocconicrm/htdocs/sdabocconicrm.neosao.co.in/application/vendor/laravel/framework/src/Illuminate/Foundation/Http/Middleware/VerifyCsrfToken.php(88): Illuminate\\Pipeline\\Pipeline->Illuminate\\Pipeline\\{closure}()
#32 /home/neosao-sdabocconicrm/htdocs/sdabocconicrm.neosao.co.in/application/vendor/laravel/framework/src/Illuminate/Pipeline/Pipeline.php(183): Illuminate\\Foundation\\Http\\Middleware\\VerifyCsrfToken->handle()
#33 /home/neosao-sdabocconicrm/htdocs/sdabocconicrm.neosao.co.in/application/vendor/laravel/framework/src/Illuminate/View/Middleware/ShareErrorsFromSession.php(49): Illuminate\\Pipeline\\Pipeline->Illuminate\\Pipeline\\{closure}()
#34 /home/neosao-sdabocconicrm/htdocs/sdabocconicrm.neosao.co.in/application/vendor/laravel/framework/src/Illuminate/Pipeline/Pipeline.php(183): Illuminate\\View\\Middleware\\ShareErrorsFromSession->handle()
#35 /home/neosao-sdabocconicrm/htdocs/sdabocconicrm.neosao.co.in/application/vendor/laravel/framework/src/Illuminate/Session/Middleware/StartSession.php(121): Illuminate\\Pipeline\\Pipeline->Illuminate\\Pipeline\\{closure}()
#36 /home/neosao-sdabocconicrm/htdocs/sdabocconicrm.neosao.co.in/application/vendor/laravel/framework/src/Illuminate/Session/Middleware/StartSession.php(64): Illuminate\\Session\\Middleware\\StartSession->handleStatefulRequest()
#37 /home/neosao-sdabocconicrm/htdocs/sdabocconicrm.neosao.co.in/application/vendor/laravel/framework/src/Illuminate/Pipeline/Pipeline.php(183): Illuminate\\Session\\Middleware\\StartSession->handle()
#38 /home/neosao-sdabocconicrm/htdocs/sdabocconicrm.neosao.co.in/application/vendor/laravel/framework/src/Illuminate/Cookie/Middleware/AddQueuedCookiesToResponse.php(37): Illuminate\\Pipeline\\Pipeline->Illuminate\\Pipeline\\{closure}()
#39 /home/neosao-sdabocconicrm/htdocs/sdabocconicrm.neosao.co.in/application/vendor/laravel/framework/src/Illuminate/Pipeline/Pipeline.php(183): Illuminate\\Cookie\\Middleware\\AddQueuedCookiesToResponse->handle()
#40 /home/neosao-sdabocconicrm/htdocs/sdabocconicrm.neosao.co.in/application/vendor/laravel/framework/src/Illuminate/Cookie/Middleware/EncryptCookies.php(75): Illuminate\\Pipeline\\Pipeline->Illuminate\\Pipeline\\{closure}()
#41 /home/neosao-sdabocconicrm/htdocs/sdabocconicrm.neosao.co.in/application/vendor/laravel/framework/src/Illuminate/Pipeline/Pipeline.php(183): Illuminate\\Cookie\\Middleware\\EncryptCookies->handle()
#42 /home/neosao-sdabocconicrm/htdocs/sdabocconicrm.neosao.co.in/application/vendor/laravel/framework/src/Illuminate/Pipeline/Pipeline.php(119): Illuminate\\Pipeline\\Pipeline->Illuminate\\Pipeline\\{closure}()
#43 /home/neosao-sdabocconicrm/htdocs/sdabocconicrm.neosao.co.in/application/vendor/laravel/framework/src/Illuminate/Routing/Router.php(805): Illuminate\\Pipeline\\Pipeline->then()
#44 /home/neosao-sdabocconicrm/htdocs/sdabocconicrm.neosao.co.in/application/vendor/laravel/framework/src/Illuminate/Routing/Router.php(784): Illuminate\\Routing\\Router->runRouteWithinStack()
#45 /home/neosao-sdabocconicrm/htdocs/sdabocconicrm.neosao.co.in/application/vendor/laravel/framework/src/Illuminate/Routing/Router.php(748): Illuminate\\Routing\\Router->runRoute()
#46 /home/neosao-sdabocconicrm/htdocs/sdabocconicrm.neosao.co.in/application/vendor/laravel/framework/src/Illuminate/Routing/Router.php(737): Illuminate\\Routing\\Router->dispatchToRoute()
#47 /home/neosao-sdabocconicrm/htdocs/sdabocconicrm.neosao.co.in/application/vendor/laravel/framework/src/Illuminate/Foundation/Http/Kernel.php(200): Illuminate\\Routing\\Router->dispatch()
#48 /home/neosao-sdabocconicrm/htdocs/sdabocconicrm.neosao.co.in/application/vendor/laravel/framework/src/Illuminate/Pipeline/Pipeline.php(144): Illuminate\\Foundation\\Http\\Kernel->Illuminate\\Foundation\\Http\\{closure}()
#49 /home/neosao-sdabocconicrm/htdocs/sdabocconicrm.neosao.co.in/application/vendor/barryvdh/laravel-debugbar/src/Middleware/InjectDebugbar.php(59): Illuminate\\Pipeline\\Pipeline->Illuminate\\Pipeline\\{closure}()
#50 /home/neosao-sdabocconicrm/htdocs/sdabocconicrm.neosao.co.in/application/vendor/laravel/framework/src/Illuminate/Pipeline/Pipeline.php(183): Barryvdh\\Debugbar\\Middleware\\InjectDebugbar->handle()
#51 /home/neosao-sdabocconicrm/htdocs/sdabocconicrm.neosao.co.in/application/vendor/laravel/framework/src/Illuminate/Foundation/Http/Middleware/TransformsRequest.php(21): Illuminate\\Pipeline\\Pipeline->Illuminate\\Pipeline\\{closure}()
#52 /home/neosao-sdabocconicrm/htdocs/sdabocconicrm.neosao.co.in/application/vendor/laravel/framework/src/Illuminate/Foundation/Http/Middleware/ConvertEmptyStringsToNull.php(31): Illuminate\\Foundation\\Http\\Middleware\\TransformsRequest->handle()
#53 /home/neosao-sdabocconicrm/htdocs/sdabocconicrm.neosao.co.in/application/vendor/laravel/framework/src/Illuminate/Pipeline/Pipeline.php(183): Illuminate\\Foundation\\Http\\Middleware\\ConvertEmptyStringsToNull->handle()
#54 /home/neosao-sdabocconicrm/htdocs/sdabocconicrm.neosao.co.in/application/vendor/laravel/framework/src/Illuminate/Foundation/Http/Middleware/TransformsRequest.php(21): Illuminate\\Pipeline\\Pipeline->Illuminate\\Pipeline\\{closure}()
#55 /home/neosao-sdabocconicrm/htdocs/sdabocconicrm.neosao.co.in/application/vendor/laravel/framework/src/Illuminate/Foundation/Http/Middleware/TrimStrings.php(51): Illuminate\\Foundation\\Http\\Middleware\\TransformsRequest->handle()
#56 /home/neosao-sdabocconicrm/htdocs/sdabocconicrm.neosao.co.in/application/vendor/laravel/framework/src/Illuminate/Pipeline/Pipeline.php(183): Illuminate\\Foundation\\Http\\Middleware\\TrimStrings->handle()
#57 /home/neosao-sdabocconicrm/htdocs/sdabocconicrm.neosao.co.in/application/vendor/laravel/framework/src/Illuminate/Http/Middleware/ValidatePostSize.php(27): Illuminate\\Pipeline\\Pipeline->Illuminate\\Pipeline\\{closure}()
#58 /home/neosao-sdabocconicrm/htdocs/sdabocconicrm.neosao.co.in/application/vendor/laravel/framework/src/Illuminate/Pipeline/Pipeline.php(183): Illuminate\\Http\\Middleware\\ValidatePostSize->handle()
#59 /home/neosao-sdabocconicrm/htdocs/sdabocconicrm.neosao.co.in/application/vendor/laravel/framework/src/Illuminate/Foundation/Http/Middleware/PreventRequestsDuringMaintenance.php(110): Illuminate\\Pipeline\\Pipeline->Illuminate\\Pipeline\\{closure}()
#60 /home/neosao-sdabocconicrm/htdocs/sdabocconicrm.neosao.co.in/application/vendor/laravel/framework/src/Illuminate/Pipeline/Pipeline.php(183): Illuminate\\Foundation\\Http\\Middleware\\PreventRequestsDuringMaintenance->handle()
#61 /home/neosao-sdabocconicrm/htdocs/sdabocconicrm.neosao.co.in/application/vendor/laravel/framework/src/Illuminate/Pipeline/Pipeline.php(119): Illuminate\\Pipeline\\Pipeline->Illuminate\\Pipeline\\{closure}()
#62 /home/neosao-sdabocconicrm/htdocs/sdabocconicrm.neosao.co.in/application/vendor/laravel/framework/src/Illuminate/Foundation/Http/Kernel.php(175): Illuminate\\Pipeline\\Pipeline->then()
#63 /home/neosao-sdabocconicrm/htdocs/sdabocconicrm.neosao.co.in/application/vendor/laravel/framework/src/Illuminate/Foundation/Http/Kernel.php(144): Illuminate\\Foundation\\Http\\Kernel->sendRequestThroughRouter()
#64 /home/neosao-sdabocconicrm/htdocs/sdabocconicrm.neosao.co.in/index.php(90): Illuminate\\Foundation\\Http\\Kernel->handle()
#65 {main}
"} 
[2025-09-23 19:33:43] local.ERROR: SQLSTATE[HY000] [2002] Connection refused (Connection: mysql, SQL: select * from `sessions` where `id` = 0xnavmQaK031lwhwlxADr0pYP8QV5Y5Necx98FLY limit 1) {"exception":"[object] (Illuminate\\Database\\QueryException(code: 2002): SQLSTATE[HY000] [2002] Connection refused (Connection: mysql, SQL: select * from `sessions` where `id` = 0xnavmQaK031lwhwlxADr0pYP8QV5Y5Necx98FLY limit 1) at /home/neosao-sdabocconicrm/htdocs/sdabocconicrm.neosao.co.in/application/vendor/laravel/framework/src/Illuminate/Database/Connection.php:813)
[stacktrace]
#0 /home/neosao-sdabocconicrm/htdocs/sdabocconicrm.neosao.co.in/application/vendor/laravel/framework/src/Illuminate/Database/Connection.php(967): Illuminate\\Database\\Connection->runQueryCallback()
#1 /home/neosao-sdabocconicrm/htdocs/sdabocconicrm.neosao.co.in/application/vendor/laravel/framework/src/Illuminate/Database/Connection.php(946): Illuminate\\Database\\Connection->tryAgainIfCausedByLostConnection()
#2 /home/neosao-sdabocconicrm/htdocs/sdabocconicrm.neosao.co.in/application/vendor/laravel/framework/src/Illuminate/Database/Connection.php(769): Illuminate\\Database\\Connection->handleQueryException()
#3 /home/neosao-sdabocconicrm/htdocs/sdabocconicrm.neosao.co.in/application/vendor/laravel/framework/src/Illuminate/Database/Connection.php(398): Illuminate\\Database\\Connection->run()
#4 /home/neosao-sdabocconicrm/htdocs/sdabocconicrm.neosao.co.in/application/vendor/laravel/framework/src/Illuminate/Database/Query/Builder.php(2934): Illuminate\\Database\\Connection->select()
#5 /home/neosao-sdabocconicrm/htdocs/sdabocconicrm.neosao.co.in/application/vendor/laravel/framework/src/Illuminate/Database/Query/Builder.php(2919): Illuminate\\Database\\Query\\Builder->runSelect()
#6 /home/neosao-sdabocconicrm/htdocs/sdabocconicrm.neosao.co.in/application/vendor/laravel/framework/src/Illuminate/Database/Query/Builder.php(3507): Illuminate\\Database\\Query\\Builder->Illuminate\\Database\\Query\\{closure}()
#7 /home/neosao-sdabocconicrm/htdocs/sdabocconicrm.neosao.co.in/application/vendor/laravel/framework/src/Illuminate/Database/Query/Builder.php(2918): Illuminate\\Database\\Query\\Builder->onceWithColumns()
#8 /home/neosao-sdabocconicrm/htdocs/sdabocconicrm.neosao.co.in/application/vendor/laravel/framework/src/Illuminate/Database/Concerns/BuildsQueries.php(335): Illuminate\\Database\\Query\\Builder->get()
#9 /home/neosao-sdabocconicrm/htdocs/sdabocconicrm.neosao.co.in/application/vendor/laravel/framework/src/Illuminate/Database/Query/Builder.php(2841): Illuminate\\Database\\Query\\Builder->first()
#10 /home/neosao-sdabocconicrm/htdocs/sdabocconicrm.neosao.co.in/application/vendor/laravel/framework/src/Illuminate/Session/DatabaseSessionHandler.php(97): Illuminate\\Database\\Query\\Builder->find()
#11 /home/neosao-sdabocconicrm/htdocs/sdabocconicrm.neosao.co.in/application/vendor/laravel/framework/src/Illuminate/Session/Store.php(113): Illuminate\\Session\\DatabaseSessionHandler->read()
#12 /home/neosao-sdabocconicrm/htdocs/sdabocconicrm.neosao.co.in/application/vendor/laravel/framework/src/Illuminate/Session/Store.php(101): Illuminate\\Session\\Store->readFromHandler()
#13 /home/neosao-sdabocconicrm/htdocs/sdabocconicrm.neosao.co.in/application/vendor/laravel/framework/src/Illuminate/Session/Store.php(85): Illuminate\\Session\\Store->loadSession()
#14 /home/neosao-sdabocconicrm/htdocs/sdabocconicrm.neosao.co.in/application/vendor/laravel/framework/src/Illuminate/Session/Middleware/StartSession.php(147): Illuminate\\Session\\Store->start()
#15 /home/neosao-sdabocconicrm/htdocs/sdabocconicrm.neosao.co.in/application/vendor/laravel/framework/src/Illuminate/Support/helpers.php(359): Illuminate\\Session\\Middleware\\StartSession->Illuminate\\Session\\Middleware\\{closure}()
#16 /home/neosao-sdabocconicrm/htdocs/sdabocconicrm.neosao.co.in/application/vendor/laravel/framework/src/Illuminate/Session/Middleware/StartSession.php(144): tap()
#17 /home/neosao-sdabocconicrm/htdocs/sdabocconicrm.neosao.co.in/application/vendor/laravel/framework/src/Illuminate/Session/Middleware/StartSession.php(116): Illuminate\\Session\\Middleware\\StartSession->startSession()
#18 /home/neosao-sdabocconicrm/htdocs/sdabocconicrm.neosao.co.in/application/vendor/laravel/framework/src/Illuminate/Session/Middleware/StartSession.php(64): Illuminate\\Session\\Middleware\\StartSession->handleStatefulRequest()
#19 /home/neosao-sdabocconicrm/htdocs/sdabocconicrm.neosao.co.in/application/vendor/laravel/framework/src/Illuminate/Pipeline/Pipeline.php(183): Illuminate\\Session\\Middleware\\StartSession->handle()
#20 /home/neosao-sdabocconicrm/htdocs/sdabocconicrm.neosao.co.in/application/vendor/laravel/framework/src/Illuminate/Cookie/Middleware/AddQueuedCookiesToResponse.php(37): Illuminate\\Pipeline\\Pipeline->Illuminate\\Pipeline\\{closure}()
#21 /home/neosao-sdabocconicrm/htdocs/sdabocconicrm.neosao.co.in/application/vendor/laravel/framework/src/Illuminate/Pipeline/Pipeline.php(183): Illuminate\\Cookie\\Middleware\\AddQueuedCookiesToResponse->handle()
#22 /home/neosao-sdabocconicrm/htdocs/sdabocconicrm.neosao.co.in/application/vendor/laravel/framework/src/Illuminate/Cookie/Middleware/EncryptCookies.php(75): Illuminate\\Pipeline\\Pipeline->Illuminate\\Pipeline\\{closure}()
#23 /home/neosao-sdabocconicrm/htdocs/sdabocconicrm.neosao.co.in/application/vendor/laravel/framework/src/Illuminate/Pipeline/Pipeline.php(183): Illuminate\\Cookie\\Middleware\\EncryptCookies->handle()
#24 /home/neosao-sdabocconicrm/htdocs/sdabocconicrm.neosao.co.in/application/vendor/laravel/framework/src/Illuminate/Pipeline/Pipeline.php(119): Illuminate\\Pipeline\\Pipeline->Illuminate\\Pipeline\\{closure}()
#25 /home/neosao-sdabocconicrm/htdocs/sdabocconicrm.neosao.co.in/application/vendor/laravel/framework/src/Illuminate/Routing/Router.php(805): Illuminate\\Pipeline\\Pipeline->then()
#26 /home/neosao-sdabocconicrm/htdocs/sdabocconicrm.neosao.co.in/application/vendor/laravel/framework/src/Illuminate/Routing/Router.php(784): Illuminate\\Routing\\Router->runRouteWithinStack()
#27 /home/neosao-sdabocconicrm/htdocs/sdabocconicrm.neosao.co.in/application/vendor/laravel/framework/src/Illuminate/Routing/Router.php(748): Illuminate\\Routing\\Router->runRoute()
#28 /home/neosao-sdabocconicrm/htdocs/sdabocconicrm.neosao.co.in/application/vendor/laravel/framework/src/Illuminate/Routing/Router.php(737): Illuminate\\Routing\\Router->dispatchToRoute()
#29 /home/neosao-sdabocconicrm/htdocs/sdabocconicrm.neosao.co.in/application/vendor/laravel/framework/src/Illuminate/Foundation/Http/Kernel.php(200): Illuminate\\Routing\\Router->dispatch()
#30 /home/neosao-sdabocconicrm/htdocs/sdabocconicrm.neosao.co.in/application/vendor/laravel/framework/src/Illuminate/Pipeline/Pipeline.php(144): Illuminate\\Foundation\\Http\\Kernel->Illuminate\\Foundation\\Http\\{closure}()
#31 /home/neosao-sdabocconicrm/htdocs/sdabocconicrm.neosao.co.in/application/vendor/barryvdh/laravel-debugbar/src/Middleware/InjectDebugbar.php(59): Illuminate\\Pipeline\\Pipeline->Illuminate\\Pipeline\\{closure}()
#32 /home/neosao-sdabocconicrm/htdocs/sdabocconicrm.neosao.co.in/application/vendor/laravel/framework/src/Illuminate/Pipeline/Pipeline.php(183): Barryvdh\\Debugbar\\Middleware\\InjectDebugbar->handle()
#33 /home/neosao-sdabocconicrm/htdocs/sdabocconicrm.neosao.co.in/application/vendor/laravel/framework/src/Illuminate/Foundation/Http/Middleware/TransformsRequest.php(21): Illuminate\\Pipeline\\Pipeline->Illuminate\\Pipeline\\{closure}()
#34 /home/neosao-sdabocconicrm/htdocs/sdabocconicrm.neosao.co.in/application/vendor/laravel/framework/src/Illuminate/Foundation/Http/Middleware/ConvertEmptyStringsToNull.php(31): Illuminate\\Foundation\\Http\\Middleware\\TransformsRequest->handle()
#35 /home/neosao-sdabocconicrm/htdocs/sdabocconicrm.neosao.co.in/application/vendor/laravel/framework/src/Illuminate/Pipeline/Pipeline.php(183): Illuminate\\Foundation\\Http\\Middleware\\ConvertEmptyStringsToNull->handle()
#36 /home/neosao-sdabocconicrm/htdocs/sdabocconicrm.neosao.co.in/application/vendor/laravel/framework/src/Illuminate/Foundation/Http/Middleware/TransformsRequest.php(21): Illuminate\\Pipeline\\Pipeline->Illuminate\\Pipeline\\{closure}()
#37 /home/neosao-sdabocconicrm/htdocs/sdabocconicrm.neosao.co.in/application/vendor/laravel/framework/src/Illuminate/Foundation/Http/Middleware/TrimStrings.php(51): Illuminate\\Foundation\\Http\\Middleware\\TransformsRequest->handle()
#38 /home/neosao-sdabocconicrm/htdocs/sdabocconicrm.neosao.co.in/application/vendor/laravel/framework/src/Illuminate/Pipeline/Pipeline.php(183): Illuminate\\Foundation\\Http\\Middleware\\TrimStrings->handle()
#39 /home/neosao-sdabocconicrm/htdocs/sdabocconicrm.neosao.co.in/application/vendor/laravel/framework/src/Illuminate/Http/Middleware/ValidatePostSize.php(27): Illuminate\\Pipeline\\Pipeline->Illuminate\\Pipeline\\{closure}()
#40 /home/neosao-sdabocconicrm/htdocs/sdabocconicrm.neosao.co.in/application/vendor/laravel/framework/src/Illuminate/Pipeline/Pipeline.php(183): Illuminate\\Http\\Middleware\\ValidatePostSize->handle()
#41 /home/neosao-sdabocconicrm/htdocs/sdabocconicrm.neosao.co.in/application/vendor/laravel/framework/src/Illuminate/Foundation/Http/Middleware/PreventRequestsDuringMaintenance.php(110): Illuminate\\Pipeline\\Pipeline->Illuminate\\Pipeline\\{closure}()
#42 /home/neosao-sdabocconicrm/htdocs/sdabocconicrm.neosao.co.in/application/vendor/laravel/framework/src/Illuminate/Pipeline/Pipeline.php(183): Illuminate\\Foundation\\Http\\Middleware\\PreventRequestsDuringMaintenance->handle()
#43 /home/neosao-sdabocconicrm/htdocs/sdabocconicrm.neosao.co.in/application/vendor/laravel/framework/src/Illuminate/Pipeline/Pipeline.php(119): Illuminate\\Pipeline\\Pipeline->Illuminate\\Pipeline\\{closure}()
#44 /home/neosao-sdabocconicrm/htdocs/sdabocconicrm.neosao.co.in/application/vendor/laravel/framework/src/Illuminate/Foundation/Http/Kernel.php(175): Illuminate\\Pipeline\\Pipeline->then()
#45 /home/neosao-sdabocconicrm/htdocs/sdabocconicrm.neosao.co.in/application/vendor/laravel/framework/src/Illuminate/Foundation/Http/Kernel.php(144): Illuminate\\Foundation\\Http\\Kernel->sendRequestThroughRouter()
#46 /home/neosao-sdabocconicrm/htdocs/sdabocconicrm.neosao.co.in/index.php(90): Illuminate\\Foundation\\Http\\Kernel->handle()
#47 {main}

[previous exception] [object] (PDOException(code: 2002): SQLSTATE[HY000] [2002] Connection refused at /home/neosao-sdabocconicrm/htdocs/sdabocconicrm.neosao.co.in/application/vendor/laravel/framework/src/Illuminate/Database/Connectors/Connector.php:65)
[stacktrace]
#0 /home/neosao-sdabocconicrm/htdocs/sdabocconicrm.neosao.co.in/application/vendor/laravel/framework/src/Illuminate/Database/Connectors/Connector.php(65): PDO->__construct()
#1 /home/neosao-sdabocconicrm/htdocs/sdabocconicrm.neosao.co.in/application/vendor/laravel/framework/src/Illuminate/Database/Connectors/Connector.php(83): Illuminate\\Database\\Connectors\\Connector->createPdoConnection()
#2 /home/neosao-sdabocconicrm/htdocs/sdabocconicrm.neosao.co.in/application/vendor/laravel/framework/src/Illuminate/Database/Connectors/Connector.php(48): Illuminate\\Database\\Connectors\\Connector->tryAgainIfCausedByLostConnection()
#3 /home/neosao-sdabocconicrm/htdocs/sdabocconicrm.neosao.co.in/application/vendor/laravel/framework/src/Illuminate/Database/Connectors/MySqlConnector.php(24): Illuminate\\Database\\Connectors\\Connector->createConnection()
#4 /home/neosao-sdabocconicrm/htdocs/sdabocconicrm.neosao.co.in/application/vendor/laravel/framework/src/Illuminate/Database/Connectors/ConnectionFactory.php(185): Illuminate\\Database\\Connectors\\MySqlConnector->connect()
#5 [internal function]: Illuminate\\Database\\Connectors\\ConnectionFactory->Illuminate\\Database\\Connectors\\{closure}()
#6 /home/neosao-sdabocconicrm/htdocs/sdabocconicrm.neosao.co.in/application/vendor/laravel/framework/src/Illuminate/Database/Connection.php(1219): call_user_func()
#7 /home/neosao-sdabocconicrm/htdocs/sdabocconicrm.neosao.co.in/application/vendor/laravel/framework/src/Illuminate/Database/Connection.php(1255): Illuminate\\Database\\Connection->getPdo()
#8 /home/neosao-sdabocconicrm/htdocs/sdabocconicrm.neosao.co.in/application/vendor/laravel/framework/src/Illuminate/Database/Connection.php(512): Illuminate\\Database\\Connection->getReadPdo()
#9 /home/neosao-sdabocconicrm/htdocs/sdabocconicrm.neosao.co.in/application/vendor/laravel/framework/src/Illuminate/Database/Connection.php(407): Illuminate\\Database\\Connection->getPdoForSelect()
#10 /home/neosao-sdabocconicrm/htdocs/sdabocconicrm.neosao.co.in/application/vendor/laravel/framework/src/Illuminate/Database/Connection.php(800): Illuminate\\Database\\Connection->Illuminate\\Database\\{closure}()
#11 /home/neosao-sdabocconicrm/htdocs/sdabocconicrm.neosao.co.in/application/vendor/laravel/framework/src/Illuminate/Database/Connection.php(967): Illuminate\\Database\\Connection->runQueryCallback()
#12 /home/neosao-sdabocconicrm/htdocs/sdabocconicrm.neosao.co.in/application/vendor/laravel/framework/src/Illuminate/Database/Connection.php(946): Illuminate\\Database\\Connection->tryAgainIfCausedByLostConnection()
#13 /home/neosao-sdabocconicrm/htdocs/sdabocconicrm.neosao.co.in/application/vendor/laravel/framework/src/Illuminate/Database/Connection.php(769): Illuminate\\Database\\Connection->handleQueryException()
#14 /home/neosao-sdabocconicrm/htdocs/sdabocconicrm.neosao.co.in/application/vendor/laravel/framework/src/Illuminate/Database/Connection.php(398): Illuminate\\Database\\Connection->run()
#15 /home/neosao-sdabocconicrm/htdocs/sdabocconicrm.neosao.co.in/application/vendor/laravel/framework/src/Illuminate/Database/Query/Builder.php(2934): Illuminate\\Database\\Connection->select()
#16 /home/neosao-sdabocconicrm/htdocs/sdabocconicrm.neosao.co.in/application/vendor/laravel/framework/src/Illuminate/Database/Query/Builder.php(2919): Illuminate\\Database\\Query\\Builder->runSelect()
#17 /home/neosao-sdabocconicrm/htdocs/sdabocconicrm.neosao.co.in/application/vendor/laravel/framework/src/Illuminate/Database/Query/Builder.php(3507): Illuminate\\Database\\Query\\Builder->Illuminate\\Database\\Query\\{closure}()
#18 /home/neosao-sdabocconicrm/htdocs/sdabocconicrm.neosao.co.in/application/vendor/laravel/framework/src/Illuminate/Database/Query/Builder.php(2918): Illuminate\\Database\\Query\\Builder->onceWithColumns()
#19 /home/neosao-sdabocconicrm/htdocs/sdabocconicrm.neosao.co.in/application/vendor/laravel/framework/src/Illuminate/Database/Concerns/BuildsQueries.php(335): Illuminate\\Database\\Query\\Builder->get()
#20 /home/neosao-sdabocconicrm/htdocs/sdabocconicrm.neosao.co.in/application/vendor/laravel/framework/src/Illuminate/Database/Query/Builder.php(2841): Illuminate\\Database\\Query\\Builder->first()
#21 /home/neosao-sdabocconicrm/htdocs/sdabocconicrm.neosao.co.in/application/vendor/laravel/framework/src/Illuminate/Session/DatabaseSessionHandler.php(97): Illuminate\\Database\\Query\\Builder->find()
#22 /home/neosao-sdabocconicrm/htdocs/sdabocconicrm.neosao.co.in/application/vendor/laravel/framework/src/Illuminate/Session/Store.php(113): Illuminate\\Session\\DatabaseSessionHandler->read()
#23 /home/neosao-sdabocconicrm/htdocs/sdabocconicrm.neosao.co.in/application/vendor/laravel/framework/src/Illuminate/Session/Store.php(101): Illuminate\\Session\\Store->readFromHandler()
#24 /home/neosao-sdabocconicrm/htdocs/sdabocconicrm.neosao.co.in/application/vendor/laravel/framework/src/Illuminate/Session/Store.php(85): Illuminate\\Session\\Store->loadSession()
#25 /home/neosao-sdabocconicrm/htdocs/sdabocconicrm.neosao.co.in/application/vendor/laravel/framework/src/Illuminate/Session/Middleware/StartSession.php(147): Illuminate\\Session\\Store->start()
#26 /home/neosao-sdabocconicrm/htdocs/sdabocconicrm.neosao.co.in/application/vendor/laravel/framework/src/Illuminate/Support/helpers.php(359): Illuminate\\Session\\Middleware\\StartSession->Illuminate\\Session\\Middleware\\{closure}()
#27 /home/neosao-sdabocconicrm/htdocs/sdabocconicrm.neosao.co.in/application/vendor/laravel/framework/src/Illuminate/Session/Middleware/StartSession.php(144): tap()
#28 /home/neosao-sdabocconicrm/htdocs/sdabocconicrm.neosao.co.in/application/vendor/laravel/framework/src/Illuminate/Session/Middleware/StartSession.php(116): Illuminate\\Session\\Middleware\\StartSession->startSession()
#29 /home/neosao-sdabocconicrm/htdocs/sdabocconicrm.neosao.co.in/application/vendor/laravel/framework/src/Illuminate/Session/Middleware/StartSession.php(64): Illuminate\\Session\\Middleware\\StartSession->handleStatefulRequest()
#30 /home/neosao-sdabocconicrm/htdocs/sdabocconicrm.neosao.co.in/application/vendor/laravel/framework/src/Illuminate/Pipeline/Pipeline.php(183): Illuminate\\Session\\Middleware\\StartSession->handle()
#31 /home/neosao-sdabocconicrm/htdocs/sdabocconicrm.neosao.co.in/application/vendor/laravel/framework/src/Illuminate/Cookie/Middleware/AddQueuedCookiesToResponse.php(37): Illuminate\\Pipeline\\Pipeline->Illuminate\\Pipeline\\{closure}()
#32 /home/neosao-sdabocconicrm/htdocs/sdabocconicrm.neosao.co.in/application/vendor/laravel/framework/src/Illuminate/Pipeline/Pipeline.php(183): Illuminate\\Cookie\\Middleware\\AddQueuedCookiesToResponse->handle()
#33 /home/neosao-sdabocconicrm/htdocs/sdabocconicrm.neosao.co.in/application/vendor/laravel/framework/src/Illuminate/Cookie/Middleware/EncryptCookies.php(75): Illuminate\\Pipeline\\Pipeline->Illuminate\\Pipeline\\{closure}()
#34 /home/neosao-sdabocconicrm/htdocs/sdabocconicrm.neosao.co.in/application/vendor/laravel/framework/src/Illuminate/Pipeline/Pipeline.php(183): Illuminate\\Cookie\\Middleware\\EncryptCookies->handle()
#35 /home/neosao-sdabocconicrm/htdocs/sdabocconicrm.neosao.co.in/application/vendor/laravel/framework/src/Illuminate/Pipeline/Pipeline.php(119): Illuminate\\Pipeline\\Pipeline->Illuminate\\Pipeline\\{closure}()
#36 /home/neosao-sdabocconicrm/htdocs/sdabocconicrm.neosao.co.in/application/vendor/laravel/framework/src/Illuminate/Routing/Router.php(805): Illuminate\\Pipeline\\Pipeline->then()
#37 /home/neosao-sdabocconicrm/htdocs/sdabocconicrm.neosao.co.in/application/vendor/laravel/framework/src/Illuminate/Routing/Router.php(784): Illuminate\\Routing\\Router->runRouteWithinStack()
#38 /home/neosao-sdabocconicrm/htdocs/sdabocconicrm.neosao.co.in/application/vendor/laravel/framework/src/Illuminate/Routing/Router.php(748): Illuminate\\Routing\\Router->runRoute()
#39 /home/neosao-sdabocconicrm/htdocs/sdabocconicrm.neosao.co.in/application/vendor/laravel/framework/src/Illuminate/Routing/Router.php(737): Illuminate\\Routing\\Router->dispatchToRoute()
#40 /home/neosao-sdabocconicrm/htdocs/sdabocconicrm.neosao.co.in/application/vendor/laravel/framework/src/Illuminate/Foundation/Http/Kernel.php(200): Illuminate\\Routing\\Router->dispatch()
#41 /home/neosao-sdabocconicrm/htdocs/sdabocconicrm.neosao.co.in/application/vendor/laravel/framework/src/Illuminate/Pipeline/Pipeline.php(144): Illuminate\\Foundation\\Http\\Kernel->Illuminate\\Foundation\\Http\\{closure}()
#42 /home/neosao-sdabocconicrm/htdocs/sdabocconicrm.neosao.co.in/application/vendor/barryvdh/laravel-debugbar/src/Middleware/InjectDebugbar.php(59): Illuminate\\Pipeline\\Pipeline->Illuminate\\Pipeline\\{closure}()
#43 /home/neosao-sdabocconicrm/htdocs/sdabocconicrm.neosao.co.in/application/vendor/laravel/framework/src/Illuminate/Pipeline/Pipeline.php(183): Barryvdh\\Debugbar\\Middleware\\InjectDebugbar->handle()
#44 /home/neosao-sdabocconicrm/htdocs/sdabocconicrm.neosao.co.in/application/vendor/laravel/framework/src/Illuminate/Foundation/Http/Middleware/TransformsRequest.php(21): Illuminate\\Pipeline\\Pipeline->Illuminate\\Pipeline\\{closure}()
#45 /home/neosao-sdabocconicrm/htdocs/sdabocconicrm.neosao.co.in/application/vendor/laravel/framework/src/Illuminate/Foundation/Http/Middleware/ConvertEmptyStringsToNull.php(31): Illuminate\\Foundation\\Http\\Middleware\\TransformsRequest->handle()
#46 /home/neosao-sdabocconicrm/htdocs/sdabocconicrm.neosao.co.in/application/vendor/laravel/framework/src/Illuminate/Pipeline/Pipeline.php(183): Illuminate\\Foundation\\Http\\Middleware\\ConvertEmptyStringsToNull->handle()
#47 /home/neosao-sdabocconicrm/htdocs/sdabocconicrm.neosao.co.in/application/vendor/laravel/framework/src/Illuminate/Foundation/Http/Middleware/TransformsRequest.php(21): Illuminate\\Pipeline\\Pipeline->Illuminate\\Pipeline\\{closure}()
#48 /home/neosao-sdabocconicrm/htdocs/sdabocconicrm.neosao.co.in/application/vendor/laravel/framework/src/Illuminate/Foundation/Http/Middleware/TrimStrings.php(51): Illuminate\\Foundation\\Http\\Middleware\\TransformsRequest->handle()
#49 /home/neosao-sdabocconicrm/htdocs/sdabocconicrm.neosao.co.in/application/vendor/laravel/framework/src/Illuminate/Pipeline/Pipeline.php(183): Illuminate\\Foundation\\Http\\Middleware\\TrimStrings->handle()
#50 /home/neosao-sdabocconicrm/htdocs/sdabocconicrm.neosao.co.in/application/vendor/laravel/framework/src/Illuminate/Http/Middleware/ValidatePostSize.php(27): Illuminate\\Pipeline\\Pipeline->Illuminate\\Pipeline\\{closure}()
#51 /home/neosao-sdabocconicrm/htdocs/sdabocconicrm.neosao.co.in/application/vendor/laravel/framework/src/Illuminate/Pipeline/Pipeline.php(183): Illuminate\\Http\\Middleware\\ValidatePostSize->handle()
#52 /home/neosao-sdabocconicrm/htdocs/sdabocconicrm.neosao.co.in/application/vendor/laravel/framework/src/Illuminate/Foundation/Http/Middleware/PreventRequestsDuringMaintenance.php(110): Illuminate\\Pipeline\\Pipeline->Illuminate\\Pipeline\\{closure}()
#53 /home/neosao-sdabocconicrm/htdocs/sdabocconicrm.neosao.co.in/application/vendor/laravel/framework/src/Illuminate/Pipeline/Pipeline.php(183): Illuminate\\Foundation\\Http\\Middleware\\PreventRequestsDuringMaintenance->handle()
#54 /home/neosao-sdabocconicrm/htdocs/sdabocconicrm.neosao.co.in/application/vendor/laravel/framework/src/Illuminate/Pipeline/Pipeline.php(119): Illuminate\\Pipeline\\Pipeline->Illuminate\\Pipeline\\{closure}()
#55 /home/neosao-sdabocconicrm/htdocs/sdabocconicrm.neosao.co.in/application/vendor/laravel/framework/src/Illuminate/Foundation/Http/Kernel.php(175): Illuminate\\Pipeline\\Pipeline->then()
#56 /home/neosao-sdabocconicrm/htdocs/sdabocconicrm.neosao.co.in/application/vendor/laravel/framework/src/Illuminate/Foundation/Http/Kernel.php(144): Illuminate\\Foundation\\Http\\Kernel->sendRequestThroughRouter()
#57 /home/neosao-sdabocconicrm/htdocs/sdabocconicrm.neosao.co.in/index.php(90): Illuminate\\Foundation\\Http\\Kernel->handle()
#58 {main}
"} 
[2025-09-23 19:33:46] local.ERROR: SQLSTATE[HY000] [2002] Connection refused (Connection: mysql, SQL: select * from `sessions` where `id` = 9Fk3E9XhKhnkHAFLIXBWp7EqlvFOj8On4jjh6LuJ limit 1) {"exception":"[object] (Illuminate\\Database\\QueryException(code: 2002): SQLSTATE[HY000] [2002] Connection refused (Connection: mysql, SQL: select * from `sessions` where `id` = 9Fk3E9XhKhnkHAFLIXBWp7EqlvFOj8On4jjh6LuJ limit 1) at /home/neosao-sdabocconicrm/htdocs/sdabocconicrm.neosao.co.in/application/vendor/laravel/framework/src/Illuminate/Database/Connection.php:813)
[stacktrace]
#0 /home/neosao-sdabocconicrm/htdocs/sdabocconicrm.neosao.co.in/application/vendor/laravel/framework/src/Illuminate/Database/Connection.php(967): Illuminate\\Database\\Connection->runQueryCallback()
#1 /home/neosao-sdabocconicrm/htdocs/sdabocconicrm.neosao.co.in/application/vendor/laravel/framework/src/Illuminate/Database/Connection.php(946): Illuminate\\Database\\Connection->tryAgainIfCausedByLostConnection()
#2 /home/neosao-sdabocconicrm/htdocs/sdabocconicrm.neosao.co.in/application/vendor/laravel/framework/src/Illuminate/Database/Connection.php(769): Illuminate\\Database\\Connection->handleQueryException()
#3 /home/neosao-sdabocconicrm/htdocs/sdabocconicrm.neosao.co.in/application/vendor/laravel/framework/src/Illuminate/Database/Connection.php(398): Illuminate\\Database\\Connection->run()
#4 /home/neosao-sdabocconicrm/htdocs/sdabocconicrm.neosao.co.in/application/vendor/laravel/framework/src/Illuminate/Database/Query/Builder.php(2934): Illuminate\\Database\\Connection->select()
#5 /home/neosao-sdabocconicrm/htdocs/sdabocconicrm.neosao.co.in/application/vendor/laravel/framework/src/Illuminate/Database/Query/Builder.php(2919): Illuminate\\Database\\Query\\Builder->runSelect()
#6 /home/neosao-sdabocconicrm/htdocs/sdabocconicrm.neosao.co.in/application/vendor/laravel/framework/src/Illuminate/Database/Query/Builder.php(3507): Illuminate\\Database\\Query\\Builder->Illuminate\\Database\\Query\\{closure}()
#7 /home/neosao-sdabocconicrm/htdocs/sdabocconicrm.neosao.co.in/application/vendor/laravel/framework/src/Illuminate/Database/Query/Builder.php(2918): Illuminate\\Database\\Query\\Builder->onceWithColumns()
#8 /home/neosao-sdabocconicrm/htdocs/sdabocconicrm.neosao.co.in/application/vendor/laravel/framework/src/Illuminate/Database/Concerns/BuildsQueries.php(335): Illuminate\\Database\\Query\\Builder->get()
#9 /home/neosao-sdabocconicrm/htdocs/sdabocconicrm.neosao.co.in/application/vendor/laravel/framework/src/Illuminate/Database/Query/Builder.php(2841): Illuminate\\Database\\Query\\Builder->first()
#10 /home/neosao-sdabocconicrm/htdocs/sdabocconicrm.neosao.co.in/application/vendor/laravel/framework/src/Illuminate/Session/DatabaseSessionHandler.php(97): Illuminate\\Database\\Query\\Builder->find()
#11 /home/neosao-sdabocconicrm/htdocs/sdabocconicrm.neosao.co.in/application/vendor/laravel/framework/src/Illuminate/Session/Store.php(113): Illuminate\\Session\\DatabaseSessionHandler->read()
#12 /home/neosao-sdabocconicrm/htdocs/sdabocconicrm.neosao.co.in/application/vendor/laravel/framework/src/Illuminate/Session/Store.php(101): Illuminate\\Session\\Store->readFromHandler()
#13 /home/neosao-sdabocconicrm/htdocs/sdabocconicrm.neosao.co.in/application/vendor/laravel/framework/src/Illuminate/Session/Store.php(85): Illuminate\\Session\\Store->loadSession()
#14 /home/neosao-sdabocconicrm/htdocs/sdabocconicrm.neosao.co.in/application/vendor/laravel/framework/src/Illuminate/Session/Middleware/StartSession.php(147): Illuminate\\Session\\Store->start()
#15 /home/neosao-sdabocconicrm/htdocs/sdabocconicrm.neosao.co.in/application/vendor/laravel/framework/src/Illuminate/Support/helpers.php(359): Illuminate\\Session\\Middleware\\StartSession->Illuminate\\Session\\Middleware\\{closure}()
#16 /home/neosao-sdabocconicrm/htdocs/sdabocconicrm.neosao.co.in/application/vendor/laravel/framework/src/Illuminate/Session/Middleware/StartSession.php(144): tap()
#17 /home/neosao-sdabocconicrm/htdocs/sdabocconicrm.neosao.co.in/application/vendor/laravel/framework/src/Illuminate/Session/Middleware/StartSession.php(116): Illuminate\\Session\\Middleware\\StartSession->startSession()
#18 /home/neosao-sdabocconicrm/htdocs/sdabocconicrm.neosao.co.in/application/vendor/laravel/framework/src/Illuminate/Session/Middleware/StartSession.php(64): Illuminate\\Session\\Middleware\\StartSession->handleStatefulRequest()
#19 /home/neosao-sdabocconicrm/htdocs/sdabocconicrm.neosao.co.in/application/vendor/laravel/framework/src/Illuminate/Pipeline/Pipeline.php(183): Illuminate\\Session\\Middleware\\StartSession->handle()
#20 /home/neosao-sdabocconicrm/htdocs/sdabocconicrm.neosao.co.in/application/vendor/laravel/framework/src/Illuminate/Cookie/Middleware/AddQueuedCookiesToResponse.php(37): Illuminate\\Pipeline\\Pipeline->Illuminate\\Pipeline\\{closure}()
#21 /home/neosao-sdabocconicrm/htdocs/sdabocconicrm.neosao.co.in/application/vendor/laravel/framework/src/Illuminate/Pipeline/Pipeline.php(183): Illuminate\\Cookie\\Middleware\\AddQueuedCookiesToResponse->handle()
#22 /home/neosao-sdabocconicrm/htdocs/sdabocconicrm.neosao.co.in/application/vendor/laravel/framework/src/Illuminate/Cookie/Middleware/EncryptCookies.php(75): Illuminate\\Pipeline\\Pipeline->Illuminate\\Pipeline\\{closure}()
#23 /home/neosao-sdabocconicrm/htdocs/sdabocconicrm.neosao.co.in/application/vendor/laravel/framework/src/Illuminate/Pipeline/Pipeline.php(183): Illuminate\\Cookie\\Middleware\\EncryptCookies->handle()
#24 /home/neosao-sdabocconicrm/htdocs/sdabocconicrm.neosao.co.in/application/vendor/laravel/framework/src/Illuminate/Pipeline/Pipeline.php(119): Illuminate\\Pipeline\\Pipeline->Illuminate\\Pipeline\\{closure}()
#25 /home/neosao-sdabocconicrm/htdocs/sdabocconicrm.neosao.co.in/application/vendor/laravel/framework/src/Illuminate/Routing/Router.php(805): Illuminate\\Pipeline\\Pipeline->then()
#26 /home/neosao-sdabocconicrm/htdocs/sdabocconicrm.neosao.co.in/application/vendor/laravel/framework/src/Illuminate/Routing/Router.php(784): Illuminate\\Routing\\Router->runRouteWithinStack()
#27 /home/neosao-sdabocconicrm/htdocs/sdabocconicrm.neosao.co.in/application/vendor/laravel/framework/src/Illuminate/Routing/Router.php(748): Illuminate\\Routing\\Router->runRoute()
#28 /home/neosao-sdabocconicrm/htdocs/sdabocconicrm.neosao.co.in/application/vendor/laravel/framework/src/Illuminate/Routing/Router.php(737): Illuminate\\Routing\\Router->dispatchToRoute()
#29 /home/neosao-sdabocconicrm/htdocs/sdabocconicrm.neosao.co.in/application/vendor/laravel/framework/src/Illuminate/Foundation/Http/Kernel.php(200): Illuminate\\Routing\\Router->dispatch()
#30 /home/neosao-sdabocconicrm/htdocs/sdabocconicrm.neosao.co.in/application/vendor/laravel/framework/src/Illuminate/Pipeline/Pipeline.php(144): Illuminate\\Foundation\\Http\\Kernel->Illuminate\\Foundation\\Http\\{closure}()
#31 /home/neosao-sdabocconicrm/htdocs/sdabocconicrm.neosao.co.in/application/vendor/barryvdh/laravel-debugbar/src/Middleware/InjectDebugbar.php(59): Illuminate\\Pipeline\\Pipeline->Illuminate\\Pipeline\\{closure}()
#32 /home/neosao-sdabocconicrm/htdocs/sdabocconicrm.neosao.co.in/application/vendor/laravel/framework/src/Illuminate/Pipeline/Pipeline.php(183): Barryvdh\\Debugbar\\Middleware\\InjectDebugbar->handle()
#33 /home/neosao-sdabocconicrm/htdocs/sdabocconicrm.neosao.co.in/application/vendor/laravel/framework/src/Illuminate/Foundation/Http/Middleware/TransformsRequest.php(21): Illuminate\\Pipeline\\Pipeline->Illuminate\\Pipeline\\{closure}()
#34 /home/neosao-sdabocconicrm/htdocs/sdabocconicrm.neosao.co.in/application/vendor/laravel/framework/src/Illuminate/Foundation/Http/Middleware/ConvertEmptyStringsToNull.php(31): Illuminate\\Foundation\\Http\\Middleware\\TransformsRequest->handle()
#35 /home/neosao-sdabocconicrm/htdocs/sdabocconicrm.neosao.co.in/application/vendor/laravel/framework/src/Illuminate/Pipeline/Pipeline.php(183): Illuminate\\Foundation\\Http\\Middleware\\ConvertEmptyStringsToNull->handle()
#36 /home/neosao-sdabocconicrm/htdocs/sdabocconicrm.neosao.co.in/application/vendor/laravel/framework/src/Illuminate/Foundation/Http/Middleware/TransformsRequest.php(21): Illuminate\\Pipeline\\Pipeline->Illuminate\\Pipeline\\{closure}()
#37 /home/neosao-sdabocconicrm/htdocs/sdabocconicrm.neosao.co.in/application/vendor/laravel/framework/src/Illuminate/Foundation/Http/Middleware/TrimStrings.php(51): Illuminate\\Foundation\\Http\\Middleware\\TransformsRequest->handle()
#38 /home/neosao-sdabocconicrm/htdocs/sdabocconicrm.neosao.co.in/application/vendor/laravel/framework/src/Illuminate/Pipeline/Pipeline.php(183): Illuminate\\Foundation\\Http\\Middleware\\TrimStrings->handle()
#39 /home/neosao-sdabocconicrm/htdocs/sdabocconicrm.neosao.co.in/application/vendor/laravel/framework/src/Illuminate/Http/Middleware/ValidatePostSize.php(27): Illuminate\\Pipeline\\Pipeline->Illuminate\\Pipeline\\{closure}()
#40 /home/neosao-sdabocconicrm/htdocs/sdabocconicrm.neosao.co.in/application/vendor/laravel/framework/src/Illuminate/Pipeline/Pipeline.php(183): Illuminate\\Http\\Middleware\\ValidatePostSize->handle()
#41 /home/neosao-sdabocconicrm/htdocs/sdabocconicrm.neosao.co.in/application/vendor/laravel/framework/src/Illuminate/Foundation/Http/Middleware/PreventRequestsDuringMaintenance.php(110): Illuminate\\Pipeline\\Pipeline->Illuminate\\Pipeline\\{closure}()
#42 /home/neosao-sdabocconicrm/htdocs/sdabocconicrm.neosao.co.in/application/vendor/laravel/framework/src/Illuminate/Pipeline/Pipeline.php(183): Illuminate\\Foundation\\Http\\Middleware\\PreventRequestsDuringMaintenance->handle()
#43 /home/neosao-sdabocconicrm/htdocs/sdabocconicrm.neosao.co.in/application/vendor/laravel/framework/src/Illuminate/Pipeline/Pipeline.php(119): Illuminate\\Pipeline\\Pipeline->Illuminate\\Pipeline\\{closure}()
#44 /home/neosao-sdabocconicrm/htdocs/sdabocconicrm.neosao.co.in/application/vendor/laravel/framework/src/Illuminate/Foundation/Http/Kernel.php(175): Illuminate\\Pipeline\\Pipeline->then()
#45 /home/neosao-sdabocconicrm/htdocs/sdabocconicrm.neosao.co.in/application/vendor/laravel/framework/src/Illuminate/Foundation/Http/Kernel.php(144): Illuminate\\Foundation\\Http\\Kernel->sendRequestThroughRouter()
#46 /home/neosao-sdabocconicrm/htdocs/sdabocconicrm.neosao.co.in/index.php(90): Illuminate\\Foundation\\Http\\Kernel->handle()
#47 {main}

[previous exception] [object] (PDOException(code: 2002): SQLSTATE[HY000] [2002] Connection refused at /home/neosao-sdabocconicrm/htdocs/sdabocconicrm.neosao.co.in/application/vendor/laravel/framework/src/Illuminate/Database/Connectors/Connector.php:65)
[stacktrace]
#0 /home/neosao-sdabocconicrm/htdocs/sdabocconicrm.neosao.co.in/application/vendor/laravel/framework/src/Illuminate/Database/Connectors/Connector.php(65): PDO->__construct()
#1 /home/neosao-sdabocconicrm/htdocs/sdabocconicrm.neosao.co.in/application/vendor/laravel/framework/src/Illuminate/Database/Connectors/Connector.php(83): Illuminate\\Database\\Connectors\\Connector->createPdoConnection()
#2 /home/neosao-sdabocconicrm/htdocs/sdabocconicrm.neosao.co.in/application/vendor/laravel/framework/src/Illuminate/Database/Connectors/Connector.php(48): Illuminate\\Database\\Connectors\\Connector->tryAgainIfCausedByLostConnection()
#3 /home/neosao-sdabocconicrm/htdocs/sdabocconicrm.neosao.co.in/application/vendor/laravel/framework/src/Illuminate/Database/Connectors/MySqlConnector.php(24): Illuminate\\Database\\Connectors\\Connector->createConnection()
#4 /home/neosao-sdabocconicrm/htdocs/sdabocconicrm.neosao.co.in/application/vendor/laravel/framework/src/Illuminate/Database/Connectors/ConnectionFactory.php(185): Illuminate\\Database\\Connectors\\MySqlConnector->connect()
#5 [internal function]: Illuminate\\Database\\Connectors\\ConnectionFactory->Illuminate\\Database\\Connectors\\{closure}()
#6 /home/neosao-sdabocconicrm/htdocs/sdabocconicrm.neosao.co.in/application/vendor/laravel/framework/src/Illuminate/Database/Connection.php(1219): call_user_func()
#7 /home/neosao-sdabocconicrm/htdocs/sdabocconicrm.neosao.co.in/application/vendor/laravel/framework/src/Illuminate/Database/Connection.php(1255): Illuminate\\Database\\Connection->getPdo()
#8 /home/neosao-sdabocconicrm/htdocs/sdabocconicrm.neosao.co.in/application/vendor/laravel/framework/src/Illuminate/Database/Connection.php(512): Illuminate\\Database\\Connection->getReadPdo()
#9 /home/neosao-sdabocconicrm/htdocs/sdabocconicrm.neosao.co.in/application/vendor/laravel/framework/src/Illuminate/Database/Connection.php(407): Illuminate\\Database\\Connection->getPdoForSelect()
#10 /home/neosao-sdabocconicrm/htdocs/sdabocconicrm.neosao.co.in/application/vendor/laravel/framework/src/Illuminate/Database/Connection.php(800): Illuminate\\Database\\Connection->Illuminate\\Database\\{closure}()
#11 /home/neosao-sdabocconicrm/htdocs/sdabocconicrm.neosao.co.in/application/vendor/laravel/framework/src/Illuminate/Database/Connection.php(967): Illuminate\\Database\\Connection->runQueryCallback()
#12 /home/neosao-sdabocconicrm/htdocs/sdabocconicrm.neosao.co.in/application/vendor/laravel/framework/src/Illuminate/Database/Connection.php(946): Illuminate\\Database\\Connection->tryAgainIfCausedByLostConnection()
#13 /home/neosao-sdabocconicrm/htdocs/sdabocconicrm.neosao.co.in/application/vendor/laravel/framework/src/Illuminate/Database/Connection.php(769): Illuminate\\Database\\Connection->handleQueryException()
#14 /home/neosao-sdabocconicrm/htdocs/sdabocconicrm.neosao.co.in/application/vendor/laravel/framework/src/Illuminate/Database/Connection.php(398): Illuminate\\Database\\Connection->run()
#15 /home/neosao-sdabocconicrm/htdocs/sdabocconicrm.neosao.co.in/application/vendor/laravel/framework/src/Illuminate/Database/Query/Builder.php(2934): Illuminate\\Database\\Connection->select()
#16 /home/neosao-sdabocconicrm/htdocs/sdabocconicrm.neosao.co.in/application/vendor/laravel/framework/src/Illuminate/Database/Query/Builder.php(2919): Illuminate\\Database\\Query\\Builder->runSelect()
#17 /home/neosao-sdabocconicrm/htdocs/sdabocconicrm.neosao.co.in/application/vendor/laravel/framework/src/Illuminate/Database/Query/Builder.php(3507): Illuminate\\Database\\Query\\Builder->Illuminate\\Database\\Query\\{closure}()
#18 /home/neosao-sdabocconicrm/htdocs/sdabocconicrm.neosao.co.in/application/vendor/laravel/framework/src/Illuminate/Database/Query/Builder.php(2918): Illuminate\\Database\\Query\\Builder->onceWithColumns()
#19 /home/neosao-sdabocconicrm/htdocs/sdabocconicrm.neosao.co.in/application/vendor/laravel/framework/src/Illuminate/Database/Concerns/BuildsQueries.php(335): Illuminate\\Database\\Query\\Builder->get()
#20 /home/neosao-sdabocconicrm/htdocs/sdabocconicrm.neosao.co.in/application/vendor/laravel/framework/src/Illuminate/Database/Query/Builder.php(2841): Illuminate\\Database\\Query\\Builder->first()
#21 /home/neosao-sdabocconicrm/htdocs/sdabocconicrm.neosao.co.in/application/vendor/laravel/framework/src/Illuminate/Session/DatabaseSessionHandler.php(97): Illuminate\\Database\\Query\\Builder->find()
#22 /home/neosao-sdabocconicrm/htdocs/sdabocconicrm.neosao.co.in/application/vendor/laravel/framework/src/Illuminate/Session/Store.php(113): Illuminate\\Session\\DatabaseSessionHandler->read()
#23 /home/neosao-sdabocconicrm/htdocs/sdabocconicrm.neosao.co.in/application/vendor/laravel/framework/src/Illuminate/Session/Store.php(101): Illuminate\\Session\\Store->readFromHandler()
#24 /home/neosao-sdabocconicrm/htdocs/sdabocconicrm.neosao.co.in/application/vendor/laravel/framework/src/Illuminate/Session/Store.php(85): Illuminate\\Session\\Store->loadSession()
#25 /home/neosao-sdabocconicrm/htdocs/sdabocconicrm.neosao.co.in/application/vendor/laravel/framework/src/Illuminate/Session/Middleware/StartSession.php(147): Illuminate\\Session\\Store->start()
#26 /home/neosao-sdabocconicrm/htdocs/sdabocconicrm.neosao.co.in/application/vendor/laravel/framework/src/Illuminate/Support/helpers.php(359): Illuminate\\Session\\Middleware\\StartSession->Illuminate\\Session\\Middleware\\{closure}()
#27 /home/neosao-sdabocconicrm/htdocs/sdabocconicrm.neosao.co.in/application/vendor/laravel/framework/src/Illuminate/Session/Middleware/StartSession.php(144): tap()
#28 /home/neosao-sdabocconicrm/htdocs/sdabocconicrm.neosao.co.in/application/vendor/laravel/framework/src/Illuminate/Session/Middleware/StartSession.php(116): Illuminate\\Session\\Middleware\\StartSession->startSession()
#29 /home/neosao-sdabocconicrm/htdocs/sdabocconicrm.neosao.co.in/application/vendor/laravel/framework/src/Illuminate/Session/Middleware/StartSession.php(64): Illuminate\\Session\\Middleware\\StartSession->handleStatefulRequest()
#30 /home/neosao-sdabocconicrm/htdocs/sdabocconicrm.neosao.co.in/application/vendor/laravel/framework/src/Illuminate/Pipeline/Pipeline.php(183): Illuminate\\Session\\Middleware\\StartSession->handle()
#31 /home/neosao-sdabocconicrm/htdocs/sdabocconicrm.neosao.co.in/application/vendor/laravel/framework/src/Illuminate/Cookie/Middleware/AddQueuedCookiesToResponse.php(37): Illuminate\\Pipeline\\Pipeline->Illuminate\\Pipeline\\{closure}()
#32 /home/neosao-sdabocconicrm/htdocs/sdabocconicrm.neosao.co.in/application/vendor/laravel/framework/src/Illuminate/Pipeline/Pipeline.php(183): Illuminate\\Cookie\\Middleware\\AddQueuedCookiesToResponse->handle()
#33 /home/neosao-sdabocconicrm/htdocs/sdabocconicrm.neosao.co.in/application/vendor/laravel/framework/src/Illuminate/Cookie/Middleware/EncryptCookies.php(75): Illuminate\\Pipeline\\Pipeline->Illuminate\\Pipeline\\{closure}()
#34 /home/neosao-sdabocconicrm/htdocs/sdabocconicrm.neosao.co.in/application/vendor/laravel/framework/src/Illuminate/Pipeline/Pipeline.php(183): Illuminate\\Cookie\\Middleware\\EncryptCookies->handle()
#35 /home/neosao-sdabocconicrm/htdocs/sdabocconicrm.neosao.co.in/application/vendor/laravel/framework/src/Illuminate/Pipeline/Pipeline.php(119): Illuminate\\Pipeline\\Pipeline->Illuminate\\Pipeline\\{closure}()
#36 /home/neosao-sdabocconicrm/htdocs/sdabocconicrm.neosao.co.in/application/vendor/laravel/framework/src/Illuminate/Routing/Router.php(805): Illuminate\\Pipeline\\Pipeline->then()
#37 /home/neosao-sdabocconicrm/htdocs/sdabocconicrm.neosao.co.in/application/vendor/laravel/framework/src/Illuminate/Routing/Router.php(784): Illuminate\\Routing\\Router->runRouteWithinStack()
#38 /home/neosao-sdabocconicrm/htdocs/sdabocconicrm.neosao.co.in/application/vendor/laravel/framework/src/Illuminate/Routing/Router.php(748): Illuminate\\Routing\\Router->runRoute()
#39 /home/neosao-sdabocconicrm/htdocs/sdabocconicrm.neosao.co.in/application/vendor/laravel/framework/src/Illuminate/Routing/Router.php(737): Illuminate\\Routing\\Router->dispatchToRoute()
#40 /home/neosao-sdabocconicrm/htdocs/sdabocconicrm.neosao.co.in/application/vendor/laravel/framework/src/Illuminate/Foundation/Http/Kernel.php(200): Illuminate\\Routing\\Router->dispatch()
#41 /home/neosao-sdabocconicrm/htdocs/sdabocconicrm.neosao.co.in/application/vendor/laravel/framework/src/Illuminate/Pipeline/Pipeline.php(144): Illuminate\\Foundation\\Http\\Kernel->Illuminate\\Foundation\\Http\\{closure}()
#42 /home/neosao-sdabocconicrm/htdocs/sdabocconicrm.neosao.co.in/application/vendor/barryvdh/laravel-debugbar/src/Middleware/InjectDebugbar.php(59): Illuminate\\Pipeline\\Pipeline->Illuminate\\Pipeline\\{closure}()
#43 /home/neosao-sdabocconicrm/htdocs/sdabocconicrm.neosao.co.in/application/vendor/laravel/framework/src/Illuminate/Pipeline/Pipeline.php(183): Barryvdh\\Debugbar\\Middleware\\InjectDebugbar->handle()
#44 /home/neosao-sdabocconicrm/htdocs/sdabocconicrm.neosao.co.in/application/vendor/laravel/framework/src/Illuminate/Foundation/Http/Middleware/TransformsRequest.php(21): Illuminate\\Pipeline\\Pipeline->Illuminate\\Pipeline\\{closure}()
#45 /home/neosao-sdabocconicrm/htdocs/sdabocconicrm.neosao.co.in/application/vendor/laravel/framework/src/Illuminate/Foundation/Http/Middleware/ConvertEmptyStringsToNull.php(31): Illuminate\\Foundation\\Http\\Middleware\\TransformsRequest->handle()
#46 /home/neosao-sdabocconicrm/htdocs/sdabocconicrm.neosao.co.in/application/vendor/laravel/framework/src/Illuminate/Pipeline/Pipeline.php(183): Illuminate\\Foundation\\Http\\Middleware\\ConvertEmptyStringsToNull->handle()
#47 /home/neosao-sdabocconicrm/htdocs/sdabocconicrm.neosao.co.in/application/vendor/laravel/framework/src/Illuminate/Foundation/Http/Middleware/TransformsRequest.php(21): Illuminate\\Pipeline\\Pipeline->Illuminate\\Pipeline\\{closure}()
#48 /home/neosao-sdabocconicrm/htdocs/sdabocconicrm.neosao.co.in/application/vendor/laravel/framework/src/Illuminate/Foundation/Http/Middleware/TrimStrings.php(51): Illuminate\\Foundation\\Http\\Middleware\\TransformsRequest->handle()
#49 /home/neosao-sdabocconicrm/htdocs/sdabocconicrm.neosao.co.in/application/vendor/laravel/framework/src/Illuminate/Pipeline/Pipeline.php(183): Illuminate\\Foundation\\Http\\Middleware\\TrimStrings->handle()
#50 /home/neosao-sdabocconicrm/htdocs/sdabocconicrm.neosao.co.in/application/vendor/laravel/framework/src/Illuminate/Http/Middleware/ValidatePostSize.php(27): Illuminate\\Pipeline\\Pipeline->Illuminate\\Pipeline\\{closure}()
#51 /home/neosao-sdabocconicrm/htdocs/sdabocconicrm.neosao.co.in/application/vendor/laravel/framework/src/Illuminate/Pipeline/Pipeline.php(183): Illuminate\\Http\\Middleware\\ValidatePostSize->handle()
#52 /home/neosao-sdabocconicrm/htdocs/sdabocconicrm.neosao.co.in/application/vendor/laravel/framework/src/Illuminate/Foundation/Http/Middleware/PreventRequestsDuringMaintenance.php(110): Illuminate\\Pipeline\\Pipeline->Illuminate\\Pipeline\\{closure}()
#53 /home/neosao-sdabocconicrm/htdocs/sdabocconicrm.neosao.co.in/application/vendor/laravel/framework/src/Illuminate/Pipeline/Pipeline.php(183): Illuminate\\Foundation\\Http\\Middleware\\PreventRequestsDuringMaintenance->handle()
#54 /home/neosao-sdabocconicrm/htdocs/sdabocconicrm.neosao.co.in/application/vendor/laravel/framework/src/Illuminate/Pipeline/Pipeline.php(119): Illuminate\\Pipeline\\Pipeline->Illuminate\\Pipeline\\{closure}()
#55 /home/neosao-sdabocconicrm/htdocs/sdabocconicrm.neosao.co.in/application/vendor/laravel/framework/src/Illuminate/Foundation/Http/Kernel.php(175): Illuminate\\Pipeline\\Pipeline->then()
#56 /home/neosao-sdabocconicrm/htdocs/sdabocconicrm.neosao.co.in/application/vendor/laravel/framework/src/Illuminate/Foundation/Http/Kernel.php(144): Illuminate\\Foundation\\Http\\Kernel->sendRequestThroughRouter()
#57 /home/neosao-sdabocconicrm/htdocs/sdabocconicrm.neosao.co.in/index.php(90): Illuminate\\Foundation\\Http\\Kernel->handle()
#58 {main}
"} 
