[2025-11-12 10:28:44] local.INFO: the requested check is invalid {"process":"[permissions][lead]","0":"0832882","function":"check","file":"LeadPermissions.php","line":62,"path":"/home/neosao-sdabocconicrm/htdocs/sdabocconicrm.neosao.co.in/application/app/Permissions/LeadPermissions.php","check":"particiate"} 
[2025-11-12 10:28:54] local.INFO: the requested check is invalid {"process":"[permissions][lead]","0":"4f8c491","function":"check","file":"LeadPermissions.php","line":62,"path":"/home/neosao-sdabocconicrm/htdocs/sdabocconicrm.neosao.co.in/application/app/Permissions/LeadPermissions.php","check":"particiate"} 
[2025-11-12 10:29:08] local.INFO: the requested check is invalid {"process":"[permissions][lead]","0":"df309c6","function":"check","file":"LeadPermissions.php","line":62,"path":"/home/neosao-sdabocconicrm/htdocs/sdabocconicrm.neosao.co.in/application/app/Permissions/LeadPermissions.php","check":"particiate"} 
[2025-11-12 10:29:20] local.ERROR: lead could not be found {"process":"[permissions][leads][destroy]","ref":"96ba436","function":"handle","file":"Show.php","line":69,"path":"/home/neosao-sdabocconicrm/htdocs/sdabocconicrm.neosao.co.in/application/app/Http/Middleware/Leads/Show.php","lead id":"5"} 
[2025-11-12 10:30:02] local.INFO: the requested check is invalid {"process":"[permissions][lead]","0":"42a2a35","function":"check","file":"LeadPermissions.php","line":62,"path":"/home/neosao-sdabocconicrm/htdocs/sdabocconicrm.neosao.co.in/application/app/Permissions/LeadPermissions.php","check":"particiate"} 
[2025-11-12 10:32:25] local.ERROR: project could not be found {"process":"[permissions][projects][destroy]","ref":"2f050e4","function":"handle","file":"Show.php","line":63,"path":"/home/neosao-sdabocconicrm/htdocs/sdabocconicrm.neosao.co.in/application/app/Http/Middleware/Projects/Show.php","project id":"60"} 
[2025-11-12 10:34:09] local.INFO: the requested check is invalid {"process":"[permissions][lead]","0":"438492f","function":"check","file":"LeadPermissions.php","line":62,"path":"/home/neosao-sdabocconicrm/htdocs/sdabocconicrm.neosao.co.in/application/app/Permissions/LeadPermissions.php","check":"particiate"} 
[2025-11-12 10:34:32] local.ERROR: item not found {"process":"[permissions][clients][show]","ref":"3f11f52","function":"handle","file":"Show.php","line":36,"path":"/home/neosao-sdabocconicrm/htdocs/sdabocconicrm.neosao.co.in/application/app/Http/Middleware/Clients/Show.php","client id":"12","user_id":1} 
[2025-11-12 10:40:43] local.INFO: the requested check is invalid {"process":"[permissions][lead]","0":"e78dae8","function":"check","file":"LeadPermissions.php","line":62,"path":"/home/neosao-sdabocconicrm/htdocs/sdabocconicrm.neosao.co.in/application/app/Permissions/LeadPermissions.php","check":"particiate"} 
[2025-11-12 11:09:37] local.INFO: the requested check is invalid {"process":"[permissions][lead]","0":"322a575","function":"check","file":"LeadPermissions.php","line":62,"path":"/home/neosao-sdabocconicrm/htdocs/sdabocconicrm.neosao.co.in/application/app/Permissions/LeadPermissions.php","check":"particiate"} 
[2025-11-12 11:12:21] local.INFO: the requested check is invalid {"process":"[permissions][lead]","0":"1c36a5c","function":"check","file":"LeadPermissions.php","line":62,"path":"/home/neosao-sdabocconicrm/htdocs/sdabocconicrm.neosao.co.in/application/app/Permissions/LeadPermissions.php","check":"particiate"} 
[2025-11-12 11:12:25] local.INFO: the requested check is invalid {"process":"[permissions][lead]","0":"30b700a","function":"check","file":"LeadPermissions.php","line":62,"path":"/home/neosao-sdabocconicrm/htdocs/sdabocconicrm.neosao.co.in/application/app/Permissions/LeadPermissions.php","check":"particiate"} 
[2025-11-12 11:19:14] local.ERROR: Attempt to read property "task_status" on null {"userId":1,"exception":"[object] (ErrorException(code: 0): Attempt to read property \"task_status\" on null at /home/neosao-sdabocconicrm/htdocs/sdabocconicrm.neosao.co.in/application/app/Http/Controllers/Tasks.php:2144)
[stacktrace]
#0 /home/neosao-sdabocconicrm/htdocs/sdabocconicrm.neosao.co.in/application/vendor/laravel/framework/src/Illuminate/Foundation/Bootstrap/HandleExceptions.php(256): Illuminate\\Foundation\\Bootstrap\\HandleExceptions->handleError()
#1 /home/neosao-sdabocconicrm/htdocs/sdabocconicrm.neosao.co.in/application/app/Http/Controllers/Tasks.php(2144): Illuminate\\Foundation\\Bootstrap\\HandleExceptions->Illuminate\\Foundation\\Bootstrap\\{closure}()
#2 /home/neosao-sdabocconicrm/htdocs/sdabocconicrm.neosao.co.in/application/vendor/laravel/framework/src/Illuminate/Routing/Controller.php(54): App\\Http\\Controllers\\Tasks->toggleStatus()
#3 /home/neosao-sdabocconicrm/htdocs/sdabocconicrm.neosao.co.in/application/vendor/laravel/framework/src/Illuminate/Routing/ControllerDispatcher.php(43): Illuminate\\Routing\\Controller->callAction()
#4 /home/neosao-sdabocconicrm/htdocs/sdabocconicrm.neosao.co.in/application/vendor/laravel/framework/src/Illuminate/Routing/Route.php(260): Illuminate\\Routing\\ControllerDispatcher->dispatch()
#5 /home/neosao-sdabocconicrm/htdocs/sdabocconicrm.neosao.co.in/application/vendor/laravel/framework/src/Illuminate/Routing/Route.php(206): Illuminate\\Routing\\Route->runController()
#6 /home/neosao-sdabocconicrm/htdocs/sdabocconicrm.neosao.co.in/application/vendor/laravel/framework/src/Illuminate/Routing/Router.php(806): Illuminate\\Routing\\Route->run()
#7 /home/neosao-sdabocconicrm/htdocs/sdabocconicrm.neosao.co.in/application/vendor/laravel/framework/src/Illuminate/Pipeline/Pipeline.php(144): Illuminate\\Routing\\Router->Illuminate\\Routing\\{closure}()
#8 /home/neosao-sdabocconicrm/htdocs/sdabocconicrm.neosao.co.in/application/app/Http/Middleware/Tasks/Index.php(123): Illuminate\\Pipeline\\Pipeline->Illuminate\\Pipeline\\{closure}()
#9 /home/neosao-sdabocconicrm/htdocs/sdabocconicrm.neosao.co.in/application/vendor/laravel/framework/src/Illuminate/Pipeline/Pipeline.php(183): App\\Http\\Middleware\\Tasks\\Index->handle()
#10 /home/neosao-sdabocconicrm/htdocs/sdabocconicrm.neosao.co.in/application/app/Http/Middleware/Modules/Menus.php(34): Illuminate\\Pipeline\\Pipeline->Illuminate\\Pipeline\\{closure}()
#11 /home/neosao-sdabocconicrm/htdocs/sdabocconicrm.neosao.co.in/application/vendor/laravel/framework/src/Illuminate/Pipeline/Pipeline.php(183): App\\Http\\Middleware\\Modules\\Menus->handle()
#12 /home/neosao-sdabocconicrm/htdocs/sdabocconicrm.neosao.co.in/application/app/Http/Middleware/Modules/Visibility.php(50): Illuminate\\Pipeline\\Pipeline->Illuminate\\Pipeline\\{closure}()
#13 /home/neosao-sdabocconicrm/htdocs/sdabocconicrm.neosao.co.in/application/vendor/laravel/framework/src/Illuminate/Pipeline/Pipeline.php(183): App\\Http\\Middleware\\Modules\\Visibility->handle()
#14 /home/neosao-sdabocconicrm/htdocs/sdabocconicrm.neosao.co.in/application/app/Http/Middleware/Modules/Status.php(54): Illuminate\\Pipeline\\Pipeline->Illuminate\\Pipeline\\{closure}()
#15 /home/neosao-sdabocconicrm/htdocs/sdabocconicrm.neosao.co.in/application/vendor/laravel/framework/src/Illuminate/Pipeline/Pipeline.php(183): App\\Http\\Middleware\\Modules\\Status->handle()
#16 /home/neosao-sdabocconicrm/htdocs/sdabocconicrm.neosao.co.in/application/app/Http/Middleware/General/General.php(103): Illuminate\\Pipeline\\Pipeline->Illuminate\\Pipeline\\{closure}()
#17 /home/neosao-sdabocconicrm/htdocs/sdabocconicrm.neosao.co.in/application/vendor/laravel/framework/src/Illuminate/Pipeline/Pipeline.php(183): App\\Http\\Middleware\\General\\General->handle()
#18 /home/neosao-sdabocconicrm/htdocs/sdabocconicrm.neosao.co.in/application/app/Http/Middleware/General/SanityCheck.php(45): Illuminate\\Pipeline\\Pipeline->Illuminate\\Pipeline\\{closure}()
#19 /home/neosao-sdabocconicrm/htdocs/sdabocconicrm.neosao.co.in/application/vendor/laravel/framework/src/Illuminate/Pipeline/Pipeline.php(183): App\\Http\\Middleware\\General\\SanityCheck->handle()
#20 /home/neosao-sdabocconicrm/htdocs/sdabocconicrm.neosao.co.in/application/app/Http/Middleware/General/Settings.php(60): Illuminate\\Pipeline\\Pipeline->Illuminate\\Pipeline\\{closure}()
#21 /home/neosao-sdabocconicrm/htdocs/sdabocconicrm.neosao.co.in/application/vendor/laravel/framework/src/Illuminate/Pipeline/Pipeline.php(183): App\\Http\\Middleware\\General\\Settings->handle()
#22 /home/neosao-sdabocconicrm/htdocs/sdabocconicrm.neosao.co.in/application/app/Http/Middleware/General/BootMail.php(37): Illuminate\\Pipeline\\Pipeline->Illuminate\\Pipeline\\{closure}()
#23 /home/neosao-sdabocconicrm/htdocs/sdabocconicrm.neosao.co.in/application/vendor/laravel/framework/src/Illuminate/Pipeline/Pipeline.php(183): App\\Http\\Middleware\\General\\BootMail->handle()
#24 /home/neosao-sdabocconicrm/htdocs/sdabocconicrm.neosao.co.in/application/app/Http/Middleware/General/BootTheme.php(28): Illuminate\\Pipeline\\Pipeline->Illuminate\\Pipeline\\{closure}()
#25 /home/neosao-sdabocconicrm/htdocs/sdabocconicrm.neosao.co.in/application/vendor/laravel/framework/src/Illuminate/Pipeline/Pipeline.php(183): App\\Http\\Middleware\\General\\BootTheme->handle()
#26 /home/neosao-sdabocconicrm/htdocs/sdabocconicrm.neosao.co.in/application/app/Http/Middleware/General/BootSystem.php(33): Illuminate\\Pipeline\\Pipeline->Illuminate\\Pipeline\\{closure}()
#27 /home/neosao-sdabocconicrm/htdocs/sdabocconicrm.neosao.co.in/application/vendor/laravel/framework/src/Illuminate/Pipeline/Pipeline.php(183): App\\Http\\Middleware\\General\\BootSystem->handle()
#28 /home/neosao-sdabocconicrm/htdocs/sdabocconicrm.neosao.co.in/application/vendor/laravel/framework/src/Illuminate/Routing/Middleware/SubstituteBindings.php(50): Illuminate\\Pipeline\\Pipeline->Illuminate\\Pipeline\\{closure}()
#29 /home/neosao-sdabocconicrm/htdocs/sdabocconicrm.neosao.co.in/application/vendor/laravel/framework/src/Illuminate/Pipeline/Pipeline.php(183): Illuminate\\Routing\\Middleware\\SubstituteBindings->handle()
#30 /home/neosao-sdabocconicrm/htdocs/sdabocconicrm.neosao.co.in/application/vendor/laravel/framework/src/Illuminate/Auth/Middleware/Authenticate.php(64): Illuminate\\Pipeline\\Pipeline->Illuminate\\Pipeline\\{closure}()
#31 /home/neosao-sdabocconicrm/htdocs/sdabocconicrm.neosao.co.in/application/vendor/laravel/framework/src/Illuminate/Pipeline/Pipeline.php(183): Illuminate\\Auth\\Middleware\\Authenticate->handle()
#32 /home/neosao-sdabocconicrm/htdocs/sdabocconicrm.neosao.co.in/application/vendor/laravel/framework/src/Illuminate/Foundation/Http/Middleware/VerifyCsrfToken.php(88): Illuminate\\Pipeline\\Pipeline->Illuminate\\Pipeline\\{closure}()
#33 /home/neosao-sdabocconicrm/htdocs/sdabocconicrm.neosao.co.in/application/vendor/laravel/framework/src/Illuminate/Pipeline/Pipeline.php(183): Illuminate\\Foundation\\Http\\Middleware\\VerifyCsrfToken->handle()
#34 /home/neosao-sdabocconicrm/htdocs/sdabocconicrm.neosao.co.in/application/vendor/laravel/framework/src/Illuminate/View/Middleware/ShareErrorsFromSession.php(49): Illuminate\\Pipeline\\Pipeline->Illuminate\\Pipeline\\{closure}()
#35 /home/neosao-sdabocconicrm/htdocs/sdabocconicrm.neosao.co.in/application/vendor/laravel/framework/src/Illuminate/Pipeline/Pipeline.php(183): Illuminate\\View\\Middleware\\ShareErrorsFromSession->handle()
#36 /home/neosao-sdabocconicrm/htdocs/sdabocconicrm.neosao.co.in/application/vendor/laravel/framework/src/Illuminate/Session/Middleware/StartSession.php(121): Illuminate\\Pipeline\\Pipeline->Illuminate\\Pipeline\\{closure}()
#37 /home/neosao-sdabocconicrm/htdocs/sdabocconicrm.neosao.co.in/application/vendor/laravel/framework/src/Illuminate/Session/Middleware/StartSession.php(64): Illuminate\\Session\\Middleware\\StartSession->handleStatefulRequest()
#38 /home/neosao-sdabocconicrm/htdocs/sdabocconicrm.neosao.co.in/application/vendor/laravel/framework/src/Illuminate/Pipeline/Pipeline.php(183): Illuminate\\Session\\Middleware\\StartSession->handle()
#39 /home/neosao-sdabocconicrm/htdocs/sdabocconicrm.neosao.co.in/application/vendor/laravel/framework/src/Illuminate/Cookie/Middleware/AddQueuedCookiesToResponse.php(37): Illuminate\\Pipeline\\Pipeline->Illuminate\\Pipeline\\{closure}()
#40 /home/neosao-sdabocconicrm/htdocs/sdabocconicrm.neosao.co.in/application/vendor/laravel/framework/src/Illuminate/Pipeline/Pipeline.php(183): Illuminate\\Cookie\\Middleware\\AddQueuedCookiesToResponse->handle()
#41 /home/neosao-sdabocconicrm/htdocs/sdabocconicrm.neosao.co.in/application/vendor/laravel/framework/src/Illuminate/Cookie/Middleware/EncryptCookies.php(75): Illuminate\\Pipeline\\Pipeline->Illuminate\\Pipeline\\{closure}()
#42 /home/neosao-sdabocconicrm/htdocs/sdabocconicrm.neosao.co.in/application/vendor/laravel/framework/src/Illuminate/Pipeline/Pipeline.php(183): Illuminate\\Cookie\\Middleware\\EncryptCookies->handle()
#43 /home/neosao-sdabocconicrm/htdocs/sdabocconicrm.neosao.co.in/application/vendor/laravel/framework/src/Illuminate/Pipeline/Pipeline.php(119): Illuminate\\Pipeline\\Pipeline->Illuminate\\Pipeline\\{closure}()
#44 /home/neosao-sdabocconicrm/htdocs/sdabocconicrm.neosao.co.in/application/vendor/laravel/framework/src/Illuminate/Routing/Router.php(805): Illuminate\\Pipeline\\Pipeline->then()
#45 /home/neosao-sdabocconicrm/htdocs/sdabocconicrm.neosao.co.in/application/vendor/laravel/framework/src/Illuminate/Routing/Router.php(784): Illuminate\\Routing\\Router->runRouteWithinStack()
#46 /home/neosao-sdabocconicrm/htdocs/sdabocconicrm.neosao.co.in/application/vendor/laravel/framework/src/Illuminate/Routing/Router.php(748): Illuminate\\Routing\\Router->runRoute()
#47 /home/neosao-sdabocconicrm/htdocs/sdabocconicrm.neosao.co.in/application/vendor/laravel/framework/src/Illuminate/Routing/Router.php(737): Illuminate\\Routing\\Router->dispatchToRoute()
#48 /home/neosao-sdabocconicrm/htdocs/sdabocconicrm.neosao.co.in/application/vendor/laravel/framework/src/Illuminate/Foundation/Http/Kernel.php(200): Illuminate\\Routing\\Router->dispatch()
#49 /home/neosao-sdabocconicrm/htdocs/sdabocconicrm.neosao.co.in/application/vendor/laravel/framework/src/Illuminate/Pipeline/Pipeline.php(144): Illuminate\\Foundation\\Http\\Kernel->Illuminate\\Foundation\\Http\\{closure}()
#50 /home/neosao-sdabocconicrm/htdocs/sdabocconicrm.neosao.co.in/application/vendor/barryvdh/laravel-debugbar/src/Middleware/InjectDebugbar.php(59): Illuminate\\Pipeline\\Pipeline->Illuminate\\Pipeline\\{closure}()
#51 /home/neosao-sdabocconicrm/htdocs/sdabocconicrm.neosao.co.in/application/vendor/laravel/framework/src/Illuminate/Pipeline/Pipeline.php(183): Barryvdh\\Debugbar\\Middleware\\InjectDebugbar->handle()
#52 /home/neosao-sdabocconicrm/htdocs/sdabocconicrm.neosao.co.in/application/vendor/laravel/framework/src/Illuminate/Foundation/Http/Middleware/TransformsRequest.php(21): Illuminate\\Pipeline\\Pipeline->Illuminate\\Pipeline\\{closure}()
#53 /home/neosao-sdabocconicrm/htdocs/sdabocconicrm.neosao.co.in/application/vendor/laravel/framework/src/Illuminate/Foundation/Http/Middleware/ConvertEmptyStringsToNull.php(31): Illuminate\\Foundation\\Http\\Middleware\\TransformsRequest->handle()
#54 /home/neosao-sdabocconicrm/htdocs/sdabocconicrm.neosao.co.in/application/vendor/laravel/framework/src/Illuminate/Pipeline/Pipeline.php(183): Illuminate\\Foundation\\Http\\Middleware\\ConvertEmptyStringsToNull->handle()
#55 /home/neosao-sdabocconicrm/htdocs/sdabocconicrm.neosao.co.in/application/vendor/laravel/framework/src/Illuminate/Foundation/Http/Middleware/TransformsRequest.php(21): Illuminate\\Pipeline\\Pipeline->Illuminate\\Pipeline\\{closure}()
#56 /home/neosao-sdabocconicrm/htdocs/sdabocconicrm.neosao.co.in/application/vendor/laravel/framework/src/Illuminate/Foundation/Http/Middleware/TrimStrings.php(51): Illuminate\\Foundation\\Http\\Middleware\\TransformsRequest->handle()
#57 /home/neosao-sdabocconicrm/htdocs/sdabocconicrm.neosao.co.in/application/vendor/laravel/framework/src/Illuminate/Pipeline/Pipeline.php(183): Illuminate\\Foundation\\Http\\Middleware\\TrimStrings->handle()
#58 /home/neosao-sdabocconicrm/htdocs/sdabocconicrm.neosao.co.in/application/vendor/laravel/framework/src/Illuminate/Http/Middleware/ValidatePostSize.php(27): Illuminate\\Pipeline\\Pipeline->Illuminate\\Pipeline\\{closure}()
#59 /home/neosao-sdabocconicrm/htdocs/sdabocconicrm.neosao.co.in/application/vendor/laravel/framework/src/Illuminate/Pipeline/Pipeline.php(183): Illuminate\\Http\\Middleware\\ValidatePostSize->handle()
#60 /home/neosao-sdabocconicrm/htdocs/sdabocconicrm.neosao.co.in/application/vendor/laravel/framework/src/Illuminate/Foundation/Http/Middleware/PreventRequestsDuringMaintenance.php(110): Illuminate\\Pipeline\\Pipeline->Illuminate\\Pipeline\\{closure}()
#61 /home/neosao-sdabocconicrm/htdocs/sdabocconicrm.neosao.co.in/application/vendor/laravel/framework/src/Illuminate/Pipeline/Pipeline.php(183): Illuminate\\Foundation\\Http\\Middleware\\PreventRequestsDuringMaintenance->handle()
#62 /home/neosao-sdabocconicrm/htdocs/sdabocconicrm.neosao.co.in/application/vendor/laravel/framework/src/Illuminate/Pipeline/Pipeline.php(119): Illuminate\\Pipeline\\Pipeline->Illuminate\\Pipeline\\{closure}()
#63 /home/neosao-sdabocconicrm/htdocs/sdabocconicrm.neosao.co.in/application/vendor/laravel/framework/src/Illuminate/Foundation/Http/Kernel.php(175): Illuminate\\Pipeline\\Pipeline->then()
#64 /home/neosao-sdabocconicrm/htdocs/sdabocconicrm.neosao.co.in/application/vendor/laravel/framework/src/Illuminate/Foundation/Http/Kernel.php(144): Illuminate\\Foundation\\Http\\Kernel->sendRequestThroughRouter()
#65 /home/neosao-sdabocconicrm/htdocs/sdabocconicrm.neosao.co.in/index.php(90): Illuminate\\Foundation\\Http\\Kernel->handle()
#66 {main}
"} 
[2025-11-12 11:19:14] local.ERROR: Attempt to read property "count_dependency_cannot_complete" on null {"userId":1,"exception":"[object] (ErrorException(code: 0): Attempt to read property \"count_dependency_cannot_complete\" on null at /home/neosao-sdabocconicrm/htdocs/sdabocconicrm.neosao.co.in/application/app/Http/Controllers/Tasks.php:2105)
[stacktrace]
#0 /home/neosao-sdabocconicrm/htdocs/sdabocconicrm.neosao.co.in/application/vendor/laravel/framework/src/Illuminate/Foundation/Bootstrap/HandleExceptions.php(256): Illuminate\\Foundation\\Bootstrap\\HandleExceptions->handleError()
#1 /home/neosao-sdabocconicrm/htdocs/sdabocconicrm.neosao.co.in/application/app/Http/Controllers/Tasks.php(2105): Illuminate\\Foundation\\Bootstrap\\HandleExceptions->Illuminate\\Foundation\\Bootstrap\\{closure}()
#2 /home/neosao-sdabocconicrm/htdocs/sdabocconicrm.neosao.co.in/application/vendor/laravel/framework/src/Illuminate/Routing/Controller.php(54): App\\Http\\Controllers\\Tasks->toggleStatus()
#3 /home/neosao-sdabocconicrm/htdocs/sdabocconicrm.neosao.co.in/application/vendor/laravel/framework/src/Illuminate/Routing/ControllerDispatcher.php(43): Illuminate\\Routing\\Controller->callAction()
#4 /home/neosao-sdabocconicrm/htdocs/sdabocconicrm.neosao.co.in/application/vendor/laravel/framework/src/Illuminate/Routing/Route.php(260): Illuminate\\Routing\\ControllerDispatcher->dispatch()
#5 /home/neosao-sdabocconicrm/htdocs/sdabocconicrm.neosao.co.in/application/vendor/laravel/framework/src/Illuminate/Routing/Route.php(206): Illuminate\\Routing\\Route->runController()
#6 /home/neosao-sdabocconicrm/htdocs/sdabocconicrm.neosao.co.in/application/vendor/laravel/framework/src/Illuminate/Routing/Router.php(806): Illuminate\\Routing\\Route->run()
#7 /home/neosao-sdabocconicrm/htdocs/sdabocconicrm.neosao.co.in/application/vendor/laravel/framework/src/Illuminate/Pipeline/Pipeline.php(144): Illuminate\\Routing\\Router->Illuminate\\Routing\\{closure}()
#8 /home/neosao-sdabocconicrm/htdocs/sdabocconicrm.neosao.co.in/application/app/Http/Middleware/Tasks/Index.php(123): Illuminate\\Pipeline\\Pipeline->Illuminate\\Pipeline\\{closure}()
#9 /home/neosao-sdabocconicrm/htdocs/sdabocconicrm.neosao.co.in/application/vendor/laravel/framework/src/Illuminate/Pipeline/Pipeline.php(183): App\\Http\\Middleware\\Tasks\\Index->handle()
#10 /home/neosao-sdabocconicrm/htdocs/sdabocconicrm.neosao.co.in/application/app/Http/Middleware/Modules/Menus.php(34): Illuminate\\Pipeline\\Pipeline->Illuminate\\Pipeline\\{closure}()
#11 /home/neosao-sdabocconicrm/htdocs/sdabocconicrm.neosao.co.in/application/vendor/laravel/framework/src/Illuminate/Pipeline/Pipeline.php(183): App\\Http\\Middleware\\Modules\\Menus->handle()
#12 /home/neosao-sdabocconicrm/htdocs/sdabocconicrm.neosao.co.in/application/app/Http/Middleware/Modules/Visibility.php(50): Illuminate\\Pipeline\\Pipeline->Illuminate\\Pipeline\\{closure}()
#13 /home/neosao-sdabocconicrm/htdocs/sdabocconicrm.neosao.co.in/application/vendor/laravel/framework/src/Illuminate/Pipeline/Pipeline.php(183): App\\Http\\Middleware\\Modules\\Visibility->handle()
#14 /home/neosao-sdabocconicrm/htdocs/sdabocconicrm.neosao.co.in/application/app/Http/Middleware/Modules/Status.php(54): Illuminate\\Pipeline\\Pipeline->Illuminate\\Pipeline\\{closure}()
#15 /home/neosao-sdabocconicrm/htdocs/sdabocconicrm.neosao.co.in/application/vendor/laravel/framework/src/Illuminate/Pipeline/Pipeline.php(183): App\\Http\\Middleware\\Modules\\Status->handle()
#16 /home/neosao-sdabocconicrm/htdocs/sdabocconicrm.neosao.co.in/application/app/Http/Middleware/General/General.php(103): Illuminate\\Pipeline\\Pipeline->Illuminate\\Pipeline\\{closure}()
#17 /home/neosao-sdabocconicrm/htdocs/sdabocconicrm.neosao.co.in/application/vendor/laravel/framework/src/Illuminate/Pipeline/Pipeline.php(183): App\\Http\\Middleware\\General\\General->handle()
#18 /home/neosao-sdabocconicrm/htdocs/sdabocconicrm.neosao.co.in/application/app/Http/Middleware/General/SanityCheck.php(45): Illuminate\\Pipeline\\Pipeline->Illuminate\\Pipeline\\{closure}()
#19 /home/neosao-sdabocconicrm/htdocs/sdabocconicrm.neosao.co.in/application/vendor/laravel/framework/src/Illuminate/Pipeline/Pipeline.php(183): App\\Http\\Middleware\\General\\SanityCheck->handle()
#20 /home/neosao-sdabocconicrm/htdocs/sdabocconicrm.neosao.co.in/application/app/Http/Middleware/General/Settings.php(60): Illuminate\\Pipeline\\Pipeline->Illuminate\\Pipeline\\{closure}()
#21 /home/neosao-sdabocconicrm/htdocs/sdabocconicrm.neosao.co.in/application/vendor/laravel/framework/src/Illuminate/Pipeline/Pipeline.php(183): App\\Http\\Middleware\\General\\Settings->handle()
#22 /home/neosao-sdabocconicrm/htdocs/sdabocconicrm.neosao.co.in/application/app/Http/Middleware/General/BootMail.php(37): Illuminate\\Pipeline\\Pipeline->Illuminate\\Pipeline\\{closure}()
#23 /home/neosao-sdabocconicrm/htdocs/sdabocconicrm.neosao.co.in/application/vendor/laravel/framework/src/Illuminate/Pipeline/Pipeline.php(183): App\\Http\\Middleware\\General\\BootMail->handle()
#24 /home/neosao-sdabocconicrm/htdocs/sdabocconicrm.neosao.co.in/application/app/Http/Middleware/General/BootTheme.php(28): Illuminate\\Pipeline\\Pipeline->Illuminate\\Pipeline\\{closure}()
#25 /home/neosao-sdabocconicrm/htdocs/sdabocconicrm.neosao.co.in/application/vendor/laravel/framework/src/Illuminate/Pipeline/Pipeline.php(183): App\\Http\\Middleware\\General\\BootTheme->handle()
#26 /home/neosao-sdabocconicrm/htdocs/sdabocconicrm.neosao.co.in/application/app/Http/Middleware/General/BootSystem.php(33): Illuminate\\Pipeline\\Pipeline->Illuminate\\Pipeline\\{closure}()
#27 /home/neosao-sdabocconicrm/htdocs/sdabocconicrm.neosao.co.in/application/vendor/laravel/framework/src/Illuminate/Pipeline/Pipeline.php(183): App\\Http\\Middleware\\General\\BootSystem->handle()
#28 /home/neosao-sdabocconicrm/htdocs/sdabocconicrm.neosao.co.in/application/vendor/laravel/framework/src/Illuminate/Routing/Middleware/SubstituteBindings.php(50): Illuminate\\Pipeline\\Pipeline->Illuminate\\Pipeline\\{closure}()
#29 /home/neosao-sdabocconicrm/htdocs/sdabocconicrm.neosao.co.in/application/vendor/laravel/framework/src/Illuminate/Pipeline/Pipeline.php(183): Illuminate\\Routing\\Middleware\\SubstituteBindings->handle()
#30 /home/neosao-sdabocconicrm/htdocs/sdabocconicrm.neosao.co.in/application/vendor/laravel/framework/src/Illuminate/Auth/Middleware/Authenticate.php(64): Illuminate\\Pipeline\\Pipeline->Illuminate\\Pipeline\\{closure}()
#31 /home/neosao-sdabocconicrm/htdocs/sdabocconicrm.neosao.co.in/application/vendor/laravel/framework/src/Illuminate/Pipeline/Pipeline.php(183): Illuminate\\Auth\\Middleware\\Authenticate->handle()
#32 /home/neosao-sdabocconicrm/htdocs/sdabocconicrm.neosao.co.in/application/vendor/laravel/framework/src/Illuminate/Foundation/Http/Middleware/VerifyCsrfToken.php(88): Illuminate\\Pipeline\\Pipeline->Illuminate\\Pipeline\\{closure}()
#33 /home/neosao-sdabocconicrm/htdocs/sdabocconicrm.neosao.co.in/application/vendor/laravel/framework/src/Illuminate/Pipeline/Pipeline.php(183): Illuminate\\Foundation\\Http\\Middleware\\VerifyCsrfToken->handle()
#34 /home/neosao-sdabocconicrm/htdocs/sdabocconicrm.neosao.co.in/application/vendor/laravel/framework/src/Illuminate/View/Middleware/ShareErrorsFromSession.php(49): Illuminate\\Pipeline\\Pipeline->Illuminate\\Pipeline\\{closure}()
#35 /home/neosao-sdabocconicrm/htdocs/sdabocconicrm.neosao.co.in/application/vendor/laravel/framework/src/Illuminate/Pipeline/Pipeline.php(183): Illuminate\\View\\Middleware\\ShareErrorsFromSession->handle()
#36 /home/neosao-sdabocconicrm/htdocs/sdabocconicrm.neosao.co.in/application/vendor/laravel/framework/src/Illuminate/Session/Middleware/StartSession.php(121): Illuminate\\Pipeline\\Pipeline->Illuminate\\Pipeline\\{closure}()
#37 /home/neosao-sdabocconicrm/htdocs/sdabocconicrm.neosao.co.in/application/vendor/laravel/framework/src/Illuminate/Session/Middleware/StartSession.php(64): Illuminate\\Session\\Middleware\\StartSession->handleStatefulRequest()
#38 /home/neosao-sdabocconicrm/htdocs/sdabocconicrm.neosao.co.in/application/vendor/laravel/framework/src/Illuminate/Pipeline/Pipeline.php(183): Illuminate\\Session\\Middleware\\StartSession->handle()
#39 /home/neosao-sdabocconicrm/htdocs/sdabocconicrm.neosao.co.in/application/vendor/laravel/framework/src/Illuminate/Cookie/Middleware/AddQueuedCookiesToResponse.php(37): Illuminate\\Pipeline\\Pipeline->Illuminate\\Pipeline\\{closure}()
#40 /home/neosao-sdabocconicrm/htdocs/sdabocconicrm.neosao.co.in/application/vendor/laravel/framework/src/Illuminate/Pipeline/Pipeline.php(183): Illuminate\\Cookie\\Middleware\\AddQueuedCookiesToResponse->handle()
#41 /home/neosao-sdabocconicrm/htdocs/sdabocconicrm.neosao.co.in/application/vendor/laravel/framework/src/Illuminate/Cookie/Middleware/EncryptCookies.php(75): Illuminate\\Pipeline\\Pipeline->Illuminate\\Pipeline\\{closure}()
#42 /home/neosao-sdabocconicrm/htdocs/sdabocconicrm.neosao.co.in/application/vendor/laravel/framework/src/Illuminate/Pipeline/Pipeline.php(183): Illuminate\\Cookie\\Middleware\\EncryptCookies->handle()
#43 /home/neosao-sdabocconicrm/htdocs/sdabocconicrm.neosao.co.in/application/vendor/laravel/framework/src/Illuminate/Pipeline/Pipeline.php(119): Illuminate\\Pipeline\\Pipeline->Illuminate\\Pipeline\\{closure}()
#44 /home/neosao-sdabocconicrm/htdocs/sdabocconicrm.neosao.co.in/application/vendor/laravel/framework/src/Illuminate/Routing/Router.php(805): Illuminate\\Pipeline\\Pipeline->then()
#45 /home/neosao-sdabocconicrm/htdocs/sdabocconicrm.neosao.co.in/application/vendor/laravel/framework/src/Illuminate/Routing/Router.php(784): Illuminate\\Routing\\Router->runRouteWithinStack()
#46 /home/neosao-sdabocconicrm/htdocs/sdabocconicrm.neosao.co.in/application/vendor/laravel/framework/src/Illuminate/Routing/Router.php(748): Illuminate\\Routing\\Router->runRoute()
#47 /home/neosao-sdabocconicrm/htdocs/sdabocconicrm.neosao.co.in/application/vendor/laravel/framework/src/Illuminate/Routing/Router.php(737): Illuminate\\Routing\\Router->dispatchToRoute()
#48 /home/neosao-sdabocconicrm/htdocs/sdabocconicrm.neosao.co.in/application/vendor/laravel/framework/src/Illuminate/Foundation/Http/Kernel.php(200): Illuminate\\Routing\\Router->dispatch()
#49 /home/neosao-sdabocconicrm/htdocs/sdabocconicrm.neosao.co.in/application/vendor/laravel/framework/src/Illuminate/Pipeline/Pipeline.php(144): Illuminate\\Foundation\\Http\\Kernel->Illuminate\\Foundation\\Http\\{closure}()
#50 /home/neosao-sdabocconicrm/htdocs/sdabocconicrm.neosao.co.in/application/vendor/barryvdh/laravel-debugbar/src/Middleware/InjectDebugbar.php(59): Illuminate\\Pipeline\\Pipeline->Illuminate\\Pipeline\\{closure}()
#51 /home/neosao-sdabocconicrm/htdocs/sdabocconicrm.neosao.co.in/application/vendor/laravel/framework/src/Illuminate/Pipeline/Pipeline.php(183): Barryvdh\\Debugbar\\Middleware\\InjectDebugbar->handle()
#52 /home/neosao-sdabocconicrm/htdocs/sdabocconicrm.neosao.co.in/application/vendor/laravel/framework/src/Illuminate/Foundation/Http/Middleware/TransformsRequest.php(21): Illuminate\\Pipeline\\Pipeline->Illuminate\\Pipeline\\{closure}()
#53 /home/neosao-sdabocconicrm/htdocs/sdabocconicrm.neosao.co.in/application/vendor/laravel/framework/src/Illuminate/Foundation/Http/Middleware/ConvertEmptyStringsToNull.php(31): Illuminate\\Foundation\\Http\\Middleware\\TransformsRequest->handle()
#54 /home/neosao-sdabocconicrm/htdocs/sdabocconicrm.neosao.co.in/application/vendor/laravel/framework/src/Illuminate/Pipeline/Pipeline.php(183): Illuminate\\Foundation\\Http\\Middleware\\ConvertEmptyStringsToNull->handle()
#55 /home/neosao-sdabocconicrm/htdocs/sdabocconicrm.neosao.co.in/application/vendor/laravel/framework/src/Illuminate/Foundation/Http/Middleware/TransformsRequest.php(21): Illuminate\\Pipeline\\Pipeline->Illuminate\\Pipeline\\{closure}()
#56 /home/neosao-sdabocconicrm/htdocs/sdabocconicrm.neosao.co.in/application/vendor/laravel/framework/src/Illuminate/Foundation/Http/Middleware/TrimStrings.php(51): Illuminate\\Foundation\\Http\\Middleware\\TransformsRequest->handle()
#57 /home/neosao-sdabocconicrm/htdocs/sdabocconicrm.neosao.co.in/application/vendor/laravel/framework/src/Illuminate/Pipeline/Pipeline.php(183): Illuminate\\Foundation\\Http\\Middleware\\TrimStrings->handle()
#58 /home/neosao-sdabocconicrm/htdocs/sdabocconicrm.neosao.co.in/application/vendor/laravel/framework/src/Illuminate/Http/Middleware/ValidatePostSize.php(27): Illuminate\\Pipeline\\Pipeline->Illuminate\\Pipeline\\{closure}()
#59 /home/neosao-sdabocconicrm/htdocs/sdabocconicrm.neosao.co.in/application/vendor/laravel/framework/src/Illuminate/Pipeline/Pipeline.php(183): Illuminate\\Http\\Middleware\\ValidatePostSize->handle()
#60 /home/neosao-sdabocconicrm/htdocs/sdabocconicrm.neosao.co.in/application/vendor/laravel/framework/src/Illuminate/Foundation/Http/Middleware/PreventRequestsDuringMaintenance.php(110): Illuminate\\Pipeline\\Pipeline->Illuminate\\Pipeline\\{closure}()
#61 /home/neosao-sdabocconicrm/htdocs/sdabocconicrm.neosao.co.in/application/vendor/laravel/framework/src/Illuminate/Pipeline/Pipeline.php(183): Illuminate\\Foundation\\Http\\Middleware\\PreventRequestsDuringMaintenance->handle()
#62 /home/neosao-sdabocconicrm/htdocs/sdabocconicrm.neosao.co.in/application/vendor/laravel/framework/src/Illuminate/Pipeline/Pipeline.php(119): Illuminate\\Pipeline\\Pipeline->Illuminate\\Pipeline\\{closure}()
#63 /home/neosao-sdabocconicrm/htdocs/sdabocconicrm.neosao.co.in/application/vendor/laravel/framework/src/Illuminate/Foundation/Http/Kernel.php(175): Illuminate\\Pipeline\\Pipeline->then()
#64 /home/neosao-sdabocconicrm/htdocs/sdabocconicrm.neosao.co.in/application/vendor/laravel/framework/src/Illuminate/Foundation/Http/Kernel.php(144): Illuminate\\Foundation\\Http\\Kernel->sendRequestThroughRouter()
#65 /home/neosao-sdabocconicrm/htdocs/sdabocconicrm.neosao.co.in/index.php(90): Illuminate\\Foundation\\Http\\Kernel->handle()
#66 {main}
"} 
[2025-11-12 11:19:15] local.ERROR: Attempt to read property "count_dependency_cannot_complete" on null {"userId":1,"exception":"[object] (ErrorException(code: 0): Attempt to read property \"count_dependency_cannot_complete\" on null at /home/neosao-sdabocconicrm/htdocs/sdabocconicrm.neosao.co.in/application/app/Http/Controllers/Tasks.php:2105)
[stacktrace]
#0 /home/neosao-sdabocconicrm/htdocs/sdabocconicrm.neosao.co.in/application/vendor/laravel/framework/src/Illuminate/Foundation/Bootstrap/HandleExceptions.php(256): Illuminate\\Foundation\\Bootstrap\\HandleExceptions->handleError()
#1 /home/neosao-sdabocconicrm/htdocs/sdabocconicrm.neosao.co.in/application/app/Http/Controllers/Tasks.php(2105): Illuminate\\Foundation\\Bootstrap\\HandleExceptions->Illuminate\\Foundation\\Bootstrap\\{closure}()
#2 /home/neosao-sdabocconicrm/htdocs/sdabocconicrm.neosao.co.in/application/vendor/laravel/framework/src/Illuminate/Routing/Controller.php(54): App\\Http\\Controllers\\Tasks->toggleStatus()
#3 /home/neosao-sdabocconicrm/htdocs/sdabocconicrm.neosao.co.in/application/vendor/laravel/framework/src/Illuminate/Routing/ControllerDispatcher.php(43): Illuminate\\Routing\\Controller->callAction()
#4 /home/neosao-sdabocconicrm/htdocs/sdabocconicrm.neosao.co.in/application/vendor/laravel/framework/src/Illuminate/Routing/Route.php(260): Illuminate\\Routing\\ControllerDispatcher->dispatch()
#5 /home/neosao-sdabocconicrm/htdocs/sdabocconicrm.neosao.co.in/application/vendor/laravel/framework/src/Illuminate/Routing/Route.php(206): Illuminate\\Routing\\Route->runController()
#6 /home/neosao-sdabocconicrm/htdocs/sdabocconicrm.neosao.co.in/application/vendor/laravel/framework/src/Illuminate/Routing/Router.php(806): Illuminate\\Routing\\Route->run()
#7 /home/neosao-sdabocconicrm/htdocs/sdabocconicrm.neosao.co.in/application/vendor/laravel/framework/src/Illuminate/Pipeline/Pipeline.php(144): Illuminate\\Routing\\Router->Illuminate\\Routing\\{closure}()
#8 /home/neosao-sdabocconicrm/htdocs/sdabocconicrm.neosao.co.in/application/app/Http/Middleware/Tasks/Index.php(123): Illuminate\\Pipeline\\Pipeline->Illuminate\\Pipeline\\{closure}()
#9 /home/neosao-sdabocconicrm/htdocs/sdabocconicrm.neosao.co.in/application/vendor/laravel/framework/src/Illuminate/Pipeline/Pipeline.php(183): App\\Http\\Middleware\\Tasks\\Index->handle()
#10 /home/neosao-sdabocconicrm/htdocs/sdabocconicrm.neosao.co.in/application/app/Http/Middleware/Modules/Menus.php(34): Illuminate\\Pipeline\\Pipeline->Illuminate\\Pipeline\\{closure}()
#11 /home/neosao-sdabocconicrm/htdocs/sdabocconicrm.neosao.co.in/application/vendor/laravel/framework/src/Illuminate/Pipeline/Pipeline.php(183): App\\Http\\Middleware\\Modules\\Menus->handle()
#12 /home/neosao-sdabocconicrm/htdocs/sdabocconicrm.neosao.co.in/application/app/Http/Middleware/Modules/Visibility.php(50): Illuminate\\Pipeline\\Pipeline->Illuminate\\Pipeline\\{closure}()
#13 /home/neosao-sdabocconicrm/htdocs/sdabocconicrm.neosao.co.in/application/vendor/laravel/framework/src/Illuminate/Pipeline/Pipeline.php(183): App\\Http\\Middleware\\Modules\\Visibility->handle()
#14 /home/neosao-sdabocconicrm/htdocs/sdabocconicrm.neosao.co.in/application/app/Http/Middleware/Modules/Status.php(54): Illuminate\\Pipeline\\Pipeline->Illuminate\\Pipeline\\{closure}()
#15 /home/neosao-sdabocconicrm/htdocs/sdabocconicrm.neosao.co.in/application/vendor/laravel/framework/src/Illuminate/Pipeline/Pipeline.php(183): App\\Http\\Middleware\\Modules\\Status->handle()
#16 /home/neosao-sdabocconicrm/htdocs/sdabocconicrm.neosao.co.in/application/app/Http/Middleware/General/General.php(103): Illuminate\\Pipeline\\Pipeline->Illuminate\\Pipeline\\{closure}()
#17 /home/neosao-sdabocconicrm/htdocs/sdabocconicrm.neosao.co.in/application/vendor/laravel/framework/src/Illuminate/Pipeline/Pipeline.php(183): App\\Http\\Middleware\\General\\General->handle()
#18 /home/neosao-sdabocconicrm/htdocs/sdabocconicrm.neosao.co.in/application/app/Http/Middleware/General/SanityCheck.php(45): Illuminate\\Pipeline\\Pipeline->Illuminate\\Pipeline\\{closure}()
#19 /home/neosao-sdabocconicrm/htdocs/sdabocconicrm.neosao.co.in/application/vendor/laravel/framework/src/Illuminate/Pipeline/Pipeline.php(183): App\\Http\\Middleware\\General\\SanityCheck->handle()
#20 /home/neosao-sdabocconicrm/htdocs/sdabocconicrm.neosao.co.in/application/app/Http/Middleware/General/Settings.php(60): Illuminate\\Pipeline\\Pipeline->Illuminate\\Pipeline\\{closure}()
#21 /home/neosao-sdabocconicrm/htdocs/sdabocconicrm.neosao.co.in/application/vendor/laravel/framework/src/Illuminate/Pipeline/Pipeline.php(183): App\\Http\\Middleware\\General\\Settings->handle()
#22 /home/neosao-sdabocconicrm/htdocs/sdabocconicrm.neosao.co.in/application/app/Http/Middleware/General/BootMail.php(37): Illuminate\\Pipeline\\Pipeline->Illuminate\\Pipeline\\{closure}()
#23 /home/neosao-sdabocconicrm/htdocs/sdabocconicrm.neosao.co.in/application/vendor/laravel/framework/src/Illuminate/Pipeline/Pipeline.php(183): App\\Http\\Middleware\\General\\BootMail->handle()
#24 /home/neosao-sdabocconicrm/htdocs/sdabocconicrm.neosao.co.in/application/app/Http/Middleware/General/BootTheme.php(28): Illuminate\\Pipeline\\Pipeline->Illuminate\\Pipeline\\{closure}()
#25 /home/neosao-sdabocconicrm/htdocs/sdabocconicrm.neosao.co.in/application/vendor/laravel/framework/src/Illuminate/Pipeline/Pipeline.php(183): App\\Http\\Middleware\\General\\BootTheme->handle()
#26 /home/neosao-sdabocconicrm/htdocs/sdabocconicrm.neosao.co.in/application/app/Http/Middleware/General/BootSystem.php(33): Illuminate\\Pipeline\\Pipeline->Illuminate\\Pipeline\\{closure}()
#27 /home/neosao-sdabocconicrm/htdocs/sdabocconicrm.neosao.co.in/application/vendor/laravel/framework/src/Illuminate/Pipeline/Pipeline.php(183): App\\Http\\Middleware\\General\\BootSystem->handle()
#28 /home/neosao-sdabocconicrm/htdocs/sdabocconicrm.neosao.co.in/application/vendor/laravel/framework/src/Illuminate/Routing/Middleware/SubstituteBindings.php(50): Illuminate\\Pipeline\\Pipeline->Illuminate\\Pipeline\\{closure}()
#29 /home/neosao-sdabocconicrm/htdocs/sdabocconicrm.neosao.co.in/application/vendor/laravel/framework/src/Illuminate/Pipeline/Pipeline.php(183): Illuminate\\Routing\\Middleware\\SubstituteBindings->handle()
#30 /home/neosao-sdabocconicrm/htdocs/sdabocconicrm.neosao.co.in/application/vendor/laravel/framework/src/Illuminate/Auth/Middleware/Authenticate.php(64): Illuminate\\Pipeline\\Pipeline->Illuminate\\Pipeline\\{closure}()
#31 /home/neosao-sdabocconicrm/htdocs/sdabocconicrm.neosao.co.in/application/vendor/laravel/framework/src/Illuminate/Pipeline/Pipeline.php(183): Illuminate\\Auth\\Middleware\\Authenticate->handle()
#32 /home/neosao-sdabocconicrm/htdocs/sdabocconicrm.neosao.co.in/application/vendor/laravel/framework/src/Illuminate/Foundation/Http/Middleware/VerifyCsrfToken.php(88): Illuminate\\Pipeline\\Pipeline->Illuminate\\Pipeline\\{closure}()
#33 /home/neosao-sdabocconicrm/htdocs/sdabocconicrm.neosao.co.in/application/vendor/laravel/framework/src/Illuminate/Pipeline/Pipeline.php(183): Illuminate\\Foundation\\Http\\Middleware\\VerifyCsrfToken->handle()
#34 /home/neosao-sdabocconicrm/htdocs/sdabocconicrm.neosao.co.in/application/vendor/laravel/framework/src/Illuminate/View/Middleware/ShareErrorsFromSession.php(49): Illuminate\\Pipeline\\Pipeline->Illuminate\\Pipeline\\{closure}()
#35 /home/neosao-sdabocconicrm/htdocs/sdabocconicrm.neosao.co.in/application/vendor/laravel/framework/src/Illuminate/Pipeline/Pipeline.php(183): Illuminate\\View\\Middleware\\ShareErrorsFromSession->handle()
#36 /home/neosao-sdabocconicrm/htdocs/sdabocconicrm.neosao.co.in/application/vendor/laravel/framework/src/Illuminate/Session/Middleware/StartSession.php(121): Illuminate\\Pipeline\\Pipeline->Illuminate\\Pipeline\\{closure}()
#37 /home/neosao-sdabocconicrm/htdocs/sdabocconicrm.neosao.co.in/application/vendor/laravel/framework/src/Illuminate/Session/Middleware/StartSession.php(64): Illuminate\\Session\\Middleware\\StartSession->handleStatefulRequest()
#38 /home/neosao-sdabocconicrm/htdocs/sdabocconicrm.neosao.co.in/application/vendor/laravel/framework/src/Illuminate/Pipeline/Pipeline.php(183): Illuminate\\Session\\Middleware\\StartSession->handle()
#39 /home/neosao-sdabocconicrm/htdocs/sdabocconicrm.neosao.co.in/application/vendor/laravel/framework/src/Illuminate/Cookie/Middleware/AddQueuedCookiesToResponse.php(37): Illuminate\\Pipeline\\Pipeline->Illuminate\\Pipeline\\{closure}()
#40 /home/neosao-sdabocconicrm/htdocs/sdabocconicrm.neosao.co.in/application/vendor/laravel/framework/src/Illuminate/Pipeline/Pipeline.php(183): Illuminate\\Cookie\\Middleware\\AddQueuedCookiesToResponse->handle()
#41 /home/neosao-sdabocconicrm/htdocs/sdabocconicrm.neosao.co.in/application/vendor/laravel/framework/src/Illuminate/Cookie/Middleware/EncryptCookies.php(75): Illuminate\\Pipeline\\Pipeline->Illuminate\\Pipeline\\{closure}()
#42 /home/neosao-sdabocconicrm/htdocs/sdabocconicrm.neosao.co.in/application/vendor/laravel/framework/src/Illuminate/Pipeline/Pipeline.php(183): Illuminate\\Cookie\\Middleware\\EncryptCookies->handle()
#43 /home/neosao-sdabocconicrm/htdocs/sdabocconicrm.neosao.co.in/application/vendor/laravel/framework/src/Illuminate/Pipeline/Pipeline.php(119): Illuminate\\Pipeline\\Pipeline->Illuminate\\Pipeline\\{closure}()
#44 /home/neosao-sdabocconicrm/htdocs/sdabocconicrm.neosao.co.in/application/vendor/laravel/framework/src/Illuminate/Routing/Router.php(805): Illuminate\\Pipeline\\Pipeline->then()
#45 /home/neosao-sdabocconicrm/htdocs/sdabocconicrm.neosao.co.in/application/vendor/laravel/framework/src/Illuminate/Routing/Router.php(784): Illuminate\\Routing\\Router->runRouteWithinStack()
#46 /home/neosao-sdabocconicrm/htdocs/sdabocconicrm.neosao.co.in/application/vendor/laravel/framework/src/Illuminate/Routing/Router.php(748): Illuminate\\Routing\\Router->runRoute()
#47 /home/neosao-sdabocconicrm/htdocs/sdabocconicrm.neosao.co.in/application/vendor/laravel/framework/src/Illuminate/Routing/Router.php(737): Illuminate\\Routing\\Router->dispatchToRoute()
#48 /home/neosao-sdabocconicrm/htdocs/sdabocconicrm.neosao.co.in/application/vendor/laravel/framework/src/Illuminate/Foundation/Http/Kernel.php(200): Illuminate\\Routing\\Router->dispatch()
#49 /home/neosao-sdabocconicrm/htdocs/sdabocconicrm.neosao.co.in/application/vendor/laravel/framework/src/Illuminate/Pipeline/Pipeline.php(144): Illuminate\\Foundation\\Http\\Kernel->Illuminate\\Foundation\\Http\\{closure}()
#50 /home/neosao-sdabocconicrm/htdocs/sdabocconicrm.neosao.co.in/application/vendor/barryvdh/laravel-debugbar/src/Middleware/InjectDebugbar.php(59): Illuminate\\Pipeline\\Pipeline->Illuminate\\Pipeline\\{closure}()
#51 /home/neosao-sdabocconicrm/htdocs/sdabocconicrm.neosao.co.in/application/vendor/laravel/framework/src/Illuminate/Pipeline/Pipeline.php(183): Barryvdh\\Debugbar\\Middleware\\InjectDebugbar->handle()
#52 /home/neosao-sdabocconicrm/htdocs/sdabocconicrm.neosao.co.in/application/vendor/laravel/framework/src/Illuminate/Foundation/Http/Middleware/TransformsRequest.php(21): Illuminate\\Pipeline\\Pipeline->Illuminate\\Pipeline\\{closure}()
#53 /home/neosao-sdabocconicrm/htdocs/sdabocconicrm.neosao.co.in/application/vendor/laravel/framework/src/Illuminate/Foundation/Http/Middleware/ConvertEmptyStringsToNull.php(31): Illuminate\\Foundation\\Http\\Middleware\\TransformsRequest->handle()
#54 /home/neosao-sdabocconicrm/htdocs/sdabocconicrm.neosao.co.in/application/vendor/laravel/framework/src/Illuminate/Pipeline/Pipeline.php(183): Illuminate\\Foundation\\Http\\Middleware\\ConvertEmptyStringsToNull->handle()
#55 /home/neosao-sdabocconicrm/htdocs/sdabocconicrm.neosao.co.in/application/vendor/laravel/framework/src/Illuminate/Foundation/Http/Middleware/TransformsRequest.php(21): Illuminate\\Pipeline\\Pipeline->Illuminate\\Pipeline\\{closure}()
#56 /home/neosao-sdabocconicrm/htdocs/sdabocconicrm.neosao.co.in/application/vendor/laravel/framework/src/Illuminate/Foundation/Http/Middleware/TrimStrings.php(51): Illuminate\\Foundation\\Http\\Middleware\\TransformsRequest->handle()
#57 /home/neosao-sdabocconicrm/htdocs/sdabocconicrm.neosao.co.in/application/vendor/laravel/framework/src/Illuminate/Pipeline/Pipeline.php(183): Illuminate\\Foundation\\Http\\Middleware\\TrimStrings->handle()
#58 /home/neosao-sdabocconicrm/htdocs/sdabocconicrm.neosao.co.in/application/vendor/laravel/framework/src/Illuminate/Http/Middleware/ValidatePostSize.php(27): Illuminate\\Pipeline\\Pipeline->Illuminate\\Pipeline\\{closure}()
#59 /home/neosao-sdabocconicrm/htdocs/sdabocconicrm.neosao.co.in/application/vendor/laravel/framework/src/Illuminate/Pipeline/Pipeline.php(183): Illuminate\\Http\\Middleware\\ValidatePostSize->handle()
#60 /home/neosao-sdabocconicrm/htdocs/sdabocconicrm.neosao.co.in/application/vendor/laravel/framework/src/Illuminate/Foundation/Http/Middleware/PreventRequestsDuringMaintenance.php(110): Illuminate\\Pipeline\\Pipeline->Illuminate\\Pipeline\\{closure}()
#61 /home/neosao-sdabocconicrm/htdocs/sdabocconicrm.neosao.co.in/application/vendor/laravel/framework/src/Illuminate/Pipeline/Pipeline.php(183): Illuminate\\Foundation\\Http\\Middleware\\PreventRequestsDuringMaintenance->handle()
#62 /home/neosao-sdabocconicrm/htdocs/sdabocconicrm.neosao.co.in/application/vendor/laravel/framework/src/Illuminate/Pipeline/Pipeline.php(119): Illuminate\\Pipeline\\Pipeline->Illuminate\\Pipeline\\{closure}()
#63 /home/neosao-sdabocconicrm/htdocs/sdabocconicrm.neosao.co.in/application/vendor/laravel/framework/src/Illuminate/Foundation/Http/Kernel.php(175): Illuminate\\Pipeline\\Pipeline->then()
#64 /home/neosao-sdabocconicrm/htdocs/sdabocconicrm.neosao.co.in/application/vendor/laravel/framework/src/Illuminate/Foundation/Http/Kernel.php(144): Illuminate\\Foundation\\Http\\Kernel->sendRequestThroughRouter()
#65 /home/neosao-sdabocconicrm/htdocs/sdabocconicrm.neosao.co.in/index.php(90): Illuminate\\Foundation\\Http\\Kernel->handle()
#66 {main}
"} 
[2025-11-12 11:19:16] local.ERROR: Attempt to read property "count_dependency_cannot_complete" on null {"userId":1,"exception":"[object] (ErrorException(code: 0): Attempt to read property \"count_dependency_cannot_complete\" on null at /home/neosao-sdabocconicrm/htdocs/sdabocconicrm.neosao.co.in/application/app/Http/Controllers/Tasks.php:2105)
[stacktrace]
#0 /home/neosao-sdabocconicrm/htdocs/sdabocconicrm.neosao.co.in/application/vendor/laravel/framework/src/Illuminate/Foundation/Bootstrap/HandleExceptions.php(256): Illuminate\\Foundation\\Bootstrap\\HandleExceptions->handleError()
#1 /home/neosao-sdabocconicrm/htdocs/sdabocconicrm.neosao.co.in/application/app/Http/Controllers/Tasks.php(2105): Illuminate\\Foundation\\Bootstrap\\HandleExceptions->Illuminate\\Foundation\\Bootstrap\\{closure}()
#2 /home/neosao-sdabocconicrm/htdocs/sdabocconicrm.neosao.co.in/application/vendor/laravel/framework/src/Illuminate/Routing/Controller.php(54): App\\Http\\Controllers\\Tasks->toggleStatus()
#3 /home/neosao-sdabocconicrm/htdocs/sdabocconicrm.neosao.co.in/application/vendor/laravel/framework/src/Illuminate/Routing/ControllerDispatcher.php(43): Illuminate\\Routing\\Controller->callAction()
#4 /home/neosao-sdabocconicrm/htdocs/sdabocconicrm.neosao.co.in/application/vendor/laravel/framework/src/Illuminate/Routing/Route.php(260): Illuminate\\Routing\\ControllerDispatcher->dispatch()
#5 /home/neosao-sdabocconicrm/htdocs/sdabocconicrm.neosao.co.in/application/vendor/laravel/framework/src/Illuminate/Routing/Route.php(206): Illuminate\\Routing\\Route->runController()
#6 /home/neosao-sdabocconicrm/htdocs/sdabocconicrm.neosao.co.in/application/vendor/laravel/framework/src/Illuminate/Routing/Router.php(806): Illuminate\\Routing\\Route->run()
#7 /home/neosao-sdabocconicrm/htdocs/sdabocconicrm.neosao.co.in/application/vendor/laravel/framework/src/Illuminate/Pipeline/Pipeline.php(144): Illuminate\\Routing\\Router->Illuminate\\Routing\\{closure}()
#8 /home/neosao-sdabocconicrm/htdocs/sdabocconicrm.neosao.co.in/application/app/Http/Middleware/Tasks/Index.php(123): Illuminate\\Pipeline\\Pipeline->Illuminate\\Pipeline\\{closure}()
#9 /home/neosao-sdabocconicrm/htdocs/sdabocconicrm.neosao.co.in/application/vendor/laravel/framework/src/Illuminate/Pipeline/Pipeline.php(183): App\\Http\\Middleware\\Tasks\\Index->handle()
#10 /home/neosao-sdabocconicrm/htdocs/sdabocconicrm.neosao.co.in/application/app/Http/Middleware/Modules/Menus.php(34): Illuminate\\Pipeline\\Pipeline->Illuminate\\Pipeline\\{closure}()
#11 /home/neosao-sdabocconicrm/htdocs/sdabocconicrm.neosao.co.in/application/vendor/laravel/framework/src/Illuminate/Pipeline/Pipeline.php(183): App\\Http\\Middleware\\Modules\\Menus->handle()
#12 /home/neosao-sdabocconicrm/htdocs/sdabocconicrm.neosao.co.in/application/app/Http/Middleware/Modules/Visibility.php(50): Illuminate\\Pipeline\\Pipeline->Illuminate\\Pipeline\\{closure}()
#13 /home/neosao-sdabocconicrm/htdocs/sdabocconicrm.neosao.co.in/application/vendor/laravel/framework/src/Illuminate/Pipeline/Pipeline.php(183): App\\Http\\Middleware\\Modules\\Visibility->handle()
#14 /home/neosao-sdabocconicrm/htdocs/sdabocconicrm.neosao.co.in/application/app/Http/Middleware/Modules/Status.php(54): Illuminate\\Pipeline\\Pipeline->Illuminate\\Pipeline\\{closure}()
#15 /home/neosao-sdabocconicrm/htdocs/sdabocconicrm.neosao.co.in/application/vendor/laravel/framework/src/Illuminate/Pipeline/Pipeline.php(183): App\\Http\\Middleware\\Modules\\Status->handle()
#16 /home/neosao-sdabocconicrm/htdocs/sdabocconicrm.neosao.co.in/application/app/Http/Middleware/General/General.php(103): Illuminate\\Pipeline\\Pipeline->Illuminate\\Pipeline\\{closure}()
#17 /home/neosao-sdabocconicrm/htdocs/sdabocconicrm.neosao.co.in/application/vendor/laravel/framework/src/Illuminate/Pipeline/Pipeline.php(183): App\\Http\\Middleware\\General\\General->handle()
#18 /home/neosao-sdabocconicrm/htdocs/sdabocconicrm.neosao.co.in/application/app/Http/Middleware/General/SanityCheck.php(45): Illuminate\\Pipeline\\Pipeline->Illuminate\\Pipeline\\{closure}()
#19 /home/neosao-sdabocconicrm/htdocs/sdabocconicrm.neosao.co.in/application/vendor/laravel/framework/src/Illuminate/Pipeline/Pipeline.php(183): App\\Http\\Middleware\\General\\SanityCheck->handle()
#20 /home/neosao-sdabocconicrm/htdocs/sdabocconicrm.neosao.co.in/application/app/Http/Middleware/General/Settings.php(60): Illuminate\\Pipeline\\Pipeline->Illuminate\\Pipeline\\{closure}()
#21 /home/neosao-sdabocconicrm/htdocs/sdabocconicrm.neosao.co.in/application/vendor/laravel/framework/src/Illuminate/Pipeline/Pipeline.php(183): App\\Http\\Middleware\\General\\Settings->handle()
#22 /home/neosao-sdabocconicrm/htdocs/sdabocconicrm.neosao.co.in/application/app/Http/Middleware/General/BootMail.php(37): Illuminate\\Pipeline\\Pipeline->Illuminate\\Pipeline\\{closure}()
#23 /home/neosao-sdabocconicrm/htdocs/sdabocconicrm.neosao.co.in/application/vendor/laravel/framework/src/Illuminate/Pipeline/Pipeline.php(183): App\\Http\\Middleware\\General\\BootMail->handle()
#24 /home/neosao-sdabocconicrm/htdocs/sdabocconicrm.neosao.co.in/application/app/Http/Middleware/General/BootTheme.php(28): Illuminate\\Pipeline\\Pipeline->Illuminate\\Pipeline\\{closure}()
#25 /home/neosao-sdabocconicrm/htdocs/sdabocconicrm.neosao.co.in/application/vendor/laravel/framework/src/Illuminate/Pipeline/Pipeline.php(183): App\\Http\\Middleware\\General\\BootTheme->handle()
#26 /home/neosao-sdabocconicrm/htdocs/sdabocconicrm.neosao.co.in/application/app/Http/Middleware/General/BootSystem.php(33): Illuminate\\Pipeline\\Pipeline->Illuminate\\Pipeline\\{closure}()
#27 /home/neosao-sdabocconicrm/htdocs/sdabocconicrm.neosao.co.in/application/vendor/laravel/framework/src/Illuminate/Pipeline/Pipeline.php(183): App\\Http\\Middleware\\General\\BootSystem->handle()
#28 /home/neosao-sdabocconicrm/htdocs/sdabocconicrm.neosao.co.in/application/vendor/laravel/framework/src/Illuminate/Routing/Middleware/SubstituteBindings.php(50): Illuminate\\Pipeline\\Pipeline->Illuminate\\Pipeline\\{closure}()
#29 /home/neosao-sdabocconicrm/htdocs/sdabocconicrm.neosao.co.in/application/vendor/laravel/framework/src/Illuminate/Pipeline/Pipeline.php(183): Illuminate\\Routing\\Middleware\\SubstituteBindings->handle()
#30 /home/neosao-sdabocconicrm/htdocs/sdabocconicrm.neosao.co.in/application/vendor/laravel/framework/src/Illuminate/Auth/Middleware/Authenticate.php(64): Illuminate\\Pipeline\\Pipeline->Illuminate\\Pipeline\\{closure}()
#31 /home/neosao-sdabocconicrm/htdocs/sdabocconicrm.neosao.co.in/application/vendor/laravel/framework/src/Illuminate/Pipeline/Pipeline.php(183): Illuminate\\Auth\\Middleware\\Authenticate->handle()
#32 /home/neosao-sdabocconicrm/htdocs/sdabocconicrm.neosao.co.in/application/vendor/laravel/framework/src/Illuminate/Foundation/Http/Middleware/VerifyCsrfToken.php(88): Illuminate\\Pipeline\\Pipeline->Illuminate\\Pipeline\\{closure}()
#33 /home/neosao-sdabocconicrm/htdocs/sdabocconicrm.neosao.co.in/application/vendor/laravel/framework/src/Illuminate/Pipeline/Pipeline.php(183): Illuminate\\Foundation\\Http\\Middleware\\VerifyCsrfToken->handle()
#34 /home/neosao-sdabocconicrm/htdocs/sdabocconicrm.neosao.co.in/application/vendor/laravel/framework/src/Illuminate/View/Middleware/ShareErrorsFromSession.php(49): Illuminate\\Pipeline\\Pipeline->Illuminate\\Pipeline\\{closure}()
#35 /home/neosao-sdabocconicrm/htdocs/sdabocconicrm.neosao.co.in/application/vendor/laravel/framework/src/Illuminate/Pipeline/Pipeline.php(183): Illuminate\\View\\Middleware\\ShareErrorsFromSession->handle()
#36 /home/neosao-sdabocconicrm/htdocs/sdabocconicrm.neosao.co.in/application/vendor/laravel/framework/src/Illuminate/Session/Middleware/StartSession.php(121): Illuminate\\Pipeline\\Pipeline->Illuminate\\Pipeline\\{closure}()
#37 /home/neosao-sdabocconicrm/htdocs/sdabocconicrm.neosao.co.in/application/vendor/laravel/framework/src/Illuminate/Session/Middleware/StartSession.php(64): Illuminate\\Session\\Middleware\\StartSession->handleStatefulRequest()
#38 /home/neosao-sdabocconicrm/htdocs/sdabocconicrm.neosao.co.in/application/vendor/laravel/framework/src/Illuminate/Pipeline/Pipeline.php(183): Illuminate\\Session\\Middleware\\StartSession->handle()
#39 /home/neosao-sdabocconicrm/htdocs/sdabocconicrm.neosao.co.in/application/vendor/laravel/framework/src/Illuminate/Cookie/Middleware/AddQueuedCookiesToResponse.php(37): Illuminate\\Pipeline\\Pipeline->Illuminate\\Pipeline\\{closure}()
#40 /home/neosao-sdabocconicrm/htdocs/sdabocconicrm.neosao.co.in/application/vendor/laravel/framework/src/Illuminate/Pipeline/Pipeline.php(183): Illuminate\\Cookie\\Middleware\\AddQueuedCookiesToResponse->handle()
#41 /home/neosao-sdabocconicrm/htdocs/sdabocconicrm.neosao.co.in/application/vendor/laravel/framework/src/Illuminate/Cookie/Middleware/EncryptCookies.php(75): Illuminate\\Pipeline\\Pipeline->Illuminate\\Pipeline\\{closure}()
#42 /home/neosao-sdabocconicrm/htdocs/sdabocconicrm.neosao.co.in/application/vendor/laravel/framework/src/Illuminate/Pipeline/Pipeline.php(183): Illuminate\\Cookie\\Middleware\\EncryptCookies->handle()
#43 /home/neosao-sdabocconicrm/htdocs/sdabocconicrm.neosao.co.in/application/vendor/laravel/framework/src/Illuminate/Pipeline/Pipeline.php(119): Illuminate\\Pipeline\\Pipeline->Illuminate\\Pipeline\\{closure}()
#44 /home/neosao-sdabocconicrm/htdocs/sdabocconicrm.neosao.co.in/application/vendor/laravel/framework/src/Illuminate/Routing/Router.php(805): Illuminate\\Pipeline\\Pipeline->then()
#45 /home/neosao-sdabocconicrm/htdocs/sdabocconicrm.neosao.co.in/application/vendor/laravel/framework/src/Illuminate/Routing/Router.php(784): Illuminate\\Routing\\Router->runRouteWithinStack()
#46 /home/neosao-sdabocconicrm/htdocs/sdabocconicrm.neosao.co.in/application/vendor/laravel/framework/src/Illuminate/Routing/Router.php(748): Illuminate\\Routing\\Router->runRoute()
#47 /home/neosao-sdabocconicrm/htdocs/sdabocconicrm.neosao.co.in/application/vendor/laravel/framework/src/Illuminate/Routing/Router.php(737): Illuminate\\Routing\\Router->dispatchToRoute()
#48 /home/neosao-sdabocconicrm/htdocs/sdabocconicrm.neosao.co.in/application/vendor/laravel/framework/src/Illuminate/Foundation/Http/Kernel.php(200): Illuminate\\Routing\\Router->dispatch()
#49 /home/neosao-sdabocconicrm/htdocs/sdabocconicrm.neosao.co.in/application/vendor/laravel/framework/src/Illuminate/Pipeline/Pipeline.php(144): Illuminate\\Foundation\\Http\\Kernel->Illuminate\\Foundation\\Http\\{closure}()
#50 /home/neosao-sdabocconicrm/htdocs/sdabocconicrm.neosao.co.in/application/vendor/barryvdh/laravel-debugbar/src/Middleware/InjectDebugbar.php(59): Illuminate\\Pipeline\\Pipeline->Illuminate\\Pipeline\\{closure}()
#51 /home/neosao-sdabocconicrm/htdocs/sdabocconicrm.neosao.co.in/application/vendor/laravel/framework/src/Illuminate/Pipeline/Pipeline.php(183): Barryvdh\\Debugbar\\Middleware\\InjectDebugbar->handle()
#52 /home/neosao-sdabocconicrm/htdocs/sdabocconicrm.neosao.co.in/application/vendor/laravel/framework/src/Illuminate/Foundation/Http/Middleware/TransformsRequest.php(21): Illuminate\\Pipeline\\Pipeline->Illuminate\\Pipeline\\{closure}()
#53 /home/neosao-sdabocconicrm/htdocs/sdabocconicrm.neosao.co.in/application/vendor/laravel/framework/src/Illuminate/Foundation/Http/Middleware/ConvertEmptyStringsToNull.php(31): Illuminate\\Foundation\\Http\\Middleware\\TransformsRequest->handle()
#54 /home/neosao-sdabocconicrm/htdocs/sdabocconicrm.neosao.co.in/application/vendor/laravel/framework/src/Illuminate/Pipeline/Pipeline.php(183): Illuminate\\Foundation\\Http\\Middleware\\ConvertEmptyStringsToNull->handle()
#55 /home/neosao-sdabocconicrm/htdocs/sdabocconicrm.neosao.co.in/application/vendor/laravel/framework/src/Illuminate/Foundation/Http/Middleware/TransformsRequest.php(21): Illuminate\\Pipeline\\Pipeline->Illuminate\\Pipeline\\{closure}()
#56 /home/neosao-sdabocconicrm/htdocs/sdabocconicrm.neosao.co.in/application/vendor/laravel/framework/src/Illuminate/Foundation/Http/Middleware/TrimStrings.php(51): Illuminate\\Foundation\\Http\\Middleware\\TransformsRequest->handle()
#57 /home/neosao-sdabocconicrm/htdocs/sdabocconicrm.neosao.co.in/application/vendor/laravel/framework/src/Illuminate/Pipeline/Pipeline.php(183): Illuminate\\Foundation\\Http\\Middleware\\TrimStrings->handle()
#58 /home/neosao-sdabocconicrm/htdocs/sdabocconicrm.neosao.co.in/application/vendor/laravel/framework/src/Illuminate/Http/Middleware/ValidatePostSize.php(27): Illuminate\\Pipeline\\Pipeline->Illuminate\\Pipeline\\{closure}()
#59 /home/neosao-sdabocconicrm/htdocs/sdabocconicrm.neosao.co.in/application/vendor/laravel/framework/src/Illuminate/Pipeline/Pipeline.php(183): Illuminate\\Http\\Middleware\\ValidatePostSize->handle()
#60 /home/neosao-sdabocconicrm/htdocs/sdabocconicrm.neosao.co.in/application/vendor/laravel/framework/src/Illuminate/Foundation/Http/Middleware/PreventRequestsDuringMaintenance.php(110): Illuminate\\Pipeline\\Pipeline->Illuminate\\Pipeline\\{closure}()
#61 /home/neosao-sdabocconicrm/htdocs/sdabocconicrm.neosao.co.in/application/vendor/laravel/framework/src/Illuminate/Pipeline/Pipeline.php(183): Illuminate\\Foundation\\Http\\Middleware\\PreventRequestsDuringMaintenance->handle()
#62 /home/neosao-sdabocconicrm/htdocs/sdabocconicrm.neosao.co.in/application/vendor/laravel/framework/src/Illuminate/Pipeline/Pipeline.php(119): Illuminate\\Pipeline\\Pipeline->Illuminate\\Pipeline\\{closure}()
#63 /home/neosao-sdabocconicrm/htdocs/sdabocconicrm.neosao.co.in/application/vendor/laravel/framework/src/Illuminate/Foundation/Http/Kernel.php(175): Illuminate\\Pipeline\\Pipeline->then()
#64 /home/neosao-sdabocconicrm/htdocs/sdabocconicrm.neosao.co.in/application/vendor/laravel/framework/src/Illuminate/Foundation/Http/Kernel.php(144): Illuminate\\Foundation\\Http\\Kernel->sendRequestThroughRouter()
#65 /home/neosao-sdabocconicrm/htdocs/sdabocconicrm.neosao.co.in/index.php(90): Illuminate\\Foundation\\Http\\Kernel->handle()
#66 {main}
"} 
[2025-11-12 11:26:44] local.ERROR: permission denied {"process":"[permissions][clients][index]","ref":"42c9f78","function":"handle","file":"Index.php","line":49,"path":"/home/neosao-sdabocconicrm/htdocs/sdabocconicrm.neosao.co.in/application/app/Http/Middleware/Clients/Index.php","user_id":9} 
[2025-11-12 11:26:58] local.INFO: fetching calendar entries of type [project] - started {"process":"[calender-get-events]","0":"41c0e79","function":"projectEvents","file":"CalendarRepository.php","line":139,"path":"/home/neosao-sdabocconicrm/htdocs/sdabocconicrm.neosao.co.in/application/app/Repositories/CalendarRepository.php","id":""} 
[2025-11-12 11:26:58] local.INFO: fetching calendar entries of type [project] - finished - records found (1) {"process":"[calender-get-events]","0":"41c0e79","function":"projectEvents","file":"CalendarRepository.php","line":291,"path":"/home/neosao-sdabocconicrm/htdocs/sdabocconicrm.neosao.co.in/application/app/Repositories/CalendarRepository.php","events":[{"id":"69141ed308e4e171080874","title":"Website","start":"2025-11-30","end":"2025-11-30","backgroundColor":"#20AEE3","borderColor":"#20AEE3","textColor":"#ffffff","className":"event-type-project","extendedProps":{"start_date":"2025-11-01","end_date":"2025-11-30","start_time":"","end_time":"","all_day":"yes","all_day_editable":"no","resource_type":"project","resource_id":62,"sharing":"selected-users","location":null,"files":[],"users":[],"reminder":"no","reminder_duration":null,"reminder_period":null}}]} 
[2025-11-12 11:26:58] local.INFO: fetching calendar entries of type [task] - started {"process":"[calender-get-events]","0":"41c0e79","function":"taskEvents","file":"CalendarRepository.php","line":303,"path":"/home/neosao-sdabocconicrm/htdocs/sdabocconicrm.neosao.co.in/application/app/Repositories/CalendarRepository.php","id":""} 
[2025-11-12 11:26:58] local.INFO: fetching calendar entries of type [task] - finished - records found (1) {"process":"[calender-get-events]","0":"41c0e79","function":"taskEvents","file":"CalendarRepository.php","line":455,"path":"/home/neosao-sdabocconicrm/htdocs/sdabocconicrm.neosao.co.in/application/app/Repositories/CalendarRepository.php","events":[{"id":"69141f629980f619226430","title":"Home Page","start":null,"end":null,"backgroundColor":"#6772E5","borderColor":"#6772E5","textColor":"#ffffff","className":"event-type-task","extendedProps":{"start_date":null,"end_date":null,"start_time":"","end_time":"","all_day":"yes","all_day_editable":"no","resource_type":"task","resource_id":21,"sharing":"selected-users","location":null,"files":[],"users":[],"reminder":"no","reminder_duration":null,"reminder_period":null}}]} 
[2025-11-12 11:26:58] local.INFO: fetching calendar entries of type [event] - started {"process":"[calender-get-events]","0":"41c0e79","function":"calendarEvents","file":"CalendarRepository.php","line":467,"path":"/home/neosao-sdabocconicrm/htdocs/sdabocconicrm.neosao.co.in/application/app/Repositories/CalendarRepository.php","id":""} 
[2025-11-12 11:26:58] local.INFO: fetching calendar entries of type [event] - finished - records found (0) {"process":"[calender-get-events]","0":"41c0e79","function":"calendarEvents","file":"CalendarRepository.php","line":634,"path":"/home/neosao-sdabocconicrm/htdocs/sdabocconicrm.neosao.co.in/application/app/Repositories/CalendarRepository.php","events":[]} 
[2025-11-12 11:26:58] local.INFO: calendar entries have been processed {"process":"[calender-get-events]","0":"41c0e79","function":"getEvents","file":"CalendarRepository.php","line":80,"path":"/home/neosao-sdabocconicrm/htdocs/sdabocconicrm.neosao.co.in/application/app/Repositories/CalendarRepository.php","events":[{"id":"69141ed308e4e171080874","title":"Website","start":"2025-11-30","end":"2025-11-30","backgroundColor":"#20AEE3","borderColor":"#20AEE3","textColor":"#ffffff","className":"event-type-project","extendedProps":{"start_date":"2025-11-01","end_date":"2025-11-30","start_time":"","end_time":"","all_day":"yes","all_day_editable":"no","resource_type":"project","resource_id":62,"sharing":"selected-users","location":null,"files":[],"users":[],"reminder":"no","reminder_duration":null,"reminder_period":null}},{"id":"69141f629980f619226430","title":"Home Page","start":null,"end":null,"backgroundColor":"#6772E5","borderColor":"#6772E5","textColor":"#ffffff","className":"event-type-task","extendedProps":{"start_date":null,"end_date":null,"start_time":"","end_time":"","all_day":"yes","all_day_editable":"no","resource_type":"task","resource_id":21,"sharing":"selected-users","location":null,"files":[],"users":[],"reminder":"no","reminder_duration":null,"reminder_period":null}}]} 
[2025-11-12 11:28:28] local.INFO: fetching calendar entries of type [project] - started {"process":"[calender-get-events]","0":"cc39d23","function":"projectEvents","file":"CalendarRepository.php","line":139,"path":"/home/neosao-sdabocconicrm/htdocs/sdabocconicrm.neosao.co.in/application/app/Repositories/CalendarRepository.php","id":""} 
[2025-11-12 11:28:28] local.INFO: fetching calendar entries of type [project] - finished - records found (1) {"process":"[calender-get-events]","0":"cc39d23","function":"projectEvents","file":"CalendarRepository.php","line":291,"path":"/home/neosao-sdabocconicrm/htdocs/sdabocconicrm.neosao.co.in/application/app/Repositories/CalendarRepository.php","events":[{"id":"69141ed308e4e171080874","title":"Website","start":"2025-11-30","end":"2025-11-30","backgroundColor":"#20AEE3","borderColor":"#20AEE3","textColor":"#ffffff","className":"event-type-project","extendedProps":{"start_date":"2025-11-01","end_date":"2025-11-30","start_time":"","end_time":"","all_day":"yes","all_day_editable":"no","resource_type":"project","resource_id":62,"sharing":"selected-users","location":null,"files":[],"users":[],"reminder":"no","reminder_duration":null,"reminder_period":null}}]} 
[2025-11-12 11:28:28] local.INFO: fetching calendar entries of type [task] - started {"process":"[calender-get-events]","0":"cc39d23","function":"taskEvents","file":"CalendarRepository.php","line":303,"path":"/home/neosao-sdabocconicrm/htdocs/sdabocconicrm.neosao.co.in/application/app/Repositories/CalendarRepository.php","id":""} 
[2025-11-12 11:28:28] local.INFO: fetching calendar entries of type [task] - finished - records found (1) {"process":"[calender-get-events]","0":"cc39d23","function":"taskEvents","file":"CalendarRepository.php","line":455,"path":"/home/neosao-sdabocconicrm/htdocs/sdabocconicrm.neosao.co.in/application/app/Repositories/CalendarRepository.php","events":[{"id":"69141f629980f619226430","title":"Home Page","start":null,"end":null,"backgroundColor":"#6772E5","borderColor":"#6772E5","textColor":"#ffffff","className":"event-type-task","extendedProps":{"start_date":null,"end_date":null,"start_time":"","end_time":"","all_day":"yes","all_day_editable":"no","resource_type":"task","resource_id":21,"sharing":"selected-users","location":null,"files":[],"users":[],"reminder":"no","reminder_duration":null,"reminder_period":null}}]} 
[2025-11-12 11:28:28] local.INFO: fetching calendar entries of type [event] - started {"process":"[calender-get-events]","0":"cc39d23","function":"calendarEvents","file":"CalendarRepository.php","line":467,"path":"/home/neosao-sdabocconicrm/htdocs/sdabocconicrm.neosao.co.in/application/app/Repositories/CalendarRepository.php","id":""} 
[2025-11-12 11:28:28] local.INFO: fetching calendar entries of type [event] - finished - records found (0) {"process":"[calender-get-events]","0":"cc39d23","function":"calendarEvents","file":"CalendarRepository.php","line":634,"path":"/home/neosao-sdabocconicrm/htdocs/sdabocconicrm.neosao.co.in/application/app/Repositories/CalendarRepository.php","events":[]} 
[2025-11-12 11:28:28] local.INFO: calendar entries have been processed {"process":"[calender-get-events]","0":"cc39d23","function":"getEvents","file":"CalendarRepository.php","line":80,"path":"/home/neosao-sdabocconicrm/htdocs/sdabocconicrm.neosao.co.in/application/app/Repositories/CalendarRepository.php","events":[{"id":"69141ed308e4e171080874","title":"Website","start":"2025-11-30","end":"2025-11-30","backgroundColor":"#20AEE3","borderColor":"#20AEE3","textColor":"#ffffff","className":"event-type-project","extendedProps":{"start_date":"2025-11-01","end_date":"2025-11-30","start_time":"","end_time":"","all_day":"yes","all_day_editable":"no","resource_type":"project","resource_id":62,"sharing":"selected-users","location":null,"files":[],"users":[],"reminder":"no","reminder_duration":null,"reminder_period":null}},{"id":"69141f629980f619226430","title":"Home Page","start":null,"end":null,"backgroundColor":"#6772E5","borderColor":"#6772E5","textColor":"#ffffff","className":"event-type-task","extendedProps":{"start_date":null,"end_date":null,"start_time":"","end_time":"","all_day":"yes","all_day_editable":"no","resource_type":"task","resource_id":21,"sharing":"selected-users","location":null,"files":[],"users":[],"reminder":"no","reminder_duration":null,"reminder_period":null}}]} 
[2025-11-12 11:47:34] local.INFO: the requested check is invalid {"process":"[permissions][lead]","0":"1419d0c","function":"check","file":"LeadPermissions.php","line":62,"path":"/home/neosao-sdabocconicrm/htdocs/sdabocconicrm.neosao.co.in/application/app/Permissions/LeadPermissions.php","check":"particiate"} 
[2025-11-12 11:48:39] local.INFO: the requested check is invalid {"process":"[permissions][lead]","0":"0843eff","function":"check","file":"LeadPermissions.php","line":62,"path":"/home/neosao-sdabocconicrm/htdocs/sdabocconicrm.neosao.co.in/application/app/Permissions/LeadPermissions.php","check":"particiate"} 
[2025-11-12 11:49:02] local.INFO: the requested check is invalid {"process":"[permissions][lead]","0":"4734d51","function":"check","file":"LeadPermissions.php","line":62,"path":"/home/neosao-sdabocconicrm/htdocs/sdabocconicrm.neosao.co.in/application/app/Permissions/LeadPermissions.php","check":"particiate"} 
[2025-11-12 11:49:03] local.INFO: the requested check is invalid {"process":"[permissions][lead]","0":"245945c","function":"check","file":"LeadPermissions.php","line":62,"path":"/home/neosao-sdabocconicrm/htdocs/sdabocconicrm.neosao.co.in/application/app/Permissions/LeadPermissions.php","check":"particiate"} 
[2025-11-12 11:49:04] local.INFO: the requested check is invalid {"process":"[permissions][lead]","0":"7c237f3","function":"check","file":"LeadPermissions.php","line":62,"path":"/home/neosao-sdabocconicrm/htdocs/sdabocconicrm.neosao.co.in/application/app/Permissions/LeadPermissions.php","check":"particiate"} 
[2025-11-12 11:49:06] local.INFO: the requested check is invalid {"process":"[permissions][lead]","0":"6a79323","function":"check","file":"LeadPermissions.php","line":62,"path":"/home/neosao-sdabocconicrm/htdocs/sdabocconicrm.neosao.co.in/application/app/Permissions/LeadPermissions.php","check":"particiate"} 
[2025-11-12 11:50:21] local.INFO: the requested check is invalid {"process":"[permissions][lead]","0":"6cef1c9","function":"check","file":"LeadPermissions.php","line":62,"path":"/home/neosao-sdabocconicrm/htdocs/sdabocconicrm.neosao.co.in/application/app/Permissions/LeadPermissions.php","check":"particiate"} 
[2025-11-12 11:59:54] local.INFO: fetching calendar entries of type [project] - started {"process":"[calender-get-events]","0":"21ace3d","function":"projectEvents","file":"CalendarRepository.php","line":139,"path":"/home/neosao-sdabocconicrm/htdocs/sdabocconicrm.neosao.co.in/application/app/Repositories/CalendarRepository.php","id":""} 
[2025-11-12 11:59:54] local.INFO: fetching calendar entries of type [project] - finished - records found (2) {"process":"[calender-get-events]","0":"21ace3d","function":"projectEvents","file":"CalendarRepository.php","line":291,"path":"/home/neosao-sdabocconicrm/htdocs/sdabocconicrm.neosao.co.in/application/app/Repositories/CalendarRepository.php","events":[{"id":"691415a52a65d583218061","title":"Sample Project","start":null,"end":null,"backgroundColor":"#20AEE3","borderColor":"#20AEE3","textColor":"#ffffff","className":"event-type-project","extendedProps":{"start_date":"2025-11-12","end_date":null,"start_time":"","end_time":"","all_day":"yes","all_day_editable":"no","resource_type":"project","resource_id":61,"sharing":"selected-users","location":null,"files":[],"users":[],"reminder":"no","reminder_duration":null,"reminder_period":null}},{"id":"69141ed308e4e171080874","title":"Website","start":"2025-11-30","end":"2025-11-30","backgroundColor":"#20AEE3","borderColor":"#20AEE3","textColor":"#ffffff","className":"event-type-project","extendedProps":{"start_date":"2025-11-01","end_date":"2025-11-30","start_time":"","end_time":"","all_day":"yes","all_day_editable":"no","resource_type":"project","resource_id":62,"sharing":"selected-users","location":null,"files":[],"users":[],"reminder":"no","reminder_duration":null,"reminder_period":null}}]} 
[2025-11-12 11:59:54] local.INFO: fetching calendar entries of type [task] - started {"process":"[calender-get-events]","0":"21ace3d","function":"taskEvents","file":"CalendarRepository.php","line":303,"path":"/home/neosao-sdabocconicrm/htdocs/sdabocconicrm.neosao.co.in/application/app/Repositories/CalendarRepository.php","id":""} 
[2025-11-12 11:59:54] local.INFO: fetching calendar entries of type [task] - finished - records found (3) {"process":"[calender-get-events]","0":"21ace3d","function":"taskEvents","file":"CalendarRepository.php","line":455,"path":"/home/neosao-sdabocconicrm/htdocs/sdabocconicrm.neosao.co.in/application/app/Repositories/CalendarRepository.php","events":[{"id":"691415e39d23a662536050","title":"sample Task","start":null,"end":null,"backgroundColor":"#6772E5","borderColor":"#6772E5","textColor":"#ffffff","className":"event-type-task","extendedProps":{"start_date":null,"end_date":null,"start_time":"","end_time":"","all_day":"yes","all_day_editable":"no","resource_type":"task","resource_id":20,"sharing":"selected-users","location":null,"files":[],"users":[],"reminder":"no","reminder_duration":null,"reminder_period":null}},{"id":"69141f629980f619226430","title":"Home Page","start":null,"end":null,"backgroundColor":"#6772E5","borderColor":"#6772E5","textColor":"#ffffff","className":"event-type-task","extendedProps":{"start_date":null,"end_date":null,"start_time":"","end_time":"","all_day":"yes","all_day_editable":"no","resource_type":"task","resource_id":21,"sharing":"selected-users","location":null,"files":[],"users":[],"reminder":"no","reminder_duration":null,"reminder_period":null}},{"id":"691428efa500e729809020","title":"cointact Page","start":null,"end":null,"backgroundColor":"#6772E5","borderColor":"#6772E5","textColor":"#ffffff","className":"event-type-task","extendedProps":{"start_date":null,"end_date":null,"start_time":"","end_time":"","all_day":"yes","all_day_editable":"no","resource_type":"task","resource_id":23,"sharing":"selected-users","location":null,"files":[],"users":[],"reminder":"no","reminder_duration":null,"reminder_period":null}}]} 
[2025-11-12 11:59:54] local.INFO: fetching calendar entries of type [event] - started {"process":"[calender-get-events]","0":"21ace3d","function":"calendarEvents","file":"CalendarRepository.php","line":467,"path":"/home/neosao-sdabocconicrm/htdocs/sdabocconicrm.neosao.co.in/application/app/Repositories/CalendarRepository.php","id":""} 
[2025-11-12 11:59:54] local.INFO: fetching calendar entries of type [event] - finished - records found (4) {"process":"[calender-get-events]","0":"21ace3d","function":"calendarEvents","file":"CalendarRepository.php","line":634,"path":"/home/neosao-sdabocconicrm/htdocs/sdabocconicrm.neosao.co.in/application/app/Repositories/CalendarRepository.php","events":[{"id":"6745cb66de403341230643","title":"Meeting with xyz client","start":"2024-11-26","end":"2024-11-26","backgroundColor":"#24D2B5","borderColor":"#24D2B5","textColor":"#ffffff","className":"event-type-event","extendedProps":{"start_date":"2024-11-26","end_date":"2024-11-26","start_time":"00:00:00","end_time":"00:00:00","all_day":"yes","all_day_editable":"yes","resource_type":"calendarevent","resource_id":1,"sharing":"myself","location":"Virtual","files":[],"users":[],"reminder":"no","reminder_duration":null,"reminder_period":null}},{"id":"6745cbaa3525d422324496","title":"Meeting with abc client","start":"2024-11-26","end":"2024-11-26","backgroundColor":"#24D2B5","borderColor":"#24D2B5","textColor":"#ffffff","className":"event-type-event","extendedProps":{"start_date":"2024-11-26","end_date":"2024-11-26","start_time":"00:00:00","end_time":"00:00:00","all_day":"yes","all_day_editable":"yes","resource_type":"calendarevent","resource_id":2,"sharing":"myself","location":"Virtual","files":[],"users":[],"reminder":"no","reminder_duration":null,"reminder_period":null}},{"id":"67f61998982c3918451072","title":"Blue marlin followup for remaining payment","start":"2025-04-10","end":"2025-04-10","backgroundColor":"#24D2B5","borderColor":"#24D2B5","textColor":"#ffffff","className":"event-type-event","extendedProps":{"start_date":"2025-04-10","end_date":"2025-04-10","start_time":"00:00:00","end_time":"00:00:00","all_day":"yes","all_day_editable":"yes","resource_type":"calendarevent","resource_id":4,"sharing":"myself","location":"Kolhapur","files":[],"users":[],"reminder":"yes","reminder_duration":1,"reminder_period":"days"}},{"id":"68cd566abcd89090123998","title":"sample Event","start":"2025-09-21","end":"2025-09-21","backgroundColor":"#24D2B5","borderColor":"#24D2B5","textColor":"#ffffff","className":"event-type-event","extendedProps":{"start_date":"2025-09-19","end_date":"2025-09-21","start_time":"00:00:00","end_time":"00:00:00","all_day":"yes","all_day_editable":"yes","resource_type":"calendarevent","resource_id":5,"sharing":"myself","location":null,"files":[],"users":[],"reminder":"no","reminder_duration":null,"reminder_period":null}}]} 
[2025-11-12 11:59:54] local.INFO: calendar entries have been processed {"process":"[calender-get-events]","0":"21ace3d","function":"getEvents","file":"CalendarRepository.php","line":80,"path":"/home/neosao-sdabocconicrm/htdocs/sdabocconicrm.neosao.co.in/application/app/Repositories/CalendarRepository.php","events":[{"id":"691415a52a65d583218061","title":"Sample Project","start":null,"end":null,"backgroundColor":"#20AEE3","borderColor":"#20AEE3","textColor":"#ffffff","className":"event-type-project","extendedProps":{"start_date":"2025-11-12","end_date":null,"start_time":"","end_time":"","all_day":"yes","all_day_editable":"no","resource_type":"project","resource_id":61,"sharing":"selected-users","location":null,"files":[],"users":[],"reminder":"no","reminder_duration":null,"reminder_period":null}},{"id":"69141ed308e4e171080874","title":"Website","start":"2025-11-30","end":"2025-11-30","backgroundColor":"#20AEE3","borderColor":"#20AEE3","textColor":"#ffffff","className":"event-type-project","extendedProps":{"start_date":"2025-11-01","end_date":"2025-11-30","start_time":"","end_time":"","all_day":"yes","all_day_editable":"no","resource_type":"project","resource_id":62,"sharing":"selected-users","location":null,"files":[],"users":[],"reminder":"no","reminder_duration":null,"reminder_period":null}},{"id":"691415e39d23a662536050","title":"sample Task","start":null,"end":null,"backgroundColor":"#6772E5","borderColor":"#6772E5","textColor":"#ffffff","className":"event-type-task","extendedProps":{"start_date":null,"end_date":null,"start_time":"","end_time":"","all_day":"yes","all_day_editable":"no","resource_type":"task","resource_id":20,"sharing":"selected-users","location":null,"files":[],"users":[],"reminder":"no","reminder_duration":null,"reminder_period":null}},{"id":"69141f629980f619226430","title":"Home Page","start":null,"end":null,"backgroundColor":"#6772E5","borderColor":"#6772E5","textColor":"#ffffff","className":"event-type-task","extendedProps":{"start_date":null,"end_date":null,"start_time":"","end_time":"","all_day":"yes","all_day_editable":"no","resource_type":"task","resource_id":21,"sharing":"selected-users","location":null,"files":[],"users":[],"reminder":"no","reminder_duration":null,"reminder_period":null}},{"id":"691428efa500e729809020","title":"cointact Page","start":null,"end":null,"backgroundColor":"#6772E5","borderColor":"#6772E5","textColor":"#ffffff","className":"event-type-task","extendedProps":{"start_date":null,"end_date":null,"start_time":"","end_time":"","all_day":"yes","all_day_editable":"no","resource_type":"task","resource_id":23,"sharing":"selected-users","location":null,"files":[],"users":[],"reminder":"no","reminder_duration":null,"reminder_period":null}},{"id":"6745cb66de403341230643","title":"Meeting with xyz client","start":"2024-11-26","end":"2024-11-26","backgroundColor":"#24D2B5","borderColor":"#24D2B5","textColor":"#ffffff","className":"event-type-event","extendedProps":{"start_date":"2024-11-26","end_date":"2024-11-26","start_time":"00:00:00","end_time":"00:00:00","all_day":"yes","all_day_editable":"yes","resource_type":"calendarevent","resource_id":1,"sharing":"myself","location":"Virtual","files":[],"users":[],"reminder":"no","reminder_duration":null,"reminder_period":null}},{"id":"6745cbaa3525d422324496","title":"Meeting with abc client","start":"2024-11-26","end":"2024-11-26","backgroundColor":"#24D2B5","borderColor":"#24D2B5","textColor":"#ffffff","className":"event-type-event","extendedProps":{"start_date":"2024-11-26","end_date":"2024-11-26","start_time":"00:00:00","end_time":"00:00:00","all_day":"yes","all_day_editable":"yes","resource_type":"calendarevent","resource_id":2,"sharing":"myself","location":"Virtual","files":[],"users":[],"reminder":"no","reminder_duration":null,"reminder_period":null}},{"id":"67f61998982c3918451072","title":"Blue marlin followup for remaining payment","start":"2025-04-10","end":"2025-04-10","backgroundColor":"#24D2B5","borderColor":"#24D2B5","textColor":"#ffffff","className":"event-type-event","extendedProps":{"start_date":"2025-04-10","end_date":"2025-04-10","start_time":"00:00:00","end_time":"00:00:00","all_day":"yes","all_day_editable":"yes","resource_type":"calendarevent","resource_id":4,"sharing":"myself","location":"Kolhapur","files":[],"users":[],"reminder":"yes","reminder_duration":1,"reminder_period":"days"}},{"id":"68cd566abcd89090123998","title":"sample Event","start":"2025-09-21","end":"2025-09-21","backgroundColor":"#24D2B5","borderColor":"#24D2B5","textColor":"#ffffff","className":"event-type-event","extendedProps":{"start_date":"2025-09-19","end_date":"2025-09-21","start_time":"00:00:00","end_time":"00:00:00","all_day":"yes","all_day_editable":"yes","resource_type":"calendarevent","resource_id":5,"sharing":"myself","location":null,"files":[],"users":[],"reminder":"no","reminder_duration":null,"reminder_period":null}}]} 
[2025-11-12 12:01:51] local.INFO: the requested check is invalid {"process":"[permissions][lead]","0":"5f52241","function":"check","file":"LeadPermissions.php","line":62,"path":"/home/neosao-sdabocconicrm/htdocs/sdabocconicrm.neosao.co.in/application/app/Permissions/LeadPermissions.php","check":"particiate"} 
